{"timestamp":"2026-03-31T21:33:16.282533Z","level":"info","event":"Filling up the DagBag from /opt/airflow/dags/set_up_database/snowflake_setup_dag.py","logger":"airflow.models.dagbag.BundleDagBag","filename":"dagbag.py","lineno":593}
{"timestamp":"2026-03-31T21:33:16.419688Z","level":"warning","event":"The `airflow.decorators.dag` attribute is deprecated. Please use `'airflow.sdk.dag'`.","category":"DeprecatedImportWarning","filename":"/opt/airflow/dags/set_up_database/snowflake_setup_dag.py","lineno":4,"logger":"py.warnings"}
{"timestamp":"2026-03-31T21:33:16.419973Z","level":"warning","event":"The `airflow.decorators.task` attribute is deprecated. Please use `'airflow.sdk.task'`.","category":"DeprecatedImportWarning","filename":"/opt/airflow/dags/set_up_database/snowflake_setup_dag.py","lineno":4,"logger":"py.warnings"}
{"timestamp":"2026-03-31T21:33:16.420101Z","level":"warning","event":"The `airflow.models.param.Param` attribute is deprecated. Please use `'airflow.sdk.Param'`.","category":"DeprecatedImportWarning","filename":"/opt/airflow/dags/set_up_database/snowflake_setup_dag.py","lineno":6,"logger":"py.warnings"}
{"timestamp":"2026-03-31T21:35:29.020618Z","level":"info","event":"Filling up the DagBag from /opt/airflow/dags/set_up_database/snowflake_setup_dag.py","logger":"airflow.models.dagbag.BundleDagBag","filename":"dagbag.py","lineno":593}
{"timestamp":"2026-03-31T21:35:29.172489Z","level":"warning","event":"The `airflow.decorators.dag` attribute is deprecated. Please use `'airflow.sdk.dag'`.","category":"DeprecatedImportWarning","filename":"/opt/airflow/dags/set_up_database/snowflake_setup_dag.py","lineno":4,"logger":"py.warnings"}
{"timestamp":"2026-03-31T21:35:29.172704Z","level":"warning","event":"The `airflow.decorators.task` attribute is deprecated. Please use `'airflow.sdk.task'`.","category":"DeprecatedImportWarning","filename":"/opt/airflow/dags/set_up_database/snowflake_setup_dag.py","lineno":4,"logger":"py.warnings"}
{"timestamp":"2026-03-31T21:35:29.172818Z","level":"warning","event":"The `airflow.models.param.Param` attribute is deprecated. Please use `'airflow.sdk.Param'`.","category":"DeprecatedImportWarning","filename":"/opt/airflow/dags/set_up_database/snowflake_setup_dag.py","lineno":6,"logger":"py.warnings"}
{"timestamp":"2026-03-31T21:35:59.878157Z","level":"info","event":"Filling up the DagBag from /opt/airflow/dags/set_up_database/snowflake_setup_dag.py","logger":"airflow.models.dagbag.BundleDagBag","filename":"dagbag.py","lineno":593}
{"timestamp":"2026-03-31T21:35:59.974710Z","level":"warning","event":"The `airflow.decorators.dag` attribute is deprecated. Please use `'airflow.sdk.dag'`.","category":"DeprecatedImportWarning","filename":"/opt/airflow/dags/set_up_database/snowflake_setup_dag.py","lineno":4,"logger":"py.warnings"}
{"timestamp":"2026-03-31T21:35:59.974957Z","level":"warning","event":"The `airflow.decorators.task` attribute is deprecated. Please use `'airflow.sdk.task'`.","category":"DeprecatedImportWarning","filename":"/opt/airflow/dags/set_up_database/snowflake_setup_dag.py","lineno":4,"logger":"py.warnings"}
{"timestamp":"2026-03-31T21:35:59.975076Z","level":"warning","event":"The `airflow.models.param.Param` attribute is deprecated. Please use `'airflow.sdk.Param'`.","category":"DeprecatedImportWarning","filename":"/opt/airflow/dags/set_up_database/snowflake_setup_dag.py","lineno":6,"logger":"py.warnings"}
{"timestamp":"2026-03-31T21:36:30.504367Z","level":"info","event":"Filling up the DagBag from /opt/airflow/dags/set_up_database/snowflake_setup_dag.py","logger":"airflow.models.dagbag.BundleDagBag","filename":"dagbag.py","lineno":593}
{"timestamp":"2026-03-31T21:36:30.580348Z","level":"warning","event":"The `airflow.decorators.dag` attribute is deprecated. Please use `'airflow.sdk.dag'`.","category":"DeprecatedImportWarning","filename":"/opt/airflow/dags/set_up_database/snowflake_setup_dag.py","lineno":4,"logger":"py.warnings"}
{"timestamp":"2026-03-31T21:36:30.580566Z","level":"warning","event":"The `airflow.decorators.task` attribute is deprecated. Please use `'airflow.sdk.task'`.","category":"DeprecatedImportWarning","filename":"/opt/airflow/dags/set_up_database/snowflake_setup_dag.py","lineno":4,"logger":"py.warnings"}
{"timestamp":"2026-03-31T21:36:30.580776Z","level":"warning","event":"The `airflow.models.param.Param` attribute is deprecated. Please use `'airflow.sdk.Param'`.","category":"DeprecatedImportWarning","filename":"/opt/airflow/dags/set_up_database/snowflake_setup_dag.py","lineno":6,"logger":"py.warnings"}
{"timestamp":"2026-03-31T21:37:01.117309Z","level":"info","event":"Filling up the DagBag from /opt/airflow/dags/set_up_database/snowflake_setup_dag.py","logger":"airflow.models.dagbag.BundleDagBag","filename":"dagbag.py","lineno":593}
{"timestamp":"2026-03-31T21:37:01.216753Z","level":"warning","event":"The `airflow.decorators.dag` attribute is deprecated. Please use `'airflow.sdk.dag'`.","category":"DeprecatedImportWarning","filename":"/opt/airflow/dags/set_up_database/snowflake_setup_dag.py","lineno":4,"logger":"py.warnings"}
{"timestamp":"2026-03-31T21:37:01.216957Z","level":"warning","event":"The `airflow.decorators.task` attribute is deprecated. Please use `'airflow.sdk.task'`.","category":"DeprecatedImportWarning","filename":"/opt/airflow/dags/set_up_database/snowflake_setup_dag.py","lineno":4,"logger":"py.warnings"}
{"timestamp":"2026-03-31T21:37:01.217065Z","level":"warning","event":"The `airflow.models.param.Param` attribute is deprecated. Please use `'airflow.sdk.Param'`.","category":"DeprecatedImportWarning","filename":"/opt/airflow/dags/set_up_database/snowflake_setup_dag.py","lineno":6,"logger":"py.warnings"}
{"timestamp":"2026-03-31T21:37:31.949275Z","level":"info","event":"Filling up the DagBag from /opt/airflow/dags/set_up_database/snowflake_setup_dag.py","logger":"airflow.models.dagbag.BundleDagBag","filename":"dagbag.py","lineno":593}
{"timestamp":"2026-03-31T21:37:32.032114Z","level":"warning","event":"The `airflow.decorators.dag` attribute is deprecated. Please use `'airflow.sdk.dag'`.","category":"DeprecatedImportWarning","filename":"/opt/airflow/dags/set_up_database/snowflake_setup_dag.py","lineno":4,"logger":"py.warnings"}
{"timestamp":"2026-03-31T21:37:32.032368Z","level":"warning","event":"The `airflow.decorators.task` attribute is deprecated. Please use `'airflow.sdk.task'`.","category":"DeprecatedImportWarning","filename":"/opt/airflow/dags/set_up_database/snowflake_setup_dag.py","lineno":4,"logger":"py.warnings"}
{"timestamp":"2026-03-31T21:37:32.032490Z","level":"warning","event":"The `airflow.models.param.Param` attribute is deprecated. Please use `'airflow.sdk.Param'`.","category":"DeprecatedImportWarning","filename":"/opt/airflow/dags/set_up_database/snowflake_setup_dag.py","lineno":6,"logger":"py.warnings"}
{"timestamp":"2026-03-31T21:38:02.783905Z","level":"info","event":"Filling up the DagBag from /opt/airflow/dags/set_up_database/snowflake_setup_dag.py","logger":"airflow.models.dagbag.BundleDagBag","filename":"dagbag.py","lineno":593}
{"timestamp":"2026-03-31T21:38:02.869376Z","level":"warning","event":"The `airflow.decorators.dag` attribute is deprecated. Please use `'airflow.sdk.dag'`.","category":"DeprecatedImportWarning","filename":"/opt/airflow/dags/set_up_database/snowflake_setup_dag.py","lineno":4,"logger":"py.warnings"}
{"timestamp":"2026-03-31T21:38:02.869926Z","level":"warning","event":"The `airflow.decorators.task` attribute is deprecated. Please use `'airflow.sdk.task'`.","category":"DeprecatedImportWarning","filename":"/opt/airflow/dags/set_up_database/snowflake_setup_dag.py","lineno":4,"logger":"py.warnings"}
{"timestamp":"2026-03-31T21:38:02.870069Z","level":"warning","event":"The `airflow.models.param.Param` attribute is deprecated. Please use `'airflow.sdk.Param'`.","category":"DeprecatedImportWarning","filename":"/opt/airflow/dags/set_up_database/snowflake_setup_dag.py","lineno":6,"logger":"py.warnings"}
{"timestamp":"2026-03-31T21:38:33.463930Z","level":"info","event":"Filling up the DagBag from /opt/airflow/dags/set_up_database/snowflake_setup_dag.py","logger":"airflow.models.dagbag.BundleDagBag","filename":"dagbag.py","lineno":593}
{"timestamp":"2026-03-31T21:38:33.571554Z","level":"warning","event":"The `airflow.decorators.dag` attribute is deprecated. Please use `'airflow.sdk.dag'`.","category":"DeprecatedImportWarning","filename":"/opt/airflow/dags/set_up_database/snowflake_setup_dag.py","lineno":4,"logger":"py.warnings"}
{"timestamp":"2026-03-31T21:38:33.572150Z","level":"warning","event":"The `airflow.decorators.task` attribute is deprecated. Please use `'airflow.sdk.task'`.","category":"DeprecatedImportWarning","filename":"/opt/airflow/dags/set_up_database/snowflake_setup_dag.py","lineno":4,"logger":"py.warnings"}
{"timestamp":"2026-03-31T21:38:33.574083Z","level":"warning","event":"The `airflow.models.param.Param` attribute is deprecated. Please use `'airflow.sdk.Param'`.","category":"DeprecatedImportWarning","filename":"/opt/airflow/dags/set_up_database/snowflake_setup_dag.py","lineno":6,"logger":"py.warnings"}
{"timestamp":"2026-03-31T21:39:04.261615Z","level":"info","event":"Filling up the DagBag from /opt/airflow/dags/set_up_database/snowflake_setup_dag.py","logger":"airflow.models.dagbag.BundleDagBag","filename":"dagbag.py","lineno":593}
{"timestamp":"2026-03-31T21:39:04.392690Z","level":"warning","event":"The `airflow.decorators.dag` attribute is deprecated. Please use `'airflow.sdk.dag'`.","category":"DeprecatedImportWarning","filename":"/opt/airflow/dags/set_up_database/snowflake_setup_dag.py","lineno":4,"logger":"py.warnings"}
{"timestamp":"2026-03-31T21:39:04.392886Z","level":"warning","event":"The `airflow.decorators.task` attribute is deprecated. Please use `'airflow.sdk.task'`.","category":"DeprecatedImportWarning","filename":"/opt/airflow/dags/set_up_database/snowflake_setup_dag.py","lineno":4,"logger":"py.warnings"}
{"timestamp":"2026-03-31T21:39:04.393000Z","level":"warning","event":"The `airflow.models.param.Param` attribute is deprecated. Please use `'airflow.sdk.Param'`.","category":"DeprecatedImportWarning","filename":"/opt/airflow/dags/set_up_database/snowflake_setup_dag.py","lineno":6,"logger":"py.warnings"}
{"timestamp":"2026-03-31T21:39:35.160188Z","level":"info","event":"Filling up the DagBag from /opt/airflow/dags/set_up_database/snowflake_setup_dag.py","logger":"airflow.models.dagbag.BundleDagBag","filename":"dagbag.py","lineno":593}
{"timestamp":"2026-03-31T21:39:35.244504Z","level":"warning","event":"The `airflow.decorators.dag` attribute is deprecated. Please use `'airflow.sdk.dag'`.","category":"DeprecatedImportWarning","filename":"/opt/airflow/dags/set_up_database/snowflake_setup_dag.py","lineno":4,"logger":"py.warnings"}
{"timestamp":"2026-03-31T21:39:35.244768Z","level":"warning","event":"The `airflow.decorators.task` attribute is deprecated. Please use `'airflow.sdk.task'`.","category":"DeprecatedImportWarning","filename":"/opt/airflow/dags/set_up_database/snowflake_setup_dag.py","lineno":4,"logger":"py.warnings"}
{"timestamp":"2026-03-31T21:39:35.244887Z","level":"warning","event":"The `airflow.models.param.Param` attribute is deprecated. Please use `'airflow.sdk.Param'`.","category":"DeprecatedImportWarning","filename":"/opt/airflow/dags/set_up_database/snowflake_setup_dag.py","lineno":6,"logger":"py.warnings"}
{"timestamp":"2026-03-31T21:42:26.007190Z","level":"info","event":"Filling up the DagBag from /opt/airflow/dags/set_up_database/snowflake_setup_dag.py","logger":"airflow.models.dagbag.BundleDagBag","filename":"dagbag.py","lineno":593}
{"timestamp":"2026-03-31T21:42:26.140343Z","level":"warning","event":"The `airflow.decorators.dag` attribute is deprecated. Please use `'airflow.sdk.dag'`.","category":"DeprecatedImportWarning","filename":"/opt/airflow/dags/set_up_database/snowflake_setup_dag.py","lineno":4,"logger":"py.warnings"}
{"timestamp":"2026-03-31T21:42:26.140593Z","level":"warning","event":"The `airflow.decorators.task` attribute is deprecated. Please use `'airflow.sdk.task'`.","category":"DeprecatedImportWarning","filename":"/opt/airflow/dags/set_up_database/snowflake_setup_dag.py","lineno":4,"logger":"py.warnings"}
{"timestamp":"2026-03-31T21:42:26.140745Z","level":"warning","event":"The `airflow.models.param.Param` attribute is deprecated. Please use `'airflow.sdk.Param'`.","category":"DeprecatedImportWarning","filename":"/opt/airflow/dags/set_up_database/snowflake_setup_dag.py","lineno":6,"logger":"py.warnings"}
{"timestamp":"2026-03-31T21:42:56.840366Z","level":"info","event":"Filling up the DagBag from /opt/airflow/dags/set_up_database/snowflake_setup_dag.py","logger":"airflow.models.dagbag.BundleDagBag","filename":"dagbag.py","lineno":593}
{"timestamp":"2026-03-31T21:42:56.929717Z","level":"warning","event":"The `airflow.decorators.dag` attribute is deprecated. Please use `'airflow.sdk.dag'`.","category":"DeprecatedImportWarning","filename":"/opt/airflow/dags/set_up_database/snowflake_setup_dag.py","lineno":4,"logger":"py.warnings"}
{"timestamp":"2026-03-31T21:42:56.929966Z","level":"warning","event":"The `airflow.decorators.task` attribute is deprecated. Please use `'airflow.sdk.task'`.","category":"DeprecatedImportWarning","filename":"/opt/airflow/dags/set_up_database/snowflake_setup_dag.py","lineno":4,"logger":"py.warnings"}
{"timestamp":"2026-03-31T21:42:56.930087Z","level":"warning","event":"The `airflow.models.param.Param` attribute is deprecated. Please use `'airflow.sdk.Param'`.","category":"DeprecatedImportWarning","filename":"/opt/airflow/dags/set_up_database/snowflake_setup_dag.py","lineno":6,"logger":"py.warnings"}
{"timestamp":"2026-03-31T21:43:27.472797Z","level":"info","event":"Filling up the DagBag from /opt/airflow/dags/set_up_database/snowflake_setup_dag.py","logger":"airflow.models.dagbag.BundleDagBag","filename":"dagbag.py","lineno":593}
{"timestamp":"2026-03-31T21:43:27.555864Z","level":"warning","event":"The `airflow.decorators.dag` attribute is deprecated. Please use `'airflow.sdk.dag'`.","category":"DeprecatedImportWarning","filename":"/opt/airflow/dags/set_up_database/snowflake_setup_dag.py","lineno":4,"logger":"py.warnings"}
{"timestamp":"2026-03-31T21:43:27.556102Z","level":"warning","event":"The `airflow.decorators.task` attribute is deprecated. Please use `'airflow.sdk.task'`.","category":"DeprecatedImportWarning","filename":"/opt/airflow/dags/set_up_database/snowflake_setup_dag.py","lineno":4,"logger":"py.warnings"}
{"timestamp":"2026-03-31T21:43:27.556220Z","level":"warning","event":"The `airflow.models.param.Param` attribute is deprecated. Please use `'airflow.sdk.Param'`.","category":"DeprecatedImportWarning","filename":"/opt/airflow/dags/set_up_database/snowflake_setup_dag.py","lineno":6,"logger":"py.warnings"}
{"timestamp":"2026-03-31T21:43:58.074870Z","level":"info","event":"Filling up the DagBag from /opt/airflow/dags/set_up_database/snowflake_setup_dag.py","logger":"airflow.models.dagbag.BundleDagBag","filename":"dagbag.py","lineno":593}
{"timestamp":"2026-03-31T21:43:58.158535Z","level":"warning","event":"The `airflow.decorators.dag` attribute is deprecated. Please use `'airflow.sdk.dag'`.","category":"DeprecatedImportWarning","filename":"/opt/airflow/dags/set_up_database/snowflake_setup_dag.py","lineno":4,"logger":"py.warnings"}
{"timestamp":"2026-03-31T21:43:58.158792Z","level":"warning","event":"The `airflow.decorators.task` attribute is deprecated. Please use `'airflow.sdk.task'`.","category":"DeprecatedImportWarning","filename":"/opt/airflow/dags/set_up_database/snowflake_setup_dag.py","lineno":4,"logger":"py.warnings"}
{"timestamp":"2026-03-31T21:43:58.158916Z","level":"warning","event":"The `airflow.models.param.Param` attribute is deprecated. Please use `'airflow.sdk.Param'`.","category":"DeprecatedImportWarning","filename":"/opt/airflow/dags/set_up_database/snowflake_setup_dag.py","lineno":6,"logger":"py.warnings"}
{"timestamp":"2026-03-31T21:44:28.704099Z","level":"info","event":"Filling up the DagBag from /opt/airflow/dags/set_up_database/snowflake_setup_dag.py","logger":"airflow.models.dagbag.BundleDagBag","filename":"dagbag.py","lineno":593}
{"timestamp":"2026-03-31T21:44:28.799290Z","level":"warning","event":"The `airflow.decorators.dag` attribute is deprecated. Please use `'airflow.sdk.dag'`.","category":"DeprecatedImportWarning","filename":"/opt/airflow/dags/set_up_database/snowflake_setup_dag.py","lineno":4,"logger":"py.warnings"}
{"timestamp":"2026-03-31T21:44:28.799498Z","level":"warning","event":"The `airflow.decorators.task` attribute is deprecated. Please use `'airflow.sdk.task'`.","category":"DeprecatedImportWarning","filename":"/opt/airflow/dags/set_up_database/snowflake_setup_dag.py","lineno":4,"logger":"py.warnings"}
{"timestamp":"2026-03-31T21:44:28.799616Z","level":"warning","event":"The `airflow.models.param.Param` attribute is deprecated. Please use `'airflow.sdk.Param'`.","category":"DeprecatedImportWarning","filename":"/opt/airflow/dags/set_up_database/snowflake_setup_dag.py","lineno":6,"logger":"py.warnings"}
{"timestamp":"2026-03-31T21:44:59.369403Z","level":"info","event":"Filling up the DagBag from /opt/airflow/dags/set_up_database/snowflake_setup_dag.py","logger":"airflow.models.dagbag.BundleDagBag","filename":"dagbag.py","lineno":593}
{"timestamp":"2026-03-31T21:44:59.458526Z","level":"warning","event":"The `airflow.decorators.dag` attribute is deprecated. Please use `'airflow.sdk.dag'`.","category":"DeprecatedImportWarning","filename":"/opt/airflow/dags/set_up_database/snowflake_setup_dag.py","lineno":4,"logger":"py.warnings"}
{"timestamp":"2026-03-31T21:44:59.458732Z","level":"warning","event":"The `airflow.decorators.task` attribute is deprecated. Please use `'airflow.sdk.task'`.","category":"DeprecatedImportWarning","filename":"/opt/airflow/dags/set_up_database/snowflake_setup_dag.py","lineno":4,"logger":"py.warnings"}
{"timestamp":"2026-03-31T21:44:59.458843Z","level":"warning","event":"The `airflow.models.param.Param` attribute is deprecated. Please use `'airflow.sdk.Param'`.","category":"DeprecatedImportWarning","filename":"/opt/airflow/dags/set_up_database/snowflake_setup_dag.py","lineno":6,"logger":"py.warnings"}
{"timestamp":"2026-03-31T21:45:30.147678Z","level":"info","event":"Filling up the DagBag from /opt/airflow/dags/set_up_database/snowflake_setup_dag.py","logger":"airflow.models.dagbag.BundleDagBag","filename":"dagbag.py","lineno":593}
{"timestamp":"2026-03-31T21:45:30.239069Z","level":"warning","event":"The `airflow.decorators.dag` attribute is deprecated. Please use `'airflow.sdk.dag'`.","category":"DeprecatedImportWarning","filename":"/opt/airflow/dags/set_up_database/snowflake_setup_dag.py","lineno":4,"logger":"py.warnings"}
{"timestamp":"2026-03-31T21:45:30.239397Z","level":"warning","event":"The `airflow.decorators.task` attribute is deprecated. Please use `'airflow.sdk.task'`.","category":"DeprecatedImportWarning","filename":"/opt/airflow/dags/set_up_database/snowflake_setup_dag.py","lineno":4,"logger":"py.warnings"}
{"timestamp":"2026-03-31T21:45:30.239529Z","level":"warning","event":"The `airflow.models.param.Param` attribute is deprecated. Please use `'airflow.sdk.Param'`.","category":"DeprecatedImportWarning","filename":"/opt/airflow/dags/set_up_database/snowflake_setup_dag.py","lineno":6,"logger":"py.warnings"}
{"timestamp":"2026-03-31T21:46:00.877269Z","level":"info","event":"Filling up the DagBag from /opt/airflow/dags/set_up_database/snowflake_setup_dag.py","logger":"airflow.models.dagbag.BundleDagBag","filename":"dagbag.py","lineno":593}
{"timestamp":"2026-03-31T21:46:01.066277Z","level":"warning","event":"The `airflow.decorators.dag` attribute is deprecated. Please use `'airflow.sdk.dag'`.","category":"DeprecatedImportWarning","filename":"/opt/airflow/dags/set_up_database/snowflake_setup_dag.py","lineno":4,"logger":"py.warnings"}
{"timestamp":"2026-03-31T21:46:01.066509Z","level":"warning","event":"The `airflow.decorators.task` attribute is deprecated. Please use `'airflow.sdk.task'`.","category":"DeprecatedImportWarning","filename":"/opt/airflow/dags/set_up_database/snowflake_setup_dag.py","lineno":4,"logger":"py.warnings"}
{"timestamp":"2026-03-31T21:46:01.066633Z","level":"warning","event":"The `airflow.models.param.Param` attribute is deprecated. Please use `'airflow.sdk.Param'`.","category":"DeprecatedImportWarning","filename":"/opt/airflow/dags/set_up_database/snowflake_setup_dag.py","lineno":6,"logger":"py.warnings"}
{"timestamp":"2026-03-31T21:46:31.957929Z","level":"info","event":"Filling up the DagBag from /opt/airflow/dags/set_up_database/snowflake_setup_dag.py","logger":"airflow.models.dagbag.BundleDagBag","filename":"dagbag.py","lineno":593}
{"timestamp":"2026-03-31T21:46:32.051121Z","level":"warning","event":"The `airflow.decorators.dag` attribute is deprecated. Please use `'airflow.sdk.dag'`.","category":"DeprecatedImportWarning","filename":"/opt/airflow/dags/set_up_database/snowflake_setup_dag.py","lineno":4,"logger":"py.warnings"}
{"timestamp":"2026-03-31T21:46:32.051371Z","level":"warning","event":"The `airflow.decorators.task` attribute is deprecated. Please use `'airflow.sdk.task'`.","category":"DeprecatedImportWarning","filename":"/opt/airflow/dags/set_up_database/snowflake_setup_dag.py","lineno":4,"logger":"py.warnings"}
{"timestamp":"2026-03-31T21:46:32.051492Z","level":"warning","event":"The `airflow.models.param.Param` attribute is deprecated. Please use `'airflow.sdk.Param'`.","category":"DeprecatedImportWarning","filename":"/opt/airflow/dags/set_up_database/snowflake_setup_dag.py","lineno":6,"logger":"py.warnings"}
{"timestamp":"2026-03-31T21:49:02.353420Z","level":"info","event":"Filling up the DagBag from /opt/airflow/dags/set_up_database/snowflake_setup_dag.py","logger":"airflow.models.dagbag.BundleDagBag","filename":"dagbag.py","lineno":593}
{"timestamp":"2026-03-31T21:49:02.466716Z","level":"warning","event":"The `airflow.decorators.dag` attribute is deprecated. Please use `'airflow.sdk.dag'`.","category":"DeprecatedImportWarning","filename":"/opt/airflow/dags/set_up_database/snowflake_setup_dag.py","lineno":4,"logger":"py.warnings"}
{"timestamp":"2026-03-31T21:49:02.466961Z","level":"warning","event":"The `airflow.decorators.task` attribute is deprecated. Please use `'airflow.sdk.task'`.","category":"DeprecatedImportWarning","filename":"/opt/airflow/dags/set_up_database/snowflake_setup_dag.py","lineno":4,"logger":"py.warnings"}
{"timestamp":"2026-03-31T21:49:02.467099Z","level":"warning","event":"The `airflow.models.param.Param` attribute is deprecated. Please use `'airflow.sdk.Param'`.","category":"DeprecatedImportWarning","filename":"/opt/airflow/dags/set_up_database/snowflake_setup_dag.py","lineno":6,"logger":"py.warnings"}
{"timestamp":"2026-03-31T21:49:33.075894Z","level":"info","event":"Filling up the DagBag from /opt/airflow/dags/set_up_database/snowflake_setup_dag.py","logger":"airflow.models.dagbag.BundleDagBag","filename":"dagbag.py","lineno":593}
{"timestamp":"2026-03-31T21:49:33.186095Z","level":"warning","event":"The `airflow.decorators.dag` attribute is deprecated. Please use `'airflow.sdk.dag'`.","category":"DeprecatedImportWarning","filename":"/opt/airflow/dags/set_up_database/snowflake_setup_dag.py","lineno":4,"logger":"py.warnings"}
{"timestamp":"2026-03-31T21:49:33.186311Z","level":"warning","event":"The `airflow.decorators.task` attribute is deprecated. Please use `'airflow.sdk.task'`.","category":"DeprecatedImportWarning","filename":"/opt/airflow/dags/set_up_database/snowflake_setup_dag.py","lineno":4,"logger":"py.warnings"}
{"timestamp":"2026-03-31T21:49:33.186454Z","level":"warning","event":"The `airflow.models.param.Param` attribute is deprecated. Please use `'airflow.sdk.Param'`.","category":"DeprecatedImportWarning","filename":"/opt/airflow/dags/set_up_database/snowflake_setup_dag.py","lineno":6,"logger":"py.warnings"}
{"timestamp":"2026-03-31T21:50:03.770933Z","level":"info","event":"Filling up the DagBag from /opt/airflow/dags/set_up_database/snowflake_setup_dag.py","logger":"airflow.models.dagbag.BundleDagBag","filename":"dagbag.py","lineno":593}
{"timestamp":"2026-03-31T21:50:03.921858Z","level":"warning","event":"The `airflow.decorators.dag` attribute is deprecated. Please use `'airflow.sdk.dag'`.","category":"DeprecatedImportWarning","filename":"/opt/airflow/dags/set_up_database/snowflake_setup_dag.py","lineno":4,"logger":"py.warnings"}
{"timestamp":"2026-03-31T21:50:03.922066Z","level":"warning","event":"The `airflow.decorators.task` attribute is deprecated. Please use `'airflow.sdk.task'`.","category":"DeprecatedImportWarning","filename":"/opt/airflow/dags/set_up_database/snowflake_setup_dag.py","lineno":4,"logger":"py.warnings"}
{"timestamp":"2026-03-31T21:50:03.922242Z","level":"warning","event":"The `airflow.models.param.Param` attribute is deprecated. Please use `'airflow.sdk.Param'`.","category":"DeprecatedImportWarning","filename":"/opt/airflow/dags/set_up_database/snowflake_setup_dag.py","lineno":6,"logger":"py.warnings"}
{"timestamp":"2026-03-31T21:50:34.608732Z","level":"info","event":"Filling up the DagBag from /opt/airflow/dags/set_up_database/snowflake_setup_dag.py","logger":"airflow.models.dagbag.BundleDagBag","filename":"dagbag.py","lineno":593}
{"timestamp":"2026-03-31T21:50:34.694046Z","level":"warning","event":"The `airflow.decorators.dag` attribute is deprecated. Please use `'airflow.sdk.dag'`.","category":"DeprecatedImportWarning","filename":"/opt/airflow/dags/set_up_database/snowflake_setup_dag.py","lineno":4,"logger":"py.warnings"}
{"timestamp":"2026-03-31T21:50:34.694272Z","level":"warning","event":"The `airflow.decorators.task` attribute is deprecated. Please use `'airflow.sdk.task'`.","category":"DeprecatedImportWarning","filename":"/opt/airflow/dags/set_up_database/snowflake_setup_dag.py","lineno":4,"logger":"py.warnings"}
{"timestamp":"2026-03-31T21:50:34.694394Z","level":"warning","event":"The `airflow.models.param.Param` attribute is deprecated. Please use `'airflow.sdk.Param'`.","category":"DeprecatedImportWarning","filename":"/opt/airflow/dags/set_up_database/snowflake_setup_dag.py","lineno":6,"logger":"py.warnings"}
{"timestamp":"2026-03-31T21:51:05.368058Z","level":"info","event":"Filling up the DagBag from /opt/airflow/dags/set_up_database/snowflake_setup_dag.py","logger":"airflow.models.dagbag.BundleDagBag","filename":"dagbag.py","lineno":593}
{"timestamp":"2026-03-31T21:51:05.464579Z","level":"warning","event":"The `airflow.decorators.dag` attribute is deprecated. Please use `'airflow.sdk.dag'`.","category":"DeprecatedImportWarning","filename":"/opt/airflow/dags/set_up_database/snowflake_setup_dag.py","lineno":4,"logger":"py.warnings"}
{"timestamp":"2026-03-31T21:51:05.464884Z","level":"warning","event":"The `airflow.decorators.task` attribute is deprecated. Please use `'airflow.sdk.task'`.","category":"DeprecatedImportWarning","filename":"/opt/airflow/dags/set_up_database/snowflake_setup_dag.py","lineno":4,"logger":"py.warnings"}
{"timestamp":"2026-03-31T21:51:05.465007Z","level":"warning","event":"The `airflow.models.param.Param` attribute is deprecated. Please use `'airflow.sdk.Param'`.","category":"DeprecatedImportWarning","filename":"/opt/airflow/dags/set_up_database/snowflake_setup_dag.py","lineno":6,"logger":"py.warnings"}
{"timestamp":"2026-03-31T21:51:35.995663Z","level":"info","event":"Filling up the DagBag from /opt/airflow/dags/set_up_database/snowflake_setup_dag.py","logger":"airflow.models.dagbag.BundleDagBag","filename":"dagbag.py","lineno":593}
{"timestamp":"2026-03-31T21:51:36.084801Z","level":"warning","event":"The `airflow.decorators.dag` attribute is deprecated. Please use `'airflow.sdk.dag'`.","category":"DeprecatedImportWarning","filename":"/opt/airflow/dags/set_up_database/snowflake_setup_dag.py","lineno":4,"logger":"py.warnings"}
{"timestamp":"2026-03-31T21:51:36.085064Z","level":"warning","event":"The `airflow.decorators.task` attribute is deprecated. Please use `'airflow.sdk.task'`.","category":"DeprecatedImportWarning","filename":"/opt/airflow/dags/set_up_database/snowflake_setup_dag.py","lineno":4,"logger":"py.warnings"}
{"timestamp":"2026-03-31T21:51:36.085237Z","level":"warning","event":"The `airflow.models.param.Param` attribute is deprecated. Please use `'airflow.sdk.Param'`.","category":"DeprecatedImportWarning","filename":"/opt/airflow/dags/set_up_database/snowflake_setup_dag.py","lineno":6,"logger":"py.warnings"}
{"timestamp":"2026-03-31T21:52:06.856255Z","level":"info","event":"Filling up the DagBag from /opt/airflow/dags/set_up_database/snowflake_setup_dag.py","logger":"airflow.models.dagbag.BundleDagBag","filename":"dagbag.py","lineno":593}
{"timestamp":"2026-03-31T21:52:06.960042Z","level":"warning","event":"The `airflow.decorators.dag` attribute is deprecated. Please use `'airflow.sdk.dag'`.","category":"DeprecatedImportWarning","filename":"/opt/airflow/dags/set_up_database/snowflake_setup_dag.py","lineno":4,"logger":"py.warnings"}
{"timestamp":"2026-03-31T21:52:06.960285Z","level":"warning","event":"The `airflow.decorators.task` attribute is deprecated. Please use `'airflow.sdk.task'`.","category":"DeprecatedImportWarning","filename":"/opt/airflow/dags/set_up_database/snowflake_setup_dag.py","lineno":4,"logger":"py.warnings"}
{"timestamp":"2026-03-31T21:52:06.960484Z","level":"warning","event":"The `airflow.models.param.Param` attribute is deprecated. Please use `'airflow.sdk.Param'`.","category":"DeprecatedImportWarning","filename":"/opt/airflow/dags/set_up_database/snowflake_setup_dag.py","lineno":6,"logger":"py.warnings"}
{"timestamp":"2026-03-31T21:52:37.650378Z","level":"info","event":"Filling up the DagBag from /opt/airflow/dags/set_up_database/snowflake_setup_dag.py","logger":"airflow.models.dagbag.BundleDagBag","filename":"dagbag.py","lineno":593}
{"timestamp":"2026-03-31T21:52:37.833502Z","level":"warning","event":"The `airflow.decorators.dag` attribute is deprecated. Please use `'airflow.sdk.dag'`.","category":"DeprecatedImportWarning","filename":"/opt/airflow/dags/set_up_database/snowflake_setup_dag.py","lineno":4,"logger":"py.warnings"}
{"timestamp":"2026-03-31T21:52:37.833722Z","level":"warning","event":"The `airflow.decorators.task` attribute is deprecated. Please use `'airflow.sdk.task'`.","category":"DeprecatedImportWarning","filename":"/opt/airflow/dags/set_up_database/snowflake_setup_dag.py","lineno":4,"logger":"py.warnings"}
{"timestamp":"2026-03-31T21:52:37.833841Z","level":"warning","event":"The `airflow.models.param.Param` attribute is deprecated. Please use `'airflow.sdk.Param'`.","category":"DeprecatedImportWarning","filename":"/opt/airflow/dags/set_up_database/snowflake_setup_dag.py","lineno":6,"logger":"py.warnings"}
{"timestamp":"2026-03-31T21:53:08.505955Z","level":"info","event":"Filling up the DagBag from /opt/airflow/dags/set_up_database/snowflake_setup_dag.py","logger":"airflow.models.dagbag.BundleDagBag","filename":"dagbag.py","lineno":593}
{"timestamp":"2026-03-31T21:53:08.606363Z","level":"warning","event":"The `airflow.decorators.dag` attribute is deprecated. Please use `'airflow.sdk.dag'`.","category":"DeprecatedImportWarning","filename":"/opt/airflow/dags/set_up_database/snowflake_setup_dag.py","lineno":4,"logger":"py.warnings"}
{"timestamp":"2026-03-31T21:53:08.606596Z","level":"warning","event":"The `airflow.decorators.task` attribute is deprecated. Please use `'airflow.sdk.task'`.","category":"DeprecatedImportWarning","filename":"/opt/airflow/dags/set_up_database/snowflake_setup_dag.py","lineno":4,"logger":"py.warnings"}
{"timestamp":"2026-03-31T21:53:08.606718Z","level":"warning","event":"The `airflow.models.param.Param` attribute is deprecated. Please use `'airflow.sdk.Param'`.","category":"DeprecatedImportWarning","filename":"/opt/airflow/dags/set_up_database/snowflake_setup_dag.py","lineno":6,"logger":"py.warnings"}
{"timestamp":"2026-03-31T21:53:39.109032Z","level":"info","event":"Filling up the DagBag from /opt/airflow/dags/set_up_database/snowflake_setup_dag.py","logger":"airflow.models.dagbag.BundleDagBag","filename":"dagbag.py","lineno":593}
{"timestamp":"2026-03-31T21:53:39.207187Z","level":"warning","event":"The `airflow.decorators.dag` attribute is deprecated. Please use `'airflow.sdk.dag'`.","category":"DeprecatedImportWarning","filename":"/opt/airflow/dags/set_up_database/snowflake_setup_dag.py","lineno":4,"logger":"py.warnings"}
{"timestamp":"2026-03-31T21:53:39.207423Z","level":"warning","event":"The `airflow.decorators.task` attribute is deprecated. Please use `'airflow.sdk.task'`.","category":"DeprecatedImportWarning","filename":"/opt/airflow/dags/set_up_database/snowflake_setup_dag.py","lineno":4,"logger":"py.warnings"}
{"timestamp":"2026-03-31T21:53:39.207549Z","level":"warning","event":"The `airflow.models.param.Param` attribute is deprecated. Please use `'airflow.sdk.Param'`.","category":"DeprecatedImportWarning","filename":"/opt/airflow/dags/set_up_database/snowflake_setup_dag.py","lineno":6,"logger":"py.warnings"}
{"timestamp":"2026-03-31T21:54:09.818464Z","level":"info","event":"Filling up the DagBag from /opt/airflow/dags/set_up_database/snowflake_setup_dag.py","logger":"airflow.models.dagbag.BundleDagBag","filename":"dagbag.py","lineno":593}
{"timestamp":"2026-03-31T21:54:09.921967Z","level":"warning","event":"The `airflow.decorators.dag` attribute is deprecated. Please use `'airflow.sdk.dag'`.","category":"DeprecatedImportWarning","filename":"/opt/airflow/dags/set_up_database/snowflake_setup_dag.py","lineno":4,"logger":"py.warnings"}
{"timestamp":"2026-03-31T21:54:09.922219Z","level":"warning","event":"The `airflow.decorators.task` attribute is deprecated. Please use `'airflow.sdk.task'`.","category":"DeprecatedImportWarning","filename":"/opt/airflow/dags/set_up_database/snowflake_setup_dag.py","lineno":4,"logger":"py.warnings"}
{"timestamp":"2026-03-31T21:54:09.922344Z","level":"warning","event":"The `airflow.models.param.Param` attribute is deprecated. Please use `'airflow.sdk.Param'`.","category":"DeprecatedImportWarning","filename":"/opt/airflow/dags/set_up_database/snowflake_setup_dag.py","lineno":6,"logger":"py.warnings"}
{"timestamp":"2026-03-31T21:54:40.481124Z","level":"info","event":"Filling up the DagBag from /opt/airflow/dags/set_up_database/snowflake_setup_dag.py","logger":"airflow.models.dagbag.BundleDagBag","filename":"dagbag.py","lineno":593}
{"timestamp":"2026-03-31T21:54:40.582107Z","level":"warning","event":"The `airflow.decorators.dag` attribute is deprecated. Please use `'airflow.sdk.dag'`.","category":"DeprecatedImportWarning","filename":"/opt/airflow/dags/set_up_database/snowflake_setup_dag.py","lineno":4,"logger":"py.warnings"}
{"timestamp":"2026-03-31T21:54:40.582370Z","level":"warning","event":"The `airflow.decorators.task` attribute is deprecated. Please use `'airflow.sdk.task'`.","category":"DeprecatedImportWarning","filename":"/opt/airflow/dags/set_up_database/snowflake_setup_dag.py","lineno":4,"logger":"py.warnings"}
{"timestamp":"2026-03-31T21:54:40.582494Z","level":"warning","event":"The `airflow.models.param.Param` attribute is deprecated. Please use `'airflow.sdk.Param'`.","category":"DeprecatedImportWarning","filename":"/opt/airflow/dags/set_up_database/snowflake_setup_dag.py","lineno":6,"logger":"py.warnings"}
{"timestamp":"2026-03-31T21:55:11.192013Z","level":"info","event":"Filling up the DagBag from /opt/airflow/dags/set_up_database/snowflake_setup_dag.py","logger":"airflow.models.dagbag.BundleDagBag","filename":"dagbag.py","lineno":593}
{"timestamp":"2026-03-31T21:55:11.279086Z","level":"warning","event":"The `airflow.decorators.dag` attribute is deprecated. Please use `'airflow.sdk.dag'`.","category":"DeprecatedImportWarning","filename":"/opt/airflow/dags/set_up_database/snowflake_setup_dag.py","lineno":4,"logger":"py.warnings"}
{"timestamp":"2026-03-31T21:55:11.279303Z","level":"warning","event":"The `airflow.decorators.task` attribute is deprecated. Please use `'airflow.sdk.task'`.","category":"DeprecatedImportWarning","filename":"/opt/airflow/dags/set_up_database/snowflake_setup_dag.py","lineno":4,"logger":"py.warnings"}
{"timestamp":"2026-03-31T21:55:11.279423Z","level":"warning","event":"The `airflow.models.param.Param` attribute is deprecated. Please use `'airflow.sdk.Param'`.","category":"DeprecatedImportWarning","filename":"/opt/airflow/dags/set_up_database/snowflake_setup_dag.py","lineno":6,"logger":"py.warnings"}
{"timestamp":"2026-03-31T21:55:41.875697Z","level":"info","event":"Filling up the DagBag from /opt/airflow/dags/set_up_database/snowflake_setup_dag.py","logger":"airflow.models.dagbag.BundleDagBag","filename":"dagbag.py","lineno":593}
{"timestamp":"2026-03-31T21:55:41.966751Z","level":"warning","event":"The `airflow.decorators.dag` attribute is deprecated. Please use `'airflow.sdk.dag'`.","category":"DeprecatedImportWarning","filename":"/opt/airflow/dags/set_up_database/snowflake_setup_dag.py","lineno":4,"logger":"py.warnings"}
{"timestamp":"2026-03-31T21:55:41.967014Z","level":"warning","event":"The `airflow.decorators.task` attribute is deprecated. Please use `'airflow.sdk.task'`.","category":"DeprecatedImportWarning","filename":"/opt/airflow/dags/set_up_database/snowflake_setup_dag.py","lineno":4,"logger":"py.warnings"}
{"timestamp":"2026-03-31T21:55:41.967177Z","level":"warning","event":"The `airflow.models.param.Param` attribute is deprecated. Please use `'airflow.sdk.Param'`.","category":"DeprecatedImportWarning","filename":"/opt/airflow/dags/set_up_database/snowflake_setup_dag.py","lineno":6,"logger":"py.warnings"}
{"timestamp":"2026-03-31T21:56:12.610755Z","level":"info","event":"Filling up the DagBag from /opt/airflow/dags/set_up_database/snowflake_setup_dag.py","logger":"airflow.models.dagbag.BundleDagBag","filename":"dagbag.py","lineno":593}
{"timestamp":"2026-03-31T21:56:12.712454Z","level":"warning","event":"The `airflow.decorators.dag` attribute is deprecated. Please use `'airflow.sdk.dag'`.","category":"DeprecatedImportWarning","filename":"/opt/airflow/dags/set_up_database/snowflake_setup_dag.py","lineno":4,"logger":"py.warnings"}
{"timestamp":"2026-03-31T21:56:12.712675Z","level":"warning","event":"The `airflow.decorators.task` attribute is deprecated. Please use `'airflow.sdk.task'`.","category":"DeprecatedImportWarning","filename":"/opt/airflow/dags/set_up_database/snowflake_setup_dag.py","lineno":4,"logger":"py.warnings"}
{"timestamp":"2026-03-31T21:56:12.712818Z","level":"warning","event":"The `airflow.models.param.Param` attribute is deprecated. Please use `'airflow.sdk.Param'`.","category":"DeprecatedImportWarning","filename":"/opt/airflow/dags/set_up_database/snowflake_setup_dag.py","lineno":6,"logger":"py.warnings"}
{"timestamp":"2026-03-31T21:56:43.350999Z","level":"info","event":"Filling up the DagBag from /opt/airflow/dags/set_up_database/snowflake_setup_dag.py","logger":"airflow.models.dagbag.BundleDagBag","filename":"dagbag.py","lineno":593}
{"timestamp":"2026-03-31T21:56:43.439611Z","level":"warning","event":"The `airflow.decorators.dag` attribute is deprecated. Please use `'airflow.sdk.dag'`.","category":"DeprecatedImportWarning","filename":"/opt/airflow/dags/set_up_database/snowflake_setup_dag.py","lineno":4,"logger":"py.warnings"}
{"timestamp":"2026-03-31T21:56:43.439838Z","level":"warning","event":"The `airflow.decorators.task` attribute is deprecated. Please use `'airflow.sdk.task'`.","category":"DeprecatedImportWarning","filename":"/opt/airflow/dags/set_up_database/snowflake_setup_dag.py","lineno":4,"logger":"py.warnings"}
{"timestamp":"2026-03-31T21:56:43.439991Z","level":"warning","event":"The `airflow.models.param.Param` attribute is deprecated. Please use `'airflow.sdk.Param'`.","category":"DeprecatedImportWarning","filename":"/opt/airflow/dags/set_up_database/snowflake_setup_dag.py","lineno":6,"logger":"py.warnings"}
{"timestamp":"2026-03-31T21:57:13.979157Z","level":"info","event":"Filling up the DagBag from /opt/airflow/dags/set_up_database/snowflake_setup_dag.py","logger":"airflow.models.dagbag.BundleDagBag","filename":"dagbag.py","lineno":593}
{"timestamp":"2026-03-31T21:57:14.074646Z","level":"warning","event":"The `airflow.decorators.dag` attribute is deprecated. Please use `'airflow.sdk.dag'`.","category":"DeprecatedImportWarning","filename":"/opt/airflow/dags/set_up_database/snowflake_setup_dag.py","lineno":4,"logger":"py.warnings"}
{"timestamp":"2026-03-31T21:57:14.074861Z","level":"warning","event":"The `airflow.decorators.task` attribute is deprecated. Please use `'airflow.sdk.task'`.","category":"DeprecatedImportWarning","filename":"/opt/airflow/dags/set_up_database/snowflake_setup_dag.py","lineno":4,"logger":"py.warnings"}
{"timestamp":"2026-03-31T21:57:14.074978Z","level":"warning","event":"The `airflow.models.param.Param` attribute is deprecated. Please use `'airflow.sdk.Param'`.","category":"DeprecatedImportWarning","filename":"/opt/airflow/dags/set_up_database/snowflake_setup_dag.py","lineno":6,"logger":"py.warnings"}
{"timestamp":"2026-03-31T21:57:44.633706Z","level":"info","event":"Filling up the DagBag from /opt/airflow/dags/set_up_database/snowflake_setup_dag.py","logger":"airflow.models.dagbag.BundleDagBag","filename":"dagbag.py","lineno":593}
{"timestamp":"2026-03-31T21:57:44.728169Z","level":"warning","event":"The `airflow.decorators.dag` attribute is deprecated. Please use `'airflow.sdk.dag'`.","category":"DeprecatedImportWarning","filename":"/opt/airflow/dags/set_up_database/snowflake_setup_dag.py","lineno":4,"logger":"py.warnings"}
{"timestamp":"2026-03-31T21:57:44.728455Z","level":"warning","event":"The `airflow.decorators.task` attribute is deprecated. Please use `'airflow.sdk.task'`.","category":"DeprecatedImportWarning","filename":"/opt/airflow/dags/set_up_database/snowflake_setup_dag.py","lineno":4,"logger":"py.warnings"}
{"timestamp":"2026-03-31T21:57:44.728631Z","level":"warning","event":"The `airflow.models.param.Param` attribute is deprecated. Please use `'airflow.sdk.Param'`.","category":"DeprecatedImportWarning","filename":"/opt/airflow/dags/set_up_database/snowflake_setup_dag.py","lineno":6,"logger":"py.warnings"}
{"timestamp":"2026-03-31T21:58:15.266286Z","level":"info","event":"Filling up the DagBag from /opt/airflow/dags/set_up_database/snowflake_setup_dag.py","logger":"airflow.models.dagbag.BundleDagBag","filename":"dagbag.py","lineno":593}
{"timestamp":"2026-03-31T21:58:15.356968Z","level":"warning","event":"The `airflow.decorators.dag` attribute is deprecated. Please use `'airflow.sdk.dag'`.","category":"DeprecatedImportWarning","filename":"/opt/airflow/dags/set_up_database/snowflake_setup_dag.py","lineno":4,"logger":"py.warnings"}
{"timestamp":"2026-03-31T21:58:15.357249Z","level":"warning","event":"The `airflow.decorators.task` attribute is deprecated. Please use `'airflow.sdk.task'`.","category":"DeprecatedImportWarning","filename":"/opt/airflow/dags/set_up_database/snowflake_setup_dag.py","lineno":4,"logger":"py.warnings"}
{"timestamp":"2026-03-31T21:58:15.357368Z","level":"warning","event":"The `airflow.models.param.Param` attribute is deprecated. Please use `'airflow.sdk.Param'`.","category":"DeprecatedImportWarning","filename":"/opt/airflow/dags/set_up_database/snowflake_setup_dag.py","lineno":6,"logger":"py.warnings"}
{"timestamp":"2026-03-31T21:58:45.884436Z","level":"info","event":"Filling up the DagBag from /opt/airflow/dags/set_up_database/snowflake_setup_dag.py","logger":"airflow.models.dagbag.BundleDagBag","filename":"dagbag.py","lineno":593}
{"timestamp":"2026-03-31T21:58:45.973712Z","level":"warning","event":"The `airflow.decorators.dag` attribute is deprecated. Please use `'airflow.sdk.dag'`.","category":"DeprecatedImportWarning","filename":"/opt/airflow/dags/set_up_database/snowflake_setup_dag.py","lineno":4,"logger":"py.warnings"}
{"timestamp":"2026-03-31T21:58:45.974030Z","level":"warning","event":"The `airflow.decorators.task` attribute is deprecated. Please use `'airflow.sdk.task'`.","category":"DeprecatedImportWarning","filename":"/opt/airflow/dags/set_up_database/snowflake_setup_dag.py","lineno":4,"logger":"py.warnings"}
{"timestamp":"2026-03-31T21:58:45.974138Z","level":"warning","event":"The `airflow.models.param.Param` attribute is deprecated. Please use `'airflow.sdk.Param'`.","category":"DeprecatedImportWarning","filename":"/opt/airflow/dags/set_up_database/snowflake_setup_dag.py","lineno":6,"logger":"py.warnings"}
{"timestamp":"2026-03-31T21:59:16.480802Z","level":"info","event":"Filling up the DagBag from /opt/airflow/dags/set_up_database/snowflake_setup_dag.py","logger":"airflow.models.dagbag.BundleDagBag","filename":"dagbag.py","lineno":593}
{"timestamp":"2026-03-31T21:59:16.609111Z","level":"warning","event":"The `airflow.decorators.dag` attribute is deprecated. Please use `'airflow.sdk.dag'`.","category":"DeprecatedImportWarning","filename":"/opt/airflow/dags/set_up_database/snowflake_setup_dag.py","lineno":4,"logger":"py.warnings"}
{"timestamp":"2026-03-31T21:59:16.609388Z","level":"warning","event":"The `airflow.decorators.task` attribute is deprecated. Please use `'airflow.sdk.task'`.","category":"DeprecatedImportWarning","filename":"/opt/airflow/dags/set_up_database/snowflake_setup_dag.py","lineno":4,"logger":"py.warnings"}
{"timestamp":"2026-03-31T21:59:16.609515Z","level":"warning","event":"The `airflow.models.param.Param` attribute is deprecated. Please use `'airflow.sdk.Param'`.","category":"DeprecatedImportWarning","filename":"/opt/airflow/dags/set_up_database/snowflake_setup_dag.py","lineno":6,"logger":"py.warnings"}
