{"timestamp":"2026-03-30T16:47:08.787731Z","level":"info","event":"DAG bundles loaded: dags-folder","logger":"airflow.dag_processing.bundles.manager.DagBundlesManager","filename":"manager.py","lineno":179}
{"timestamp":"2026-03-30T16:47:08.793452Z","level":"info","event":"Filling up the DagBag from /opt/airflow/dags/set_up_database/snowflake_setup_dag.py","logger":"airflow.models.dagbag.BundleDagBag","filename":"dagbag.py","lineno":593}
{"timestamp":"2026-03-30T16:47:09.752526Z","level":"warning","event":"The `airflow.decorators.dag` attribute is deprecated. Please use `'airflow.sdk.dag'`.","category":"DeprecatedImportWarning","filename":"/opt/airflow/dags/set_up_database/snowflake_setup_dag.py","lineno":4,"logger":"py.warnings"}
{"timestamp":"2026-03-30T16:47:09.752754Z","level":"warning","event":"The `airflow.decorators.task` attribute is deprecated. Please use `'airflow.sdk.task'`.","category":"DeprecatedImportWarning","filename":"/opt/airflow/dags/set_up_database/snowflake_setup_dag.py","lineno":4,"logger":"py.warnings"}
{"timestamp":"2026-03-30T16:47:09.752871Z","level":"warning","event":"The `airflow.models.param.Param` attribute is deprecated. Please use `'airflow.sdk.Param'`.","category":"DeprecatedImportWarning","filename":"/opt/airflow/dags/set_up_database/snowflake_setup_dag.py","lineno":6,"logger":"py.warnings"}
{"timestamp":"2026-03-30T16:47:09.812513Z","level":"info","event":"Snowflake Connector for Python Version: 4.0.0, Python Version: 3.12.12, Platform: Linux-6.6.87.2-microsoft-standard-WSL2-x86_64-with-glibc2.36","logger":"snowflake.connector.connection","filename":"connection.py","lineno":586}
{"timestamp":"2026-03-30T16:47:09.813204Z","level":"info","event":"Connecting to GLOBAL Snowflake domain","logger":"snowflake.connector.connection","filename":"connection.py","lineno":1629}
{"timestamp":"2026-03-30T16:47:12.691728Z","level":"info","event":"Running statement: USE DATABASE AIRLINE_DWH;, parameters: None","logger":"airflow.task.hooks.airflow.providers.snowflake.hooks.snowflake.SnowflakeHook","filename":"snowflake.py","lineno":703}
{"timestamp":"2026-03-30T16:47:12.691904Z","level":"info","event":"Running statement: USE DATABASE AIRLINE_DWH;, parameters: None","logger":"airflow.task.hooks.airflow.providers.snowflake.hooks.snowflake.SnowflakeHook","filename":"sql.py","lineno":829}
{"timestamp":"2026-03-30T16:47:12.897296Z","level":"info","event":"Rows affected: 1","logger":"airflow.task.hooks.airflow.providers.snowflake.hooks.snowflake.SnowflakeHook","filename":"sql.py","lineno":841}
{"timestamp":"2026-03-30T16:47:12.897520Z","level":"info","event":"Rows affected: 1","logger":"airflow.task.hooks.airflow.providers.snowflake.hooks.snowflake.SnowflakeHook","filename":"snowflake.py","lineno":716}
{"timestamp":"2026-03-30T16:47:12.898250Z","level":"info","event":"Snowflake query id: 01c360af-0005-2092-0000-0001542ad2ad","logger":"airflow.task.hooks.airflow.providers.snowflake.hooks.snowflake.SnowflakeHook","filename":"snowflake.py","lineno":717}
{"timestamp":"2026-03-30T16:47:12.898397Z","level":"info","event":"Running statement: USE SCHEMA DWH;, parameters: None","logger":"airflow.task.hooks.airflow.providers.snowflake.hooks.snowflake.SnowflakeHook","filename":"snowflake.py","lineno":703}
{"timestamp":"2026-03-30T16:47:12.898478Z","level":"info","event":"Running statement: USE SCHEMA DWH;, parameters: None","logger":"airflow.task.hooks.airflow.providers.snowflake.hooks.snowflake.SnowflakeHook","filename":"sql.py","lineno":829}
{"timestamp":"2026-03-30T16:47:13.100786Z","level":"info","event":"Rows affected: 1","logger":"airflow.task.hooks.airflow.providers.snowflake.hooks.snowflake.SnowflakeHook","filename":"sql.py","lineno":841}
{"timestamp":"2026-03-30T16:47:13.101056Z","level":"info","event":"Rows affected: 1","logger":"airflow.task.hooks.airflow.providers.snowflake.hooks.snowflake.SnowflakeHook","filename":"snowflake.py","lineno":716}
{"timestamp":"2026-03-30T16:47:13.101155Z","level":"info","event":"Snowflake query id: 01c360af-0005-20b0-0000-0001542acb01","logger":"airflow.task.hooks.airflow.providers.snowflake.hooks.snowflake.SnowflakeHook","filename":"snowflake.py","lineno":717}
{"timestamp":"2026-03-30T16:47:13.101220Z","level":"info","event":"Running statement: INSERT INTO DWH.DIM_PASSENGER\n  (PASSENGER_ID, FIRST_NAME, LAST_NAME, GENDER, AGE, NATIONALITY)\nSELECT DISTINCT\n  PASSENGER_ID, FIRST_NAME, LAST_NAME, GENDER, AGE, NATIONALITY\nFROM CLEAN.TRAVEL_CLEAN;, parameters: None","logger":"airflow.task.hooks.airflow.providers.snowflake.hooks.snowflake.SnowflakeHook","filename":"snowflake.py","lineno":703}
{"timestamp":"2026-03-30T16:47:13.101273Z","level":"info","event":"Running statement: INSERT INTO DWH.DIM_PASSENGER\n  (PASSENGER_ID, FIRST_NAME, LAST_NAME, GENDER, AGE, NATIONALITY)\nSELECT DISTINCT\n  PASSENGER_ID, FIRST_NAME, LAST_NAME, GENDER, AGE, NATIONALITY\nFROM CLEAN.TRAVEL_CLEAN;, parameters: None","logger":"airflow.task.hooks.airflow.providers.snowflake.hooks.snowflake.SnowflakeHook","filename":"sql.py","lineno":829}
{"timestamp":"2026-03-30T16:47:13.514121Z","level":"info","event":"Rows affected: 0","logger":"airflow.task.hooks.airflow.providers.snowflake.hooks.snowflake.SnowflakeHook","filename":"sql.py","lineno":841}
{"timestamp":"2026-03-30T16:47:13.514394Z","level":"info","event":"Rows affected: 0","logger":"airflow.task.hooks.airflow.providers.snowflake.hooks.snowflake.SnowflakeHook","filename":"snowflake.py","lineno":716}
{"timestamp":"2026-03-30T16:47:13.514512Z","level":"info","event":"Snowflake query id: 01c360af-0005-20b0-0000-0001542acb05","logger":"airflow.task.hooks.airflow.providers.snowflake.hooks.snowflake.SnowflakeHook","filename":"snowflake.py","lineno":717}
{"timestamp":"2026-03-30T16:47:13.514575Z","level":"info","event":"Running statement: INSERT INTO DWH.DIM_AIRPORT\n  (AIRPORT_NAME, AIRPORT_COUNTRY_CODE, COUNTRY_NAME, AIRPORT_CONTINENT, CONTINENTS)\nSELECT DISTINCT\n  AIRPORT_NAME, AIRPORT_COUNTRY_CODE, COUNTRY_NAME, AIRPORT_CONTINENT, CONTINENTS\nFROM CLEAN.TRAVEL_CLEAN;, parameters: None","logger":"airflow.task.hooks.airflow.providers.snowflake.hooks.snowflake.SnowflakeHook","filename":"snowflake.py","lineno":703}
{"timestamp":"2026-03-30T16:47:13.514628Z","level":"info","event":"Running statement: INSERT INTO DWH.DIM_AIRPORT\n  (AIRPORT_NAME, AIRPORT_COUNTRY_CODE, COUNTRY_NAME, AIRPORT_CONTINENT, CONTINENTS)\nSELECT DISTINCT\n  AIRPORT_NAME, AIRPORT_COUNTRY_CODE, COUNTRY_NAME, AIRPORT_CONTINENT, CONTINENTS\nFROM CLEAN.TRAVEL_CLEAN;, parameters: None","logger":"airflow.task.hooks.airflow.providers.snowflake.hooks.snowflake.SnowflakeHook","filename":"sql.py","lineno":829}
{"timestamp":"2026-03-30T16:47:14.126097Z","level":"info","event":"Rows affected: 0","logger":"airflow.task.hooks.airflow.providers.snowflake.hooks.snowflake.SnowflakeHook","filename":"sql.py","lineno":841}
{"timestamp":"2026-03-30T16:47:14.126288Z","level":"info","event":"Rows affected: 0","logger":"airflow.task.hooks.airflow.providers.snowflake.hooks.snowflake.SnowflakeHook","filename":"snowflake.py","lineno":716}
{"timestamp":"2026-03-30T16:47:14.126529Z","level":"info","event":"Snowflake query id: 01c360af-0005-2092-0000-0001542ad2b1","logger":"airflow.task.hooks.airflow.providers.snowflake.hooks.snowflake.SnowflakeHook","filename":"snowflake.py","lineno":717}
{"timestamp":"2026-03-30T16:47:14.126605Z","level":"info","event":"Running statement: INSERT INTO DWH.DIM_PILOT (PILOT_NAME)\nSELECT DISTINCT PILOT_NAME\nFROM CLEAN.TRAVEL_CLEAN;, parameters: None","logger":"airflow.task.hooks.airflow.providers.snowflake.hooks.snowflake.SnowflakeHook","filename":"snowflake.py","lineno":703}
{"timestamp":"2026-03-30T16:47:14.126672Z","level":"info","event":"Running statement: INSERT INTO DWH.DIM_PILOT (PILOT_NAME)\nSELECT DISTINCT PILOT_NAME\nFROM CLEAN.TRAVEL_CLEAN;, parameters: None","logger":"airflow.task.hooks.airflow.providers.snowflake.hooks.snowflake.SnowflakeHook","filename":"sql.py","lineno":829}
{"timestamp":"2026-03-30T16:47:14.740305Z","level":"info","event":"Rows affected: 0","logger":"airflow.task.hooks.airflow.providers.snowflake.hooks.snowflake.SnowflakeHook","filename":"sql.py","lineno":841}
{"timestamp":"2026-03-30T16:47:14.740610Z","level":"info","event":"Rows affected: 0","logger":"airflow.task.hooks.airflow.providers.snowflake.hooks.snowflake.SnowflakeHook","filename":"snowflake.py","lineno":716}
{"timestamp":"2026-03-30T16:47:14.740703Z","level":"info","event":"Snowflake query id: 01c360af-0005-20a9-0000-0001542a35c5","logger":"airflow.task.hooks.airflow.providers.snowflake.hooks.snowflake.SnowflakeHook","filename":"snowflake.py","lineno":717}
{"timestamp":"2026-03-30T16:47:14.740764Z","level":"info","event":"Running statement: INSERT INTO DWH.DIM_TICKET_TYPE (TICKET_TYPE)\nSELECT DISTINCT TICKET_TYPE\nFROM CLEAN.TRAVEL_CLEAN;, parameters: None","logger":"airflow.task.hooks.airflow.providers.snowflake.hooks.snowflake.SnowflakeHook","filename":"snowflake.py","lineno":703}
{"timestamp":"2026-03-30T16:47:14.740817Z","level":"info","event":"Running statement: INSERT INTO DWH.DIM_TICKET_TYPE (TICKET_TYPE)\nSELECT DISTINCT TICKET_TYPE\nFROM CLEAN.TRAVEL_CLEAN;, parameters: None","logger":"airflow.task.hooks.airflow.providers.snowflake.hooks.snowflake.SnowflakeHook","filename":"sql.py","lineno":829}
{"timestamp":"2026-03-30T16:47:15.155557Z","level":"info","event":"Rows affected: 0","logger":"airflow.task.hooks.airflow.providers.snowflake.hooks.snowflake.SnowflakeHook","filename":"sql.py","lineno":841}
{"timestamp":"2026-03-30T16:47:15.155810Z","level":"info","event":"Rows affected: 0","logger":"airflow.task.hooks.airflow.providers.snowflake.hooks.snowflake.SnowflakeHook","filename":"snowflake.py","lineno":716}
{"timestamp":"2026-03-30T16:47:15.155898Z","level":"info","event":"Snowflake query id: 01c360af-0005-2084-0000-0001542a5a75","logger":"airflow.task.hooks.airflow.providers.snowflake.hooks.snowflake.SnowflakeHook","filename":"snowflake.py","lineno":717}
{"timestamp":"2026-03-30T16:47:15.155959Z","level":"info","event":"Running statement: INSERT INTO DWH.DIM_STATUS (FLIGHT_STATUS, PASSENGER_STATUS)\nSELECT DISTINCT FLIGHT_STATUS, PASSENGER_STATUS\nFROM CLEAN.TRAVEL_CLEAN;, parameters: None","logger":"airflow.task.hooks.airflow.providers.snowflake.hooks.snowflake.SnowflakeHook","filename":"snowflake.py","lineno":703}
{"timestamp":"2026-03-30T16:47:15.156012Z","level":"info","event":"Running statement: INSERT INTO DWH.DIM_STATUS (FLIGHT_STATUS, PASSENGER_STATUS)\nSELECT DISTINCT FLIGHT_STATUS, PASSENGER_STATUS\nFROM CLEAN.TRAVEL_CLEAN;, parameters: None","logger":"airflow.task.hooks.airflow.providers.snowflake.hooks.snowflake.SnowflakeHook","filename":"sql.py","lineno":829}
{"timestamp":"2026-03-30T16:47:15.461805Z","level":"info","event":"Rows affected: 0","logger":"airflow.task.hooks.airflow.providers.snowflake.hooks.snowflake.SnowflakeHook","filename":"sql.py","lineno":841}
{"timestamp":"2026-03-30T16:47:15.462064Z","level":"info","event":"Rows affected: 0","logger":"airflow.task.hooks.airflow.providers.snowflake.hooks.snowflake.SnowflakeHook","filename":"snowflake.py","lineno":716}
{"timestamp":"2026-03-30T16:47:15.462224Z","level":"info","event":"Snowflake query id: 01c360af-0005-20b0-0000-0001542acb09","logger":"airflow.task.hooks.airflow.providers.snowflake.hooks.snowflake.SnowflakeHook","filename":"snowflake.py","lineno":717}
{"timestamp":"2026-03-30T16:47:15.462335Z","level":"info","event":"Running statement: INSERT INTO DWH.DIM_ARRIVAL_AIRPORT (ARRIVAL_AIRPORT)\nSELECT DISTINCT ARRIVAL_AIRPORT\nFROM CLEAN.TRAVEL_CLEAN;, parameters: None","logger":"airflow.task.hooks.airflow.providers.snowflake.hooks.snowflake.SnowflakeHook","filename":"snowflake.py","lineno":703}
{"timestamp":"2026-03-30T16:47:15.462403Z","level":"info","event":"Running statement: INSERT INTO DWH.DIM_ARRIVAL_AIRPORT (ARRIVAL_AIRPORT)\nSELECT DISTINCT ARRIVAL_AIRPORT\nFROM CLEAN.TRAVEL_CLEAN;, parameters: None","logger":"airflow.task.hooks.airflow.providers.snowflake.hooks.snowflake.SnowflakeHook","filename":"sql.py","lineno":829}
{"timestamp":"2026-03-30T16:47:15.967685Z","level":"info","event":"Rows affected: 0","logger":"airflow.task.hooks.airflow.providers.snowflake.hooks.snowflake.SnowflakeHook","filename":"sql.py","lineno":841}
{"timestamp":"2026-03-30T16:47:15.967892Z","level":"info","event":"Rows affected: 0","logger":"airflow.task.hooks.airflow.providers.snowflake.hooks.snowflake.SnowflakeHook","filename":"snowflake.py","lineno":716}
{"timestamp":"2026-03-30T16:47:15.967974Z","level":"info","event":"Snowflake query id: 01c360af-0005-2084-0000-0001542a5a79","logger":"airflow.task.hooks.airflow.providers.snowflake.hooks.snowflake.SnowflakeHook","filename":"snowflake.py","lineno":717}
{"timestamp":"2026-03-30T16:47:15.968034Z","level":"info","event":"Running statement: INSERT INTO DWH.DIM_DATE (FULL_DATE, YEAR, MONTH, DAY)\nSELECT DISTINCT\n  DEPARTURE_DATE,\n  YEAR(DEPARTURE_DATE),\n  MONTH(DEPARTURE_DATE),\n  DAY(DEPARTURE_DATE)\nFROM CLEAN.TRAVEL_CLEAN\nWHERE DEPARTURE_DATE IS NOT NULL;, parameters: None","logger":"airflow.task.hooks.airflow.providers.snowflake.hooks.snowflake.SnowflakeHook","filename":"snowflake.py","lineno":703}
{"timestamp":"2026-03-30T16:47:15.968088Z","level":"info","event":"Running statement: INSERT INTO DWH.DIM_DATE (FULL_DATE, YEAR, MONTH, DAY)\nSELECT DISTINCT\n  DEPARTURE_DATE,\n  YEAR(DEPARTURE_DATE),\n  MONTH(DEPARTURE_DATE),\n  DAY(DEPARTURE_DATE)\nFROM CLEAN.TRAVEL_CLEAN\nWHERE DEPARTURE_DATE IS NOT NULL;, parameters: None","logger":"airflow.task.hooks.airflow.providers.snowflake.hooks.snowflake.SnowflakeHook","filename":"sql.py","lineno":829}
{"timestamp":"2026-03-30T16:47:16.480334Z","level":"info","event":"Rows affected: 0","logger":"airflow.task.hooks.airflow.providers.snowflake.hooks.snowflake.SnowflakeHook","filename":"sql.py","lineno":841}
{"timestamp":"2026-03-30T16:47:16.480537Z","level":"info","event":"Rows affected: 0","logger":"airflow.task.hooks.airflow.providers.snowflake.hooks.snowflake.SnowflakeHook","filename":"snowflake.py","lineno":716}
{"timestamp":"2026-03-30T16:47:16.480666Z","level":"info","event":"Snowflake query id: 01c360af-0005-2092-0000-0001542ad2b5","logger":"airflow.task.hooks.airflow.providers.snowflake.hooks.snowflake.SnowflakeHook","filename":"snowflake.py","lineno":717}
{"timestamp":"2026-03-30T16:47:16.991246Z","level":"info","event":"Executed: 05_Load_Dimensions.sql","logger":"airflow.task","filename":"snowflake_setup_dag.py","lineno":36}
{"timestamp":"2026-03-30T16:47:16.991628Z","level":"info","event":"Done. Returned value was: None","logger":"airflow.task.operators.airflow.providers.standard.decorators.python._PythonDecoratedOperator","filename":"python.py","lineno":230}
