{"timestamp":"2026-03-30T15:57:21.923364Z","level":"info","event":"DAG bundles loaded: dags-folder","logger":"airflow.dag_processing.bundles.manager.DagBundlesManager","filename":"manager.py","lineno":179}
{"timestamp":"2026-03-30T15:57:21.934981Z","level":"info","event":"Filling up the DagBag from /opt/airflow/dags/set_up_database/snowflake_setup_dag.py","logger":"airflow.models.dagbag.BundleDagBag","filename":"dagbag.py","lineno":593}
{"timestamp":"2026-03-30T15:57:23.857148Z","level":"warning","event":"The `airflow.decorators.dag` attribute is deprecated. Please use `'airflow.sdk.dag'`.","category":"DeprecatedImportWarning","filename":"/opt/airflow/dags/set_up_database/snowflake_setup_dag.py","lineno":4,"logger":"py.warnings"}
{"timestamp":"2026-03-30T15:57:23.857581Z","level":"warning","event":"The `airflow.decorators.task` attribute is deprecated. Please use `'airflow.sdk.task'`.","category":"DeprecatedImportWarning","filename":"/opt/airflow/dags/set_up_database/snowflake_setup_dag.py","lineno":4,"logger":"py.warnings"}
{"timestamp":"2026-03-30T15:57:23.858031Z","level":"warning","event":"The `airflow.models.param.Param` attribute is deprecated. Please use `'airflow.sdk.Param'`.","category":"DeprecatedImportWarning","filename":"/opt/airflow/dags/set_up_database/snowflake_setup_dag.py","lineno":6,"logger":"py.warnings"}
{"timestamp":"2026-03-30T15:57:23.956540Z","level":"info","event":"Snowflake Connector for Python Version: 4.0.0, Python Version: 3.12.12, Platform: Linux-6.6.87.2-microsoft-standard-WSL2-x86_64-with-glibc2.36","logger":"snowflake.connector.connection","filename":"connection.py","lineno":586}
{"timestamp":"2026-03-30T15:57:23.957302Z","level":"info","event":"Connecting to GLOBAL Snowflake domain","logger":"snowflake.connector.connection","filename":"connection.py","lineno":1629}
{"timestamp":"2026-03-30T15:57:26.879469Z","level":"info","event":"Running statement: USE DATABASE AIRLINE_DWH;, parameters: None","logger":"airflow.task.hooks.airflow.providers.snowflake.hooks.snowflake.SnowflakeHook","filename":"snowflake.py","lineno":703}
{"timestamp":"2026-03-30T15:57:26.879694Z","level":"info","event":"Running statement: USE DATABASE AIRLINE_DWH;, parameters: None","logger":"airflow.task.hooks.airflow.providers.snowflake.hooks.snowflake.SnowflakeHook","filename":"sql.py","lineno":829}
{"timestamp":"2026-03-30T15:57:27.044365Z","level":"info","event":"Rows affected: 1","logger":"airflow.task.hooks.airflow.providers.snowflake.hooks.snowflake.SnowflakeHook","filename":"sql.py","lineno":841}
{"timestamp":"2026-03-30T15:57:27.045110Z","level":"info","event":"Rows affected: 1","logger":"airflow.task.hooks.airflow.providers.snowflake.hooks.snowflake.SnowflakeHook","filename":"snowflake.py","lineno":716}
{"timestamp":"2026-03-30T15:57:27.047684Z","level":"info","event":"Snowflake query id: 01c3607d-0005-20b0-0000-0001542ac661","logger":"airflow.task.hooks.airflow.providers.snowflake.hooks.snowflake.SnowflakeHook","filename":"snowflake.py","lineno":717}
{"timestamp":"2026-03-30T15:57:27.047852Z","level":"info","event":"Running statement: USE SCHEMA DWH;, parameters: None","logger":"airflow.task.hooks.airflow.providers.snowflake.hooks.snowflake.SnowflakeHook","filename":"snowflake.py","lineno":703}
{"timestamp":"2026-03-30T15:57:27.047915Z","level":"info","event":"Running statement: USE SCHEMA DWH;, parameters: None","logger":"airflow.task.hooks.airflow.providers.snowflake.hooks.snowflake.SnowflakeHook","filename":"sql.py","lineno":829}
{"timestamp":"2026-03-30T15:57:27.199941Z","level":"info","event":"Rows affected: 1","logger":"airflow.task.hooks.airflow.providers.snowflake.hooks.snowflake.SnowflakeHook","filename":"sql.py","lineno":841}
{"timestamp":"2026-03-30T15:57:27.200121Z","level":"info","event":"Rows affected: 1","logger":"airflow.task.hooks.airflow.providers.snowflake.hooks.snowflake.SnowflakeHook","filename":"snowflake.py","lineno":716}
{"timestamp":"2026-03-30T15:57:27.200208Z","level":"info","event":"Snowflake query id: 01c3607d-0005-2084-0000-0001542a55b9","logger":"airflow.task.hooks.airflow.providers.snowflake.hooks.snowflake.SnowflakeHook","filename":"snowflake.py","lineno":717}
{"timestamp":"2026-03-30T15:57:27.200293Z","level":"info","event":"Running statement: CREATE OR REPLACE TABLE DWH.DIM_DATE (\n  DATE_KEY        NUMBER AUTOINCREMENT,\n  FULL_DATE       DATE,\n  YEAR            NUMBER,\n  MONTH           NUMBER,\n  DAY             NUMBER\n);, parameters: None","logger":"airflow.task.hooks.airflow.providers.snowflake.hooks.snowflake.SnowflakeHook","filename":"snowflake.py","lineno":703}
{"timestamp":"2026-03-30T15:57:27.200383Z","level":"info","event":"Running statement: CREATE OR REPLACE TABLE DWH.DIM_DATE (\n  DATE_KEY        NUMBER AUTOINCREMENT,\n  FULL_DATE       DATE,\n  YEAR            NUMBER,\n  MONTH           NUMBER,\n  DAY             NUMBER\n);, parameters: None","logger":"airflow.task.hooks.airflow.providers.snowflake.hooks.snowflake.SnowflakeHook","filename":"sql.py","lineno":829}
{"timestamp":"2026-03-30T15:57:27.764279Z","level":"info","event":"Rows affected: 1","logger":"airflow.task.hooks.airflow.providers.snowflake.hooks.snowflake.SnowflakeHook","filename":"sql.py","lineno":841}
{"timestamp":"2026-03-30T15:57:27.764487Z","level":"info","event":"Rows affected: 1","logger":"airflow.task.hooks.airflow.providers.snowflake.hooks.snowflake.SnowflakeHook","filename":"snowflake.py","lineno":716}
{"timestamp":"2026-03-30T15:57:27.764601Z","level":"info","event":"Snowflake query id: 01c3607d-0005-2092-0000-0001542a7e4d","logger":"airflow.task.hooks.airflow.providers.snowflake.hooks.snowflake.SnowflakeHook","filename":"snowflake.py","lineno":717}
{"timestamp":"2026-03-30T15:57:27.764664Z","level":"info","event":"Running statement: CREATE OR REPLACE TABLE DWH.DIM_PASSENGER (\n  PASSENGER_KEY   NUMBER AUTOINCREMENT,\n  PASSENGER_ID    VARCHAR,\n  FIRST_NAME      VARCHAR,\n  LAST_NAME       VARCHAR,\n  GENDER          VARCHAR,\n  AGE             VARCHAR,\n  NATIONALITY     VARCHAR\n);, parameters: None","logger":"airflow.task.hooks.airflow.providers.snowflake.hooks.snowflake.SnowflakeHook","filename":"snowflake.py","lineno":703}
{"timestamp":"2026-03-30T15:57:27.764718Z","level":"info","event":"Running statement: CREATE OR REPLACE TABLE DWH.DIM_PASSENGER (\n  PASSENGER_KEY   NUMBER AUTOINCREMENT,\n  PASSENGER_ID    VARCHAR,\n  FIRST_NAME      VARCHAR,\n  LAST_NAME       VARCHAR,\n  GENDER          VARCHAR,\n  AGE             VARCHAR,\n  NATIONALITY     VARCHAR\n);, parameters: None","logger":"airflow.task.hooks.airflow.providers.snowflake.hooks.snowflake.SnowflakeHook","filename":"sql.py","lineno":829}
{"timestamp":"2026-03-30T15:57:28.300223Z","level":"info","event":"Rows affected: 1","logger":"airflow.task.hooks.airflow.providers.snowflake.hooks.snowflake.SnowflakeHook","filename":"sql.py","lineno":841}
{"timestamp":"2026-03-30T15:57:28.300861Z","level":"info","event":"Rows affected: 1","logger":"airflow.task.hooks.airflow.providers.snowflake.hooks.snowflake.SnowflakeHook","filename":"snowflake.py","lineno":716}
{"timestamp":"2026-03-30T15:57:28.301278Z","level":"info","event":"Snowflake query id: 01c3607d-0005-2092-0000-0001542a7e55","logger":"airflow.task.hooks.airflow.providers.snowflake.hooks.snowflake.SnowflakeHook","filename":"snowflake.py","lineno":717}
{"timestamp":"2026-03-30T15:57:28.301688Z","level":"info","event":"Running statement: CREATE OR REPLACE TABLE DWH.DIM_AIRPORT (\n  AIRPORT_KEY           NUMBER AUTOINCREMENT,\n  AIRPORT_NAME          VARCHAR,\n  AIRPORT_COUNTRY_CODE  VARCHAR,\n  COUNTRY_NAME          VARCHAR,\n  AIRPORT_CONTINENT     VARCHAR,\n  CONTINENTS            VARCHAR\n);, parameters: None","logger":"airflow.task.hooks.airflow.providers.snowflake.hooks.snowflake.SnowflakeHook","filename":"snowflake.py","lineno":703}
{"timestamp":"2026-03-30T15:57:28.301885Z","level":"info","event":"Running statement: CREATE OR REPLACE TABLE DWH.DIM_AIRPORT (\n  AIRPORT_KEY           NUMBER AUTOINCREMENT,\n  AIRPORT_NAME          VARCHAR,\n  AIRPORT_COUNTRY_CODE  VARCHAR,\n  COUNTRY_NAME          VARCHAR,\n  AIRPORT_CONTINENT     VARCHAR,\n  CONTINENTS            VARCHAR\n);, parameters: None","logger":"airflow.task.hooks.airflow.providers.snowflake.hooks.snowflake.SnowflakeHook","filename":"sql.py","lineno":829}
{"timestamp":"2026-03-30T15:57:28.599186Z","level":"info","event":"Rows affected: 1","logger":"airflow.task.hooks.airflow.providers.snowflake.hooks.snowflake.SnowflakeHook","filename":"sql.py","lineno":841}
{"timestamp":"2026-03-30T15:57:28.599678Z","level":"info","event":"Rows affected: 1","logger":"airflow.task.hooks.airflow.providers.snowflake.hooks.snowflake.SnowflakeHook","filename":"snowflake.py","lineno":716}
{"timestamp":"2026-03-30T15:57:28.599878Z","level":"info","event":"Snowflake query id: 01c3607d-0005-20b0-0000-0001542ac675","logger":"airflow.task.hooks.airflow.providers.snowflake.hooks.snowflake.SnowflakeHook","filename":"snowflake.py","lineno":717}
{"timestamp":"2026-03-30T15:57:28.600178Z","level":"info","event":"Running statement: CREATE OR REPLACE TABLE DWH.DIM_ARRIVAL_AIRPORT (\n  ARRIVAL_AIRPORT_KEY   NUMBER AUTOINCREMENT,\n  ARRIVAL_AIRPORT       VARCHAR\n);, parameters: None","logger":"airflow.task.hooks.airflow.providers.snowflake.hooks.snowflake.SnowflakeHook","filename":"snowflake.py","lineno":703}
{"timestamp":"2026-03-30T15:57:28.600283Z","level":"info","event":"Running statement: CREATE OR REPLACE TABLE DWH.DIM_ARRIVAL_AIRPORT (\n  ARRIVAL_AIRPORT_KEY   NUMBER AUTOINCREMENT,\n  ARRIVAL_AIRPORT       VARCHAR\n);, parameters: None","logger":"airflow.task.hooks.airflow.providers.snowflake.hooks.snowflake.SnowflakeHook","filename":"sql.py","lineno":829}
{"timestamp":"2026-03-30T15:57:28.893272Z","level":"info","event":"Rows affected: 1","logger":"airflow.task.hooks.airflow.providers.snowflake.hooks.snowflake.SnowflakeHook","filename":"sql.py","lineno":841}
{"timestamp":"2026-03-30T15:57:28.894888Z","level":"info","event":"Rows affected: 1","logger":"airflow.task.hooks.airflow.providers.snowflake.hooks.snowflake.SnowflakeHook","filename":"snowflake.py","lineno":716}
{"timestamp":"2026-03-30T15:57:28.895129Z","level":"info","event":"Snowflake query id: 01c3607d-0005-20b0-0000-0001542ac679","logger":"airflow.task.hooks.airflow.providers.snowflake.hooks.snowflake.SnowflakeHook","filename":"snowflake.py","lineno":717}
{"timestamp":"2026-03-30T15:57:28.895245Z","level":"info","event":"Running statement: CREATE OR REPLACE TABLE DWH.DIM_PILOT (\n  PILOT_KEY       NUMBER AUTOINCREMENT,\n  PILOT_NAME      VARCHAR\n);, parameters: None","logger":"airflow.task.hooks.airflow.providers.snowflake.hooks.snowflake.SnowflakeHook","filename":"snowflake.py","lineno":703}
{"timestamp":"2026-03-30T15:57:28.895364Z","level":"info","event":"Running statement: CREATE OR REPLACE TABLE DWH.DIM_PILOT (\n  PILOT_KEY       NUMBER AUTOINCREMENT,\n  PILOT_NAME      VARCHAR\n);, parameters: None","logger":"airflow.task.hooks.airflow.providers.snowflake.hooks.snowflake.SnowflakeHook","filename":"sql.py","lineno":829}
{"timestamp":"2026-03-30T15:57:29.448216Z","level":"info","event":"Rows affected: 1","logger":"airflow.task.hooks.airflow.providers.snowflake.hooks.snowflake.SnowflakeHook","filename":"sql.py","lineno":841}
{"timestamp":"2026-03-30T15:57:29.448382Z","level":"info","event":"Rows affected: 1","logger":"airflow.task.hooks.airflow.providers.snowflake.hooks.snowflake.SnowflakeHook","filename":"snowflake.py","lineno":716}
{"timestamp":"2026-03-30T15:57:29.448461Z","level":"info","event":"Snowflake query id: 01c3607d-0005-2092-0000-0001542a7e59","logger":"airflow.task.hooks.airflow.providers.snowflake.hooks.snowflake.SnowflakeHook","filename":"snowflake.py","lineno":717}
{"timestamp":"2026-03-30T15:57:29.448517Z","level":"info","event":"Running statement: CREATE OR REPLACE TABLE DWH.DIM_TICKET_TYPE (\n  TICKET_TYPE_KEY NUMBER AUTOINCREMENT,\n  TICKET_TYPE     VARCHAR\n);, parameters: None","logger":"airflow.task.hooks.airflow.providers.snowflake.hooks.snowflake.SnowflakeHook","filename":"snowflake.py","lineno":703}
{"timestamp":"2026-03-30T15:57:29.448568Z","level":"info","event":"Running statement: CREATE OR REPLACE TABLE DWH.DIM_TICKET_TYPE (\n  TICKET_TYPE_KEY NUMBER AUTOINCREMENT,\n  TICKET_TYPE     VARCHAR\n);, parameters: None","logger":"airflow.task.hooks.airflow.providers.snowflake.hooks.snowflake.SnowflakeHook","filename":"sql.py","lineno":829}
{"timestamp":"2026-03-30T15:57:30.088145Z","level":"info","event":"Rows affected: 1","logger":"airflow.task.hooks.airflow.providers.snowflake.hooks.snowflake.SnowflakeHook","filename":"sql.py","lineno":841}
{"timestamp":"2026-03-30T15:57:30.088368Z","level":"info","event":"Rows affected: 1","logger":"airflow.task.hooks.airflow.providers.snowflake.hooks.snowflake.SnowflakeHook","filename":"snowflake.py","lineno":716}
{"timestamp":"2026-03-30T15:57:30.088453Z","level":"info","event":"Snowflake query id: 01c3607d-0005-2092-0000-0001542a7e5d","logger":"airflow.task.hooks.airflow.providers.snowflake.hooks.snowflake.SnowflakeHook","filename":"snowflake.py","lineno":717}
{"timestamp":"2026-03-30T15:57:30.088512Z","level":"info","event":"Running statement: CREATE OR REPLACE TABLE DWH.DIM_STATUS (\n  STATUS_KEY        NUMBER AUTOINCREMENT,\n  FLIGHT_STATUS     VARCHAR,\n  PASSENGER_STATUS  VARCHAR\n);, parameters: None","logger":"airflow.task.hooks.airflow.providers.snowflake.hooks.snowflake.SnowflakeHook","filename":"snowflake.py","lineno":703}
{"timestamp":"2026-03-30T15:57:30.088566Z","level":"info","event":"Running statement: CREATE OR REPLACE TABLE DWH.DIM_STATUS (\n  STATUS_KEY        NUMBER AUTOINCREMENT,\n  FLIGHT_STATUS     VARCHAR,\n  PASSENGER_STATUS  VARCHAR\n);, parameters: None","logger":"airflow.task.hooks.airflow.providers.snowflake.hooks.snowflake.SnowflakeHook","filename":"sql.py","lineno":829}
{"timestamp":"2026-03-30T15:57:30.403888Z","level":"info","event":"Rows affected: 1","logger":"airflow.task.hooks.airflow.providers.snowflake.hooks.snowflake.SnowflakeHook","filename":"sql.py","lineno":841}
{"timestamp":"2026-03-30T15:57:30.404049Z","level":"info","event":"Rows affected: 1","logger":"airflow.task.hooks.airflow.providers.snowflake.hooks.snowflake.SnowflakeHook","filename":"snowflake.py","lineno":716}
{"timestamp":"2026-03-30T15:57:30.404124Z","level":"info","event":"Snowflake query id: 01c3607d-0005-20b0-0000-0001542ac67d","logger":"airflow.task.hooks.airflow.providers.snowflake.hooks.snowflake.SnowflakeHook","filename":"snowflake.py","lineno":717}
{"timestamp":"2026-03-30T15:57:30.725983Z","level":"info","event":"Executed: 02_Create_Dimension_Tables.sql","logger":"airflow.task","filename":"snowflake_setup_dag.py","lineno":37}
{"timestamp":"2026-03-30T15:57:30.726247Z","level":"info","event":"Done. Returned value was: None","logger":"airflow.task.operators.airflow.providers.standard.decorators.python._PythonDecoratedOperator","filename":"python.py","lineno":230}
