{"timestamp":"2026-03-30T16:43:04.463192Z","level":"info","event":"DAG bundles loaded: dags-folder","logger":"airflow.dag_processing.bundles.manager.DagBundlesManager","filename":"manager.py","lineno":179}
{"timestamp":"2026-03-30T16:43:04.467093Z","level":"info","event":"Filling up the DagBag from /opt/airflow/dags/set_up_database/snowflake_setup_dag.py","logger":"airflow.models.dagbag.BundleDagBag","filename":"dagbag.py","lineno":593}
{"timestamp":"2026-03-30T16:43:05.392609Z","level":"warning","event":"The `airflow.decorators.dag` attribute is deprecated. Please use `'airflow.sdk.dag'`.","category":"DeprecatedImportWarning","filename":"/opt/airflow/dags/set_up_database/snowflake_setup_dag.py","lineno":4,"logger":"py.warnings"}
{"timestamp":"2026-03-30T16:43:05.392832Z","level":"warning","event":"The `airflow.decorators.task` attribute is deprecated. Please use `'airflow.sdk.task'`.","category":"DeprecatedImportWarning","filename":"/opt/airflow/dags/set_up_database/snowflake_setup_dag.py","lineno":4,"logger":"py.warnings"}
{"timestamp":"2026-03-30T16:43:05.392948Z","level":"warning","event":"The `airflow.models.param.Param` attribute is deprecated. Please use `'airflow.sdk.Param'`.","category":"DeprecatedImportWarning","filename":"/opt/airflow/dags/set_up_database/snowflake_setup_dag.py","lineno":6,"logger":"py.warnings"}
{"timestamp":"2026-03-30T16:43:05.454308Z","level":"info","event":"Snowflake Connector for Python Version: 4.0.0, Python Version: 3.12.12, Platform: Linux-6.6.87.2-microsoft-standard-WSL2-x86_64-with-glibc2.36","logger":"snowflake.connector.connection","filename":"connection.py","lineno":586}
{"timestamp":"2026-03-30T16:43:05.455332Z","level":"info","event":"Connecting to GLOBAL Snowflake domain","logger":"snowflake.connector.connection","filename":"connection.py","lineno":1629}
{"timestamp":"2026-03-30T16:43:15.561129Z","level":"info","event":"Running statement: USE DATABASE AIRLINE_DWH;, parameters: None","logger":"airflow.task.hooks.airflow.providers.snowflake.hooks.snowflake.SnowflakeHook","filename":"snowflake.py","lineno":703}
{"timestamp":"2026-03-30T16:43:15.561343Z","level":"info","event":"Running statement: USE DATABASE AIRLINE_DWH;, parameters: None","logger":"airflow.task.hooks.airflow.providers.snowflake.hooks.snowflake.SnowflakeHook","filename":"sql.py","lineno":829}
{"timestamp":"2026-03-30T16:43:16.045713Z","level":"info","event":"Rows affected: 1","logger":"airflow.task.hooks.airflow.providers.snowflake.hooks.snowflake.SnowflakeHook","filename":"sql.py","lineno":841}
{"timestamp":"2026-03-30T16:43:16.046000Z","level":"info","event":"Rows affected: 1","logger":"airflow.task.hooks.airflow.providers.snowflake.hooks.snowflake.SnowflakeHook","filename":"snowflake.py","lineno":716}
{"timestamp":"2026-03-30T16:43:16.046980Z","level":"info","event":"Snowflake query id: 01c360ab-0005-2084-0000-0001542a5a29","logger":"airflow.task.hooks.airflow.providers.snowflake.hooks.snowflake.SnowflakeHook","filename":"snowflake.py","lineno":717}
{"timestamp":"2026-03-30T16:43:16.047190Z","level":"info","event":"Running statement: USE SCHEMA DWH;, parameters: None","logger":"airflow.task.hooks.airflow.providers.snowflake.hooks.snowflake.SnowflakeHook","filename":"snowflake.py","lineno":703}
{"timestamp":"2026-03-30T16:43:16.047265Z","level":"info","event":"Running statement: USE SCHEMA DWH;, parameters: None","logger":"airflow.task.hooks.airflow.providers.snowflake.hooks.snowflake.SnowflakeHook","filename":"sql.py","lineno":829}
{"timestamp":"2026-03-30T16:43:16.692303Z","level":"info","event":"Rows affected: 1","logger":"airflow.task.hooks.airflow.providers.snowflake.hooks.snowflake.SnowflakeHook","filename":"sql.py","lineno":841}
{"timestamp":"2026-03-30T16:43:16.692572Z","level":"info","event":"Rows affected: 1","logger":"airflow.task.hooks.airflow.providers.snowflake.hooks.snowflake.SnowflakeHook","filename":"snowflake.py","lineno":716}
{"timestamp":"2026-03-30T16:43:16.692683Z","level":"info","event":"Snowflake query id: 01c360ab-0005-2084-0000-0001542a5a2d","logger":"airflow.task.hooks.airflow.providers.snowflake.hooks.snowflake.SnowflakeHook","filename":"snowflake.py","lineno":717}
{"timestamp":"2026-03-30T16:43:16.692744Z","level":"info","event":"Running statement: INSERT INTO DWH.DIM_PASSENGER\n  (PASSENGER_ID, FIRST_NAME, LAST_NAME, GENDER, AGE, NATIONALITY)\nSELECT DISTINCT\n  PASSENGER_ID, FIRST_NAME, LAST_NAME, GENDER, AGE, NATIONALITY\nFROM CLEAN.TRAVEL_CLEAN;, parameters: None","logger":"airflow.task.hooks.airflow.providers.snowflake.hooks.snowflake.SnowflakeHook","filename":"snowflake.py","lineno":703}
{"timestamp":"2026-03-30T16:43:16.692798Z","level":"info","event":"Running statement: INSERT INTO DWH.DIM_PASSENGER\n  (PASSENGER_ID, FIRST_NAME, LAST_NAME, GENDER, AGE, NATIONALITY)\nSELECT DISTINCT\n  PASSENGER_ID, FIRST_NAME, LAST_NAME, GENDER, AGE, NATIONALITY\nFROM CLEAN.TRAVEL_CLEAN;, parameters: None","logger":"airflow.task.hooks.airflow.providers.snowflake.hooks.snowflake.SnowflakeHook","filename":"sql.py","lineno":829}
{"timestamp":"2026-03-30T16:43:17.688118Z","level":"info","event":"Rows affected: 0","logger":"airflow.task.hooks.airflow.providers.snowflake.hooks.snowflake.SnowflakeHook","filename":"sql.py","lineno":841}
{"timestamp":"2026-03-30T16:43:17.688459Z","level":"info","event":"Rows affected: 0","logger":"airflow.task.hooks.airflow.providers.snowflake.hooks.snowflake.SnowflakeHook","filename":"snowflake.py","lineno":716}
{"timestamp":"2026-03-30T16:43:17.688550Z","level":"info","event":"Snowflake query id: 01c360ab-0005-20a9-0000-0001542a357d","logger":"airflow.task.hooks.airflow.providers.snowflake.hooks.snowflake.SnowflakeHook","filename":"snowflake.py","lineno":717}
{"timestamp":"2026-03-30T16:43:17.688634Z","level":"info","event":"Running statement: INSERT INTO DWH.DIM_AIRPORT\n  (AIRPORT_NAME, AIRPORT_COUNTRY_CODE, COUNTRY_NAME, AIRPORT_CONTINENT, CONTINENTS)\nSELECT DISTINCT\n  AIRPORT_NAME, AIRPORT_COUNTRY_CODE, COUNTRY_NAME, AIRPORT_CONTINENT, CONTINENTS\nFROM CLEAN.TRAVEL_CLEAN;, parameters: None","logger":"airflow.task.hooks.airflow.providers.snowflake.hooks.snowflake.SnowflakeHook","filename":"snowflake.py","lineno":703}
{"timestamp":"2026-03-30T16:43:17.688719Z","level":"info","event":"Running statement: INSERT INTO DWH.DIM_AIRPORT\n  (AIRPORT_NAME, AIRPORT_COUNTRY_CODE, COUNTRY_NAME, AIRPORT_CONTINENT, CONTINENTS)\nSELECT DISTINCT\n  AIRPORT_NAME, AIRPORT_COUNTRY_CODE, COUNTRY_NAME, AIRPORT_CONTINENT, CONTINENTS\nFROM CLEAN.TRAVEL_CLEAN;, parameters: None","logger":"airflow.task.hooks.airflow.providers.snowflake.hooks.snowflake.SnowflakeHook","filename":"sql.py","lineno":829}
{"timestamp":"2026-03-30T16:43:18.296843Z","level":"info","event":"Rows affected: 0","logger":"airflow.task.hooks.airflow.providers.snowflake.hooks.snowflake.SnowflakeHook","filename":"sql.py","lineno":841}
{"timestamp":"2026-03-30T16:43:18.297039Z","level":"info","event":"Rows affected: 0","logger":"airflow.task.hooks.airflow.providers.snowflake.hooks.snowflake.SnowflakeHook","filename":"snowflake.py","lineno":716}
{"timestamp":"2026-03-30T16:43:18.297127Z","level":"info","event":"Snowflake query id: 01c360ab-0005-20b0-0000-0001542acac9","logger":"airflow.task.hooks.airflow.providers.snowflake.hooks.snowflake.SnowflakeHook","filename":"snowflake.py","lineno":717}
{"timestamp":"2026-03-30T16:43:18.297189Z","level":"info","event":"Running statement: INSERT INTO DWH.DIM_PILOT (PILOT_NAME)\nSELECT DISTINCT PILOT_NAME\nFROM CLEAN.TRAVEL_CLEAN;, parameters: None","logger":"airflow.task.hooks.airflow.providers.snowflake.hooks.snowflake.SnowflakeHook","filename":"snowflake.py","lineno":703}
{"timestamp":"2026-03-30T16:43:18.297288Z","level":"info","event":"Running statement: INSERT INTO DWH.DIM_PILOT (PILOT_NAME)\nSELECT DISTINCT PILOT_NAME\nFROM CLEAN.TRAVEL_CLEAN;, parameters: None","logger":"airflow.task.hooks.airflow.providers.snowflake.hooks.snowflake.SnowflakeHook","filename":"sql.py","lineno":829}
{"timestamp":"2026-03-30T16:43:19.223480Z","level":"info","event":"Rows affected: 0","logger":"airflow.task.hooks.airflow.providers.snowflake.hooks.snowflake.SnowflakeHook","filename":"sql.py","lineno":841}
{"timestamp":"2026-03-30T16:43:19.223780Z","level":"info","event":"Rows affected: 0","logger":"airflow.task.hooks.airflow.providers.snowflake.hooks.snowflake.SnowflakeHook","filename":"snowflake.py","lineno":716}
{"timestamp":"2026-03-30T16:43:19.223877Z","level":"info","event":"Snowflake query id: 01c360ab-0005-2092-0000-0001542ad25d","logger":"airflow.task.hooks.airflow.providers.snowflake.hooks.snowflake.SnowflakeHook","filename":"snowflake.py","lineno":717}
{"timestamp":"2026-03-30T16:43:19.223934Z","level":"info","event":"Running statement: INSERT INTO DWH.DIM_TICKET_TYPE (TICKET_TYPE)\nSELECT DISTINCT TICKET_TYPE\nFROM CLEAN.TRAVEL_CLEAN;, parameters: None","logger":"airflow.task.hooks.airflow.providers.snowflake.hooks.snowflake.SnowflakeHook","filename":"snowflake.py","lineno":703}
{"timestamp":"2026-03-30T16:43:19.223989Z","level":"info","event":"Running statement: INSERT INTO DWH.DIM_TICKET_TYPE (TICKET_TYPE)\nSELECT DISTINCT TICKET_TYPE\nFROM CLEAN.TRAVEL_CLEAN;, parameters: None","logger":"airflow.task.hooks.airflow.providers.snowflake.hooks.snowflake.SnowflakeHook","filename":"sql.py","lineno":829}
{"timestamp":"2026-03-30T16:43:19.627860Z","level":"info","event":"Rows affected: 0","logger":"airflow.task.hooks.airflow.providers.snowflake.hooks.snowflake.SnowflakeHook","filename":"sql.py","lineno":841}
{"timestamp":"2026-03-30T16:43:19.628016Z","level":"info","event":"Rows affected: 0","logger":"airflow.task.hooks.airflow.providers.snowflake.hooks.snowflake.SnowflakeHook","filename":"snowflake.py","lineno":716}
{"timestamp":"2026-03-30T16:43:19.628129Z","level":"info","event":"Snowflake query id: 01c360ab-0005-20b0-0000-0001542acacd","logger":"airflow.task.hooks.airflow.providers.snowflake.hooks.snowflake.SnowflakeHook","filename":"snowflake.py","lineno":717}
{"timestamp":"2026-03-30T16:43:19.628240Z","level":"info","event":"Running statement: INSERT INTO DWH.DIM_STATUS (FLIGHT_STATUS, PASSENGER_STATUS)\nSELECT DISTINCT FLIGHT_STATUS, PASSENGER_STATUS\nFROM CLEAN.TRAVEL_CLEAN;, parameters: None","logger":"airflow.task.hooks.airflow.providers.snowflake.hooks.snowflake.SnowflakeHook","filename":"snowflake.py","lineno":703}
{"timestamp":"2026-03-30T16:43:19.628342Z","level":"info","event":"Running statement: INSERT INTO DWH.DIM_STATUS (FLIGHT_STATUS, PASSENGER_STATUS)\nSELECT DISTINCT FLIGHT_STATUS, PASSENGER_STATUS\nFROM CLEAN.TRAVEL_CLEAN;, parameters: None","logger":"airflow.task.hooks.airflow.providers.snowflake.hooks.snowflake.SnowflakeHook","filename":"sql.py","lineno":829}
{"timestamp":"2026-03-30T16:43:20.039727Z","level":"info","event":"Rows affected: 0","logger":"airflow.task.hooks.airflow.providers.snowflake.hooks.snowflake.SnowflakeHook","filename":"sql.py","lineno":841}
{"timestamp":"2026-03-30T16:43:20.040023Z","level":"info","event":"Rows affected: 0","logger":"airflow.task.hooks.airflow.providers.snowflake.hooks.snowflake.SnowflakeHook","filename":"snowflake.py","lineno":716}
{"timestamp":"2026-03-30T16:43:20.040115Z","level":"info","event":"Snowflake query id: 01c360ab-0005-20b0-0000-0001542acad1","logger":"airflow.task.hooks.airflow.providers.snowflake.hooks.snowflake.SnowflakeHook","filename":"snowflake.py","lineno":717}
{"timestamp":"2026-03-30T16:43:20.040172Z","level":"info","event":"Running statement: INSERT INTO DWH.DIM_ARRIVAL_AIRPORT (ARRIVAL_AIRPORT)\nSELECT DISTINCT ARRIVAL_AIRPORT\nFROM CLEAN.TRAVEL_CLEAN;, parameters: None","logger":"airflow.task.hooks.airflow.providers.snowflake.hooks.snowflake.SnowflakeHook","filename":"snowflake.py","lineno":703}
{"timestamp":"2026-03-30T16:43:20.040241Z","level":"info","event":"Running statement: INSERT INTO DWH.DIM_ARRIVAL_AIRPORT (ARRIVAL_AIRPORT)\nSELECT DISTINCT ARRIVAL_AIRPORT\nFROM CLEAN.TRAVEL_CLEAN;, parameters: None","logger":"airflow.task.hooks.airflow.providers.snowflake.hooks.snowflake.SnowflakeHook","filename":"sql.py","lineno":829}
{"timestamp":"2026-03-30T16:43:20.662728Z","level":"info","event":"Rows affected: 0","logger":"airflow.task.hooks.airflow.providers.snowflake.hooks.snowflake.SnowflakeHook","filename":"sql.py","lineno":841}
{"timestamp":"2026-03-30T16:43:20.662931Z","level":"info","event":"Rows affected: 0","logger":"airflow.task.hooks.airflow.providers.snowflake.hooks.snowflake.SnowflakeHook","filename":"snowflake.py","lineno":716}
{"timestamp":"2026-03-30T16:43:20.663008Z","level":"info","event":"Snowflake query id: 01c360ab-0005-2092-0000-0001542ad261","logger":"airflow.task.hooks.airflow.providers.snowflake.hooks.snowflake.SnowflakeHook","filename":"snowflake.py","lineno":717}
{"timestamp":"2026-03-30T16:43:20.663064Z","level":"info","event":"Running statement: INSERT INTO DWH.DIM_DATE (FULL_DATE, YEAR, MONTH, DAY)\nSELECT DISTINCT\n  DEPARTURE_DATE,\n  YEAR(DEPARTURE_DATE),\n  MONTH(DEPARTURE_DATE),\n  DAY(DEPARTURE_DATE)\nFROM CLEAN.TRAVEL_CLEAN\nWHERE DEPARTURE_DATE IS NOT NULL;, parameters: None","logger":"airflow.task.hooks.airflow.providers.snowflake.hooks.snowflake.SnowflakeHook","filename":"snowflake.py","lineno":703}
{"timestamp":"2026-03-30T16:43:20.663150Z","level":"info","event":"Running statement: INSERT INTO DWH.DIM_DATE (FULL_DATE, YEAR, MONTH, DAY)\nSELECT DISTINCT\n  DEPARTURE_DATE,\n  YEAR(DEPARTURE_DATE),\n  MONTH(DEPARTURE_DATE),\n  DAY(DEPARTURE_DATE)\nFROM CLEAN.TRAVEL_CLEAN\nWHERE DEPARTURE_DATE IS NOT NULL;, parameters: None","logger":"airflow.task.hooks.airflow.providers.snowflake.hooks.snowflake.SnowflakeHook","filename":"sql.py","lineno":829}
{"timestamp":"2026-03-30T16:43:21.472011Z","level":"info","event":"Rows affected: 0","logger":"airflow.task.hooks.airflow.providers.snowflake.hooks.snowflake.SnowflakeHook","filename":"sql.py","lineno":841}
{"timestamp":"2026-03-30T16:43:21.472264Z","level":"info","event":"Rows affected: 0","logger":"airflow.task.hooks.airflow.providers.snowflake.hooks.snowflake.SnowflakeHook","filename":"snowflake.py","lineno":716}
{"timestamp":"2026-03-30T16:43:21.472342Z","level":"info","event":"Snowflake query id: 01c360ab-0005-2084-0000-0001542a5a31","logger":"airflow.task.hooks.airflow.providers.snowflake.hooks.snowflake.SnowflakeHook","filename":"snowflake.py","lineno":717}
{"timestamp":"2026-03-30T16:43:22.086256Z","level":"info","event":"Executed: 05_Load_Dimensions.sql","logger":"airflow.task","filename":"snowflake_setup_dag.py","lineno":47}
{"timestamp":"2026-03-30T16:43:22.086638Z","level":"info","event":"Done. Returned value was: None","logger":"airflow.task.operators.airflow.providers.standard.decorators.python._PythonDecoratedOperator","filename":"python.py","lineno":230}
