{"timestamp":"2026-03-30T16:46:42.558944Z","level":"info","event":"DAG bundles loaded: dags-folder","logger":"airflow.dag_processing.bundles.manager.DagBundlesManager","filename":"manager.py","lineno":179}
{"timestamp":"2026-03-30T16:46:42.562431Z","level":"info","event":"Filling up the DagBag from /opt/airflow/dags/set_up_database/snowflake_setup_dag.py","logger":"airflow.models.dagbag.BundleDagBag","filename":"dagbag.py","lineno":593}
{"timestamp":"2026-03-30T16:46:43.524077Z","level":"warning","event":"The `airflow.decorators.dag` attribute is deprecated. Please use `'airflow.sdk.dag'`.","category":"DeprecatedImportWarning","filename":"/opt/airflow/dags/set_up_database/snowflake_setup_dag.py","lineno":4,"logger":"py.warnings"}
{"timestamp":"2026-03-30T16:46:43.524297Z","level":"warning","event":"The `airflow.decorators.task` attribute is deprecated. Please use `'airflow.sdk.task'`.","category":"DeprecatedImportWarning","filename":"/opt/airflow/dags/set_up_database/snowflake_setup_dag.py","lineno":4,"logger":"py.warnings"}
{"timestamp":"2026-03-30T16:46:43.524412Z","level":"warning","event":"The `airflow.models.param.Param` attribute is deprecated. Please use `'airflow.sdk.Param'`.","category":"DeprecatedImportWarning","filename":"/opt/airflow/dags/set_up_database/snowflake_setup_dag.py","lineno":6,"logger":"py.warnings"}
{"timestamp":"2026-03-30T16:46:43.587718Z","level":"info","event":"Snowflake Connector for Python Version: 4.0.0, Python Version: 3.12.12, Platform: Linux-6.6.87.2-microsoft-standard-WSL2-x86_64-with-glibc2.36","logger":"snowflake.connector.connection","filename":"connection.py","lineno":586}
{"timestamp":"2026-03-30T16:46:43.588481Z","level":"info","event":"Connecting to GLOBAL Snowflake domain","logger":"snowflake.connector.connection","filename":"connection.py","lineno":1629}
{"timestamp":"2026-03-30T16:46:47.913716Z","level":"info","event":"Running statement: USE DATABASE AIRLINE_DWH;, parameters: None","logger":"airflow.task.hooks.airflow.providers.snowflake.hooks.snowflake.SnowflakeHook","filename":"snowflake.py","lineno":703}
{"timestamp":"2026-03-30T16:46:47.913929Z","level":"info","event":"Running statement: USE DATABASE AIRLINE_DWH;, parameters: None","logger":"airflow.task.hooks.airflow.providers.snowflake.hooks.snowflake.SnowflakeHook","filename":"sql.py","lineno":829}
{"timestamp":"2026-03-30T16:46:48.223661Z","level":"info","event":"Rows affected: 1","logger":"airflow.task.hooks.airflow.providers.snowflake.hooks.snowflake.SnowflakeHook","filename":"sql.py","lineno":841}
{"timestamp":"2026-03-30T16:46:48.223917Z","level":"info","event":"Rows affected: 1","logger":"airflow.task.hooks.airflow.providers.snowflake.hooks.snowflake.SnowflakeHook","filename":"snowflake.py","lineno":716}
{"timestamp":"2026-03-30T16:46:48.226966Z","level":"info","event":"Snowflake query id: 01c360ae-0005-2092-0000-0001542ad291","logger":"airflow.task.hooks.airflow.providers.snowflake.hooks.snowflake.SnowflakeHook","filename":"snowflake.py","lineno":717}
{"timestamp":"2026-03-30T16:46:48.227190Z","level":"info","event":"Running statement: USE SCHEMA DWH;, parameters: None","logger":"airflow.task.hooks.airflow.providers.snowflake.hooks.snowflake.SnowflakeHook","filename":"snowflake.py","lineno":703}
{"timestamp":"2026-03-30T16:46:48.227295Z","level":"info","event":"Running statement: USE SCHEMA DWH;, parameters: None","logger":"airflow.task.hooks.airflow.providers.snowflake.hooks.snowflake.SnowflakeHook","filename":"sql.py","lineno":829}
{"timestamp":"2026-03-30T16:46:48.525567Z","level":"info","event":"Rows affected: 1","logger":"airflow.task.hooks.airflow.providers.snowflake.hooks.snowflake.SnowflakeHook","filename":"sql.py","lineno":841}
{"timestamp":"2026-03-30T16:46:48.525833Z","level":"info","event":"Rows affected: 1","logger":"airflow.task.hooks.airflow.providers.snowflake.hooks.snowflake.SnowflakeHook","filename":"snowflake.py","lineno":716}
{"timestamp":"2026-03-30T16:46:48.525916Z","level":"info","event":"Snowflake query id: 01c360ae-0005-20a9-0000-0001542a35b1","logger":"airflow.task.hooks.airflow.providers.snowflake.hooks.snowflake.SnowflakeHook","filename":"snowflake.py","lineno":717}
{"timestamp":"2026-03-30T16:46:48.525976Z","level":"info","event":"Running statement: CREATE OR REPLACE TABLE DWH.DIM_DATE (\n  DATE_KEY        NUMBER AUTOINCREMENT,\n  FULL_DATE       DATE,\n  YEAR            NUMBER,\n  MONTH           NUMBER,\n  DAY             NUMBER\n);, parameters: None","logger":"airflow.task.hooks.airflow.providers.snowflake.hooks.snowflake.SnowflakeHook","filename":"snowflake.py","lineno":703}
{"timestamp":"2026-03-30T16:46:48.526031Z","level":"info","event":"Running statement: CREATE OR REPLACE TABLE DWH.DIM_DATE (\n  DATE_KEY        NUMBER AUTOINCREMENT,\n  FULL_DATE       DATE,\n  YEAR            NUMBER,\n  MONTH           NUMBER,\n  DAY             NUMBER\n);, parameters: None","logger":"airflow.task.hooks.airflow.providers.snowflake.hooks.snowflake.SnowflakeHook","filename":"sql.py","lineno":829}
{"timestamp":"2026-03-30T16:46:48.936651Z","level":"info","event":"Rows affected: 1","logger":"airflow.task.hooks.airflow.providers.snowflake.hooks.snowflake.SnowflakeHook","filename":"sql.py","lineno":841}
{"timestamp":"2026-03-30T16:46:48.936801Z","level":"info","event":"Rows affected: 1","logger":"airflow.task.hooks.airflow.providers.snowflake.hooks.snowflake.SnowflakeHook","filename":"snowflake.py","lineno":716}
{"timestamp":"2026-03-30T16:46:48.936900Z","level":"info","event":"Snowflake query id: 01c360ae-0005-20b0-0000-0001542acaf1","logger":"airflow.task.hooks.airflow.providers.snowflake.hooks.snowflake.SnowflakeHook","filename":"snowflake.py","lineno":717}
{"timestamp":"2026-03-30T16:46:48.937014Z","level":"info","event":"Running statement: CREATE OR REPLACE TABLE DWH.DIM_PASSENGER (\n  PASSENGER_KEY   NUMBER AUTOINCREMENT,\n  PASSENGER_ID    VARCHAR,\n  FIRST_NAME      VARCHAR,\n  LAST_NAME       VARCHAR,\n  GENDER          VARCHAR,\n  AGE             VARCHAR,\n  NATIONALITY     VARCHAR\n);, parameters: None","logger":"airflow.task.hooks.airflow.providers.snowflake.hooks.snowflake.SnowflakeHook","filename":"snowflake.py","lineno":703}
{"timestamp":"2026-03-30T16:46:48.937080Z","level":"info","event":"Running statement: CREATE OR REPLACE TABLE DWH.DIM_PASSENGER (\n  PASSENGER_KEY   NUMBER AUTOINCREMENT,\n  PASSENGER_ID    VARCHAR,\n  FIRST_NAME      VARCHAR,\n  LAST_NAME       VARCHAR,\n  GENDER          VARCHAR,\n  AGE             VARCHAR,\n  NATIONALITY     VARCHAR\n);, parameters: None","logger":"airflow.task.hooks.airflow.providers.snowflake.hooks.snowflake.SnowflakeHook","filename":"sql.py","lineno":829}
{"timestamp":"2026-03-30T16:46:49.446445Z","level":"info","event":"Rows affected: 1","logger":"airflow.task.hooks.airflow.providers.snowflake.hooks.snowflake.SnowflakeHook","filename":"sql.py","lineno":841}
{"timestamp":"2026-03-30T16:46:49.446639Z","level":"info","event":"Rows affected: 1","logger":"airflow.task.hooks.airflow.providers.snowflake.hooks.snowflake.SnowflakeHook","filename":"snowflake.py","lineno":716}
{"timestamp":"2026-03-30T16:46:49.446766Z","level":"info","event":"Snowflake query id: 01c360ae-0005-2092-0000-0001542ad295","logger":"airflow.task.hooks.airflow.providers.snowflake.hooks.snowflake.SnowflakeHook","filename":"snowflake.py","lineno":717}
{"timestamp":"2026-03-30T16:46:49.446826Z","level":"info","event":"Running statement: CREATE OR REPLACE TABLE DWH.DIM_AIRPORT (\n  AIRPORT_KEY           NUMBER AUTOINCREMENT,\n  AIRPORT_NAME          VARCHAR,\n  AIRPORT_COUNTRY_CODE  VARCHAR,\n  COUNTRY_NAME          VARCHAR,\n  AIRPORT_CONTINENT     VARCHAR,\n  CONTINENTS            VARCHAR\n);, parameters: None","logger":"airflow.task.hooks.airflow.providers.snowflake.hooks.snowflake.SnowflakeHook","filename":"snowflake.py","lineno":703}
{"timestamp":"2026-03-30T16:46:49.446880Z","level":"info","event":"Running statement: CREATE OR REPLACE TABLE DWH.DIM_AIRPORT (\n  AIRPORT_KEY           NUMBER AUTOINCREMENT,\n  AIRPORT_NAME          VARCHAR,\n  AIRPORT_COUNTRY_CODE  VARCHAR,\n  COUNTRY_NAME          VARCHAR,\n  AIRPORT_CONTINENT     VARCHAR,\n  CONTINENTS            VARCHAR\n);, parameters: None","logger":"airflow.task.hooks.airflow.providers.snowflake.hooks.snowflake.SnowflakeHook","filename":"sql.py","lineno":829}
{"timestamp":"2026-03-30T16:46:49.754911Z","level":"info","event":"Rows affected: 1","logger":"airflow.task.hooks.airflow.providers.snowflake.hooks.snowflake.SnowflakeHook","filename":"sql.py","lineno":841}
{"timestamp":"2026-03-30T16:46:49.755064Z","level":"info","event":"Rows affected: 1","logger":"airflow.task.hooks.airflow.providers.snowflake.hooks.snowflake.SnowflakeHook","filename":"snowflake.py","lineno":716}
{"timestamp":"2026-03-30T16:46:49.755135Z","level":"info","event":"Snowflake query id: 01c360ae-0005-20b0-0000-0001542acaf5","logger":"airflow.task.hooks.airflow.providers.snowflake.hooks.snowflake.SnowflakeHook","filename":"snowflake.py","lineno":717}
{"timestamp":"2026-03-30T16:46:49.755192Z","level":"info","event":"Running statement: CREATE OR REPLACE TABLE DWH.DIM_ARRIVAL_AIRPORT (\n  ARRIVAL_AIRPORT_KEY   NUMBER AUTOINCREMENT,\n  ARRIVAL_AIRPORT       VARCHAR\n);, parameters: None","logger":"airflow.task.hooks.airflow.providers.snowflake.hooks.snowflake.SnowflakeHook","filename":"snowflake.py","lineno":703}
{"timestamp":"2026-03-30T16:46:49.755242Z","level":"info","event":"Running statement: CREATE OR REPLACE TABLE DWH.DIM_ARRIVAL_AIRPORT (\n  ARRIVAL_AIRPORT_KEY   NUMBER AUTOINCREMENT,\n  ARRIVAL_AIRPORT       VARCHAR\n);, parameters: None","logger":"airflow.task.hooks.airflow.providers.snowflake.hooks.snowflake.SnowflakeHook","filename":"sql.py","lineno":829}
{"timestamp":"2026-03-30T16:46:50.374215Z","level":"info","event":"Rows affected: 1","logger":"airflow.task.hooks.airflow.providers.snowflake.hooks.snowflake.SnowflakeHook","filename":"sql.py","lineno":841}
{"timestamp":"2026-03-30T16:46:50.374418Z","level":"info","event":"Rows affected: 1","logger":"airflow.task.hooks.airflow.providers.snowflake.hooks.snowflake.SnowflakeHook","filename":"snowflake.py","lineno":716}
{"timestamp":"2026-03-30T16:46:50.374496Z","level":"info","event":"Snowflake query id: 01c360ae-0005-2084-0000-0001542a5a69","logger":"airflow.task.hooks.airflow.providers.snowflake.hooks.snowflake.SnowflakeHook","filename":"snowflake.py","lineno":717}
{"timestamp":"2026-03-30T16:46:50.374552Z","level":"info","event":"Running statement: CREATE OR REPLACE TABLE DWH.DIM_PILOT (\n  PILOT_KEY       NUMBER AUTOINCREMENT,\n  PILOT_NAME      VARCHAR\n);, parameters: None","logger":"airflow.task.hooks.airflow.providers.snowflake.hooks.snowflake.SnowflakeHook","filename":"snowflake.py","lineno":703}
{"timestamp":"2026-03-30T16:46:50.374603Z","level":"info","event":"Running statement: CREATE OR REPLACE TABLE DWH.DIM_PILOT (\n  PILOT_KEY       NUMBER AUTOINCREMENT,\n  PILOT_NAME      VARCHAR\n);, parameters: None","logger":"airflow.task.hooks.airflow.providers.snowflake.hooks.snowflake.SnowflakeHook","filename":"sql.py","lineno":829}
{"timestamp":"2026-03-30T16:46:50.784877Z","level":"info","event":"Rows affected: 1","logger":"airflow.task.hooks.airflow.providers.snowflake.hooks.snowflake.SnowflakeHook","filename":"sql.py","lineno":841}
{"timestamp":"2026-03-30T16:46:50.788559Z","level":"info","event":"Rows affected: 1","logger":"airflow.task.hooks.airflow.providers.snowflake.hooks.snowflake.SnowflakeHook","filename":"snowflake.py","lineno":716}
{"timestamp":"2026-03-30T16:46:50.788704Z","level":"info","event":"Snowflake query id: 01c360ae-0005-2092-0000-0001542ad299","logger":"airflow.task.hooks.airflow.providers.snowflake.hooks.snowflake.SnowflakeHook","filename":"snowflake.py","lineno":717}
{"timestamp":"2026-03-30T16:46:50.788769Z","level":"info","event":"Running statement: CREATE OR REPLACE TABLE DWH.DIM_TICKET_TYPE (\n  TICKET_TYPE_KEY NUMBER AUTOINCREMENT,\n  TICKET_TYPE     VARCHAR\n);, parameters: None","logger":"airflow.task.hooks.airflow.providers.snowflake.hooks.snowflake.SnowflakeHook","filename":"snowflake.py","lineno":703}
{"timestamp":"2026-03-30T16:46:50.788824Z","level":"info","event":"Running statement: CREATE OR REPLACE TABLE DWH.DIM_TICKET_TYPE (\n  TICKET_TYPE_KEY NUMBER AUTOINCREMENT,\n  TICKET_TYPE     VARCHAR\n);, parameters: None","logger":"airflow.task.hooks.airflow.providers.snowflake.hooks.snowflake.SnowflakeHook","filename":"sql.py","lineno":829}
{"timestamp":"2026-03-30T16:46:51.396539Z","level":"info","event":"Rows affected: 1","logger":"airflow.task.hooks.airflow.providers.snowflake.hooks.snowflake.SnowflakeHook","filename":"sql.py","lineno":841}
{"timestamp":"2026-03-30T16:46:51.397122Z","level":"info","event":"Rows affected: 1","logger":"airflow.task.hooks.airflow.providers.snowflake.hooks.snowflake.SnowflakeHook","filename":"snowflake.py","lineno":716}
{"timestamp":"2026-03-30T16:46:51.397272Z","level":"info","event":"Snowflake query id: 01c360ae-0005-20a9-0000-0001542a35b5","logger":"airflow.task.hooks.airflow.providers.snowflake.hooks.snowflake.SnowflakeHook","filename":"snowflake.py","lineno":717}
{"timestamp":"2026-03-30T16:46:51.397342Z","level":"info","event":"Running statement: CREATE OR REPLACE TABLE DWH.DIM_STATUS (\n  STATUS_KEY        NUMBER AUTOINCREMENT,\n  FLIGHT_STATUS     VARCHAR,\n  PASSENGER_STATUS  VARCHAR\n);, parameters: None","logger":"airflow.task.hooks.airflow.providers.snowflake.hooks.snowflake.SnowflakeHook","filename":"snowflake.py","lineno":703}
{"timestamp":"2026-03-30T16:46:51.397396Z","level":"info","event":"Running statement: CREATE OR REPLACE TABLE DWH.DIM_STATUS (\n  STATUS_KEY        NUMBER AUTOINCREMENT,\n  FLIGHT_STATUS     VARCHAR,\n  PASSENGER_STATUS  VARCHAR\n);, parameters: None","logger":"airflow.task.hooks.airflow.providers.snowflake.hooks.snowflake.SnowflakeHook","filename":"sql.py","lineno":829}
{"timestamp":"2026-03-30T16:46:51.802990Z","level":"info","event":"Rows affected: 1","logger":"airflow.task.hooks.airflow.providers.snowflake.hooks.snowflake.SnowflakeHook","filename":"sql.py","lineno":841}
{"timestamp":"2026-03-30T16:46:51.803285Z","level":"info","event":"Rows affected: 1","logger":"airflow.task.hooks.airflow.providers.snowflake.hooks.snowflake.SnowflakeHook","filename":"snowflake.py","lineno":716}
{"timestamp":"2026-03-30T16:46:51.803679Z","level":"info","event":"Snowflake query id: 01c360ae-0005-20b0-0000-0001542acaf9","logger":"airflow.task.hooks.airflow.providers.snowflake.hooks.snowflake.SnowflakeHook","filename":"snowflake.py","lineno":717}
{"timestamp":"2026-03-30T16:46:52.517598Z","level":"info","event":"Executed: 02_Create_Dimension_Tables.sql","logger":"airflow.task","filename":"snowflake_setup_dag.py","lineno":36}
{"timestamp":"2026-03-30T16:46:52.517919Z","level":"info","event":"Done. Returned value was: None","logger":"airflow.task.operators.airflow.providers.standard.decorators.python._PythonDecoratedOperator","filename":"python.py","lineno":230}
