{"timestamp":"2026-03-30T16:27:11.297051Z","level":"info","event":"DAG bundles loaded: dags-folder","logger":"airflow.dag_processing.bundles.manager.DagBundlesManager","filename":"manager.py","lineno":179}
{"timestamp":"2026-03-30T16:27:11.315444Z","level":"info","event":"Filling up the DagBag from /opt/airflow/dags/set_up_database/snowflake_setup_dag.py","logger":"airflow.models.dagbag.BundleDagBag","filename":"dagbag.py","lineno":593}
{"timestamp":"2026-03-30T16:27:12.376822Z","level":"warning","event":"The `airflow.decorators.dag` attribute is deprecated. Please use `'airflow.sdk.dag'`.","category":"DeprecatedImportWarning","filename":"/opt/airflow/dags/set_up_database/snowflake_setup_dag.py","lineno":4,"logger":"py.warnings"}
{"timestamp":"2026-03-30T16:27:12.377054Z","level":"warning","event":"The `airflow.decorators.task` attribute is deprecated. Please use `'airflow.sdk.task'`.","category":"DeprecatedImportWarning","filename":"/opt/airflow/dags/set_up_database/snowflake_setup_dag.py","lineno":4,"logger":"py.warnings"}
{"timestamp":"2026-03-30T16:27:12.377171Z","level":"warning","event":"The `airflow.models.param.Param` attribute is deprecated. Please use `'airflow.sdk.Param'`.","category":"DeprecatedImportWarning","filename":"/opt/airflow/dags/set_up_database/snowflake_setup_dag.py","lineno":6,"logger":"py.warnings"}
{"timestamp":"2026-03-30T16:27:12.446352Z","level":"info","event":"Snowflake Connector for Python Version: 4.0.0, Python Version: 3.12.12, Platform: Linux-6.6.87.2-microsoft-standard-WSL2-x86_64-with-glibc2.36","logger":"snowflake.connector.connection","filename":"connection.py","lineno":586}
{"timestamp":"2026-03-30T16:27:12.448618Z","level":"info","event":"Connecting to GLOBAL Snowflake domain","logger":"snowflake.connector.connection","filename":"connection.py","lineno":1629}
{"timestamp":"2026-03-30T16:27:15.320768Z","level":"info","event":"Running statement: USE DATABASE AIRLINE_DWH;, parameters: None","logger":"airflow.task.hooks.airflow.providers.snowflake.hooks.snowflake.SnowflakeHook","filename":"snowflake.py","lineno":703}
{"timestamp":"2026-03-30T16:27:15.320998Z","level":"info","event":"Running statement: USE DATABASE AIRLINE_DWH;, parameters: None","logger":"airflow.task.hooks.airflow.providers.snowflake.hooks.snowflake.SnowflakeHook","filename":"sql.py","lineno":829}
{"timestamp":"2026-03-30T16:27:15.495629Z","level":"info","event":"Rows affected: 1","logger":"airflow.task.hooks.airflow.providers.snowflake.hooks.snowflake.SnowflakeHook","filename":"sql.py","lineno":841}
{"timestamp":"2026-03-30T16:27:15.495835Z","level":"info","event":"Rows affected: 1","logger":"airflow.task.hooks.airflow.providers.snowflake.hooks.snowflake.SnowflakeHook","filename":"snowflake.py","lineno":716}
{"timestamp":"2026-03-30T16:27:15.496725Z","level":"info","event":"Snowflake query id: 01c3609b-0005-20a9-0000-0001542a3515","logger":"airflow.task.hooks.airflow.providers.snowflake.hooks.snowflake.SnowflakeHook","filename":"snowflake.py","lineno":717}
{"timestamp":"2026-03-30T16:27:15.496826Z","level":"info","event":"Running statement: USE SCHEMA CLEAN;, parameters: None","logger":"airflow.task.hooks.airflow.providers.snowflake.hooks.snowflake.SnowflakeHook","filename":"snowflake.py","lineno":703}
{"timestamp":"2026-03-30T16:27:15.496898Z","level":"info","event":"Running statement: USE SCHEMA CLEAN;, parameters: None","logger":"airflow.task.hooks.airflow.providers.snowflake.hooks.snowflake.SnowflakeHook","filename":"sql.py","lineno":829}
{"timestamp":"2026-03-30T16:27:15.969965Z","level":"info","event":"Rows affected: 1","logger":"airflow.task.hooks.airflow.providers.snowflake.hooks.snowflake.SnowflakeHook","filename":"sql.py","lineno":841}
{"timestamp":"2026-03-30T16:27:15.970133Z","level":"info","event":"Rows affected: 1","logger":"airflow.task.hooks.airflow.providers.snowflake.hooks.snowflake.SnowflakeHook","filename":"snowflake.py","lineno":716}
{"timestamp":"2026-03-30T16:27:15.970205Z","level":"info","event":"Snowflake query id: 01c3609b-0005-20b0-0000-0001542aca3d","logger":"airflow.task.hooks.airflow.providers.snowflake.hooks.snowflake.SnowflakeHook","filename":"snowflake.py","lineno":717}
{"timestamp":"2026-03-30T16:27:15.970311Z","level":"info","event":"Running statement: CREATE OR REPLACE TABLE AIRLINE_DWH.CLEAN.TRAVEL_CLEAN (\n    ROW_ID NUMBER(5,0),\n    PASSENGER_ID VARCHAR,\n    FIRST_NAME VARCHAR,\n    LAST_NAME VARCHAR,\n    GENDER VARCHAR,\n    AGE NUMBER,\n    NATIONALITY VARCHAR,\n    AIRPORT_NAME VARCHAR,\n    AIRPORT_COUNTRY_CODE VARCHAR,\n    COUNTRY_NAME VARCHAR,\n    AIRPORT_CONTINENT VARCHAR,\n    CONTINENTS VARCHAR,\n    DEPARTURE_DATE DATE,\n    ARRIVAL_AIRPORT VARCHAR,\n    PILOT_NAME VARCHAR,\n    FLIGHT_STATUS VARCHAR,\n    TICKET_TYPE VARCHAR,\n    PASSENGER_STATUS VARCHAR\n);, parameters: None","logger":"airflow.task.hooks.airflow.providers.snowflake.hooks.snowflake.SnowflakeHook","filename":"snowflake.py","lineno":703}
{"timestamp":"2026-03-30T16:27:15.970380Z","level":"info","event":"Running statement: CREATE OR REPLACE TABLE AIRLINE_DWH.CLEAN.TRAVEL_CLEAN (\n    ROW_ID NUMBER(5,0),\n    PASSENGER_ID VARCHAR,\n    FIRST_NAME VARCHAR,\n    LAST_NAME VARCHAR,\n    GENDER VARCHAR,\n    AGE NUMBER,\n    NATIONALITY VARCHAR,\n    AIRPORT_NAME VARCHAR,\n    AIRPORT_COUNTRY_CODE VARCHAR,\n    COUNTRY_NAME VARCHAR,\n    AIRPORT_CONTINENT VARCHAR,\n    CONTINENTS VARCHAR,\n    DEPARTURE_DATE DATE,\n    ARRIVAL_AIRPORT VARCHAR,\n    PILOT_NAME VARCHAR,\n    FLIGHT_STATUS VARCHAR,\n    TICKET_TYPE VARCHAR,\n    PASSENGER_STATUS VARCHAR\n);, parameters: None","logger":"airflow.task.hooks.airflow.providers.snowflake.hooks.snowflake.SnowflakeHook","filename":"sql.py","lineno":829}
{"timestamp":"2026-03-30T16:27:16.438328Z","level":"info","event":"Rows affected: 1","logger":"airflow.task.hooks.airflow.providers.snowflake.hooks.snowflake.SnowflakeHook","filename":"sql.py","lineno":841}
{"timestamp":"2026-03-30T16:27:16.438596Z","level":"info","event":"Rows affected: 1","logger":"airflow.task.hooks.airflow.providers.snowflake.hooks.snowflake.SnowflakeHook","filename":"snowflake.py","lineno":716}
{"timestamp":"2026-03-30T16:27:16.438676Z","level":"info","event":"Snowflake query id: 01c3609b-0005-20a9-0000-0001542a3519","logger":"airflow.task.hooks.airflow.providers.snowflake.hooks.snowflake.SnowflakeHook","filename":"snowflake.py","lineno":717}
{"timestamp":"2026-03-30T16:27:16.759478Z","level":"info","event":"Executed: 01_Create_Clean_Table.sql","logger":"airflow.task","filename":"snowflake_setup_dag.py","lineno":36}
{"timestamp":"2026-03-30T16:27:16.759859Z","level":"info","event":"Done. Returned value was: None","logger":"airflow.task.operators.airflow.providers.standard.decorators.python._PythonDecoratedOperator","filename":"python.py","lineno":230}
