{"timestamp":"2026-03-30T16:27:00.718254Z","level":"info","event":"DAG bundles loaded: dags-folder","logger":"airflow.dag_processing.bundles.manager.DagBundlesManager","filename":"manager.py","lineno":179}
{"timestamp":"2026-03-30T16:27:00.720308Z","level":"info","event":"Filling up the DagBag from /opt/airflow/dags/set_up_database/snowflake_setup_dag.py","logger":"airflow.models.dagbag.BundleDagBag","filename":"dagbag.py","lineno":593}
{"timestamp":"2026-03-30T16:27:01.652033Z","level":"warning","event":"The `airflow.decorators.dag` attribute is deprecated. Please use `'airflow.sdk.dag'`.","category":"DeprecatedImportWarning","filename":"/opt/airflow/dags/set_up_database/snowflake_setup_dag.py","lineno":4,"logger":"py.warnings"}
{"timestamp":"2026-03-30T16:27:01.652272Z","level":"warning","event":"The `airflow.decorators.task` attribute is deprecated. Please use `'airflow.sdk.task'`.","category":"DeprecatedImportWarning","filename":"/opt/airflow/dags/set_up_database/snowflake_setup_dag.py","lineno":4,"logger":"py.warnings"}
{"timestamp":"2026-03-30T16:27:01.652389Z","level":"warning","event":"The `airflow.models.param.Param` attribute is deprecated. Please use `'airflow.sdk.Param'`.","category":"DeprecatedImportWarning","filename":"/opt/airflow/dags/set_up_database/snowflake_setup_dag.py","lineno":6,"logger":"py.warnings"}
{"timestamp":"2026-03-30T16:27:01.711839Z","level":"info","event":"Snowflake Connector for Python Version: 4.0.0, Python Version: 3.12.12, Platform: Linux-6.6.87.2-microsoft-standard-WSL2-x86_64-with-glibc2.36","logger":"snowflake.connector.connection","filename":"connection.py","lineno":586}
{"timestamp":"2026-03-30T16:27:01.712788Z","level":"info","event":"Connecting to GLOBAL Snowflake domain","logger":"snowflake.connector.connection","filename":"connection.py","lineno":1629}
{"timestamp":"2026-03-30T16:27:04.278300Z","level":"info","event":"Running statement: USE DATABASE AIRLINE_DWH;, parameters: None","logger":"airflow.task.hooks.airflow.providers.snowflake.hooks.snowflake.SnowflakeHook","filename":"snowflake.py","lineno":703}
{"timestamp":"2026-03-30T16:27:04.278686Z","level":"info","event":"Running statement: USE DATABASE AIRLINE_DWH;, parameters: None","logger":"airflow.task.hooks.airflow.providers.snowflake.hooks.snowflake.SnowflakeHook","filename":"sql.py","lineno":829}
{"timestamp":"2026-03-30T16:27:04.454902Z","level":"info","event":"Rows affected: 1","logger":"airflow.task.hooks.airflow.providers.snowflake.hooks.snowflake.SnowflakeHook","filename":"sql.py","lineno":841}
{"timestamp":"2026-03-30T16:27:04.455092Z","level":"info","event":"Rows affected: 1","logger":"airflow.task.hooks.airflow.providers.snowflake.hooks.snowflake.SnowflakeHook","filename":"snowflake.py","lineno":716}
{"timestamp":"2026-03-30T16:27:04.455917Z","level":"info","event":"Snowflake query id: 01c3609b-0005-2092-0000-0001542ad1ed","logger":"airflow.task.hooks.airflow.providers.snowflake.hooks.snowflake.SnowflakeHook","filename":"snowflake.py","lineno":717}
{"timestamp":"2026-03-30T16:27:04.456056Z","level":"info","event":"Running statement: USE SCHEMA RAW;, parameters: None","logger":"airflow.task.hooks.airflow.providers.snowflake.hooks.snowflake.SnowflakeHook","filename":"snowflake.py","lineno":703}
{"timestamp":"2026-03-30T16:27:04.456145Z","level":"info","event":"Running statement: USE SCHEMA RAW;, parameters: None","logger":"airflow.task.hooks.airflow.providers.snowflake.hooks.snowflake.SnowflakeHook","filename":"sql.py","lineno":829}
{"timestamp":"2026-03-30T16:27:04.757394Z","level":"info","event":"Rows affected: 1","logger":"airflow.task.hooks.airflow.providers.snowflake.hooks.snowflake.SnowflakeHook","filename":"sql.py","lineno":841}
{"timestamp":"2026-03-30T16:27:04.757605Z","level":"info","event":"Rows affected: 1","logger":"airflow.task.hooks.airflow.providers.snowflake.hooks.snowflake.SnowflakeHook","filename":"snowflake.py","lineno":716}
{"timestamp":"2026-03-30T16:27:04.757732Z","level":"info","event":"Snowflake query id: 01c3609b-0005-20b0-0000-0001542aca31","logger":"airflow.task.hooks.airflow.providers.snowflake.hooks.snowflake.SnowflakeHook","filename":"snowflake.py","lineno":717}
{"timestamp":"2026-03-30T16:27:04.757884Z","level":"info","event":"Running statement: CREATE OR REPLACE FILE FORMAT AIRLINE_DWH.RAW.FF_CSV\n  TYPE = CSV\n  FIELD_DELIMITER = ','\n  SKIP_HEADER = 1\n  FIELD_OPTIONALLY_ENCLOSED_BY = '\"'\n  NULL_IF = ('', 'NULL', 'null');, parameters: None","logger":"airflow.task.hooks.airflow.providers.snowflake.hooks.snowflake.SnowflakeHook","filename":"snowflake.py","lineno":703}
{"timestamp":"2026-03-30T16:27:04.757969Z","level":"info","event":"Running statement: CREATE OR REPLACE FILE FORMAT AIRLINE_DWH.RAW.FF_CSV\n  TYPE = CSV\n  FIELD_DELIMITER = ','\n  SKIP_HEADER = 1\n  FIELD_OPTIONALLY_ENCLOSED_BY = '\"'\n  NULL_IF = ('', 'NULL', 'null');, parameters: None","logger":"airflow.task.hooks.airflow.providers.snowflake.hooks.snowflake.SnowflakeHook","filename":"sql.py","lineno":829}
{"timestamp":"2026-03-30T16:27:04.961887Z","level":"info","event":"Rows affected: 1","logger":"airflow.task.hooks.airflow.providers.snowflake.hooks.snowflake.SnowflakeHook","filename":"sql.py","lineno":841}
{"timestamp":"2026-03-30T16:27:04.962088Z","level":"info","event":"Rows affected: 1","logger":"airflow.task.hooks.airflow.providers.snowflake.hooks.snowflake.SnowflakeHook","filename":"snowflake.py","lineno":716}
{"timestamp":"2026-03-30T16:27:04.962161Z","level":"info","event":"Snowflake query id: 01c3609b-0005-2084-0000-0001542a59b9","logger":"airflow.task.hooks.airflow.providers.snowflake.hooks.snowflake.SnowflakeHook","filename":"snowflake.py","lineno":717}
{"timestamp":"2026-03-30T16:27:04.962219Z","level":"info","event":"Running statement: CREATE OR REPLACE STAGE AIRLINE_DWH.RAW.STG_AIRLINE\n  FILE_FORMAT = AIRLINE_DWH.RAW.FF_CSV;, parameters: None","logger":"airflow.task.hooks.airflow.providers.snowflake.hooks.snowflake.SnowflakeHook","filename":"snowflake.py","lineno":703}
{"timestamp":"2026-03-30T16:27:04.962271Z","level":"info","event":"Running statement: CREATE OR REPLACE STAGE AIRLINE_DWH.RAW.STG_AIRLINE\n  FILE_FORMAT = AIRLINE_DWH.RAW.FF_CSV;, parameters: None","logger":"airflow.task.hooks.airflow.providers.snowflake.hooks.snowflake.SnowflakeHook","filename":"sql.py","lineno":829}
{"timestamp":"2026-03-30T16:27:05.237669Z","level":"info","event":"Rows affected: 1","logger":"airflow.task.hooks.airflow.providers.snowflake.hooks.snowflake.SnowflakeHook","filename":"sql.py","lineno":841}
{"timestamp":"2026-03-30T16:27:05.237891Z","level":"info","event":"Rows affected: 1","logger":"airflow.task.hooks.airflow.providers.snowflake.hooks.snowflake.SnowflakeHook","filename":"snowflake.py","lineno":716}
{"timestamp":"2026-03-30T16:27:05.237993Z","level":"info","event":"Snowflake query id: 01c3609b-0005-20b0-0000-0001542aca35","logger":"airflow.task.hooks.airflow.providers.snowflake.hooks.snowflake.SnowflakeHook","filename":"snowflake.py","lineno":717}
{"timestamp":"2026-03-30T16:27:05.559697Z","level":"info","event":"Executed: 02_Create_Stage_And_File_Format.sql","logger":"airflow.task","filename":"snowflake_setup_dag.py","lineno":36}
{"timestamp":"2026-03-30T16:27:05.560039Z","level":"info","event":"Done. Returned value was: None","logger":"airflow.task.operators.airflow.providers.standard.decorators.python._PythonDecoratedOperator","filename":"python.py","lineno":230}
