{"timestamp":"2026-03-30T16:46:19.245400Z","level":"info","event":"DAG bundles loaded: dags-folder","logger":"airflow.dag_processing.bundles.manager.DagBundlesManager","filename":"manager.py","lineno":179}
{"timestamp":"2026-03-30T16:46:19.253824Z","level":"info","event":"Filling up the DagBag from /opt/airflow/dags/set_up_database/snowflake_setup_dag.py","logger":"airflow.models.dagbag.BundleDagBag","filename":"dagbag.py","lineno":593}
{"timestamp":"2026-03-30T16:46:20.281469Z","level":"warning","event":"The `airflow.decorators.dag` attribute is deprecated. Please use `'airflow.sdk.dag'`.","category":"DeprecatedImportWarning","filename":"/opt/airflow/dags/set_up_database/snowflake_setup_dag.py","lineno":4,"logger":"py.warnings"}
{"timestamp":"2026-03-30T16:46:20.281718Z","level":"warning","event":"The `airflow.decorators.task` attribute is deprecated. Please use `'airflow.sdk.task'`.","category":"DeprecatedImportWarning","filename":"/opt/airflow/dags/set_up_database/snowflake_setup_dag.py","lineno":4,"logger":"py.warnings"}
{"timestamp":"2026-03-30T16:46:20.281862Z","level":"warning","event":"The `airflow.models.param.Param` attribute is deprecated. Please use `'airflow.sdk.Param'`.","category":"DeprecatedImportWarning","filename":"/opt/airflow/dags/set_up_database/snowflake_setup_dag.py","lineno":6,"logger":"py.warnings"}
{"timestamp":"2026-03-30T16:46:20.343001Z","level":"info","event":"Snowflake Connector for Python Version: 4.0.0, Python Version: 3.12.12, Platform: Linux-6.6.87.2-microsoft-standard-WSL2-x86_64-with-glibc2.36","logger":"snowflake.connector.connection","filename":"connection.py","lineno":586}
{"timestamp":"2026-03-30T16:46:20.343786Z","level":"info","event":"Connecting to GLOBAL Snowflake domain","logger":"snowflake.connector.connection","filename":"connection.py","lineno":1629}
{"timestamp":"2026-03-30T16:46:27.227540Z","level":"info","event":"Running statement: USE DATABASE AIRLINE_DWH;, parameters: None","logger":"airflow.task.hooks.airflow.providers.snowflake.hooks.snowflake.SnowflakeHook","filename":"snowflake.py","lineno":703}
{"timestamp":"2026-03-30T16:46:27.227759Z","level":"info","event":"Running statement: USE DATABASE AIRLINE_DWH;, parameters: None","logger":"airflow.task.hooks.airflow.providers.snowflake.hooks.snowflake.SnowflakeHook","filename":"sql.py","lineno":829}
{"timestamp":"2026-03-30T16:46:27.534620Z","level":"info","event":"Rows affected: 1","logger":"airflow.task.hooks.airflow.providers.snowflake.hooks.snowflake.SnowflakeHook","filename":"sql.py","lineno":841}
{"timestamp":"2026-03-30T16:46:27.534931Z","level":"info","event":"Rows affected: 1","logger":"airflow.task.hooks.airflow.providers.snowflake.hooks.snowflake.SnowflakeHook","filename":"snowflake.py","lineno":716}
{"timestamp":"2026-03-30T16:46:27.535841Z","level":"info","event":"Snowflake query id: 01c360ae-0005-2084-0000-0001542a5a51","logger":"airflow.task.hooks.airflow.providers.snowflake.hooks.snowflake.SnowflakeHook","filename":"snowflake.py","lineno":717}
{"timestamp":"2026-03-30T16:46:27.536028Z","level":"info","event":"Running statement: USE SCHEMA RAW;, parameters: None","logger":"airflow.task.hooks.airflow.providers.snowflake.hooks.snowflake.SnowflakeHook","filename":"snowflake.py","lineno":703}
{"timestamp":"2026-03-30T16:46:27.536105Z","level":"info","event":"Running statement: USE SCHEMA RAW;, parameters: None","logger":"airflow.task.hooks.airflow.providers.snowflake.hooks.snowflake.SnowflakeHook","filename":"sql.py","lineno":829}
{"timestamp":"2026-03-30T16:46:27.841587Z","level":"info","event":"Rows affected: 1","logger":"airflow.task.hooks.airflow.providers.snowflake.hooks.snowflake.SnowflakeHook","filename":"sql.py","lineno":841}
{"timestamp":"2026-03-30T16:46:27.841770Z","level":"info","event":"Rows affected: 1","logger":"airflow.task.hooks.airflow.providers.snowflake.hooks.snowflake.SnowflakeHook","filename":"snowflake.py","lineno":716}
{"timestamp":"2026-03-30T16:46:27.841876Z","level":"info","event":"Snowflake query id: 01c360ae-0005-2092-0000-0001542ad289","logger":"airflow.task.hooks.airflow.providers.snowflake.hooks.snowflake.SnowflakeHook","filename":"snowflake.py","lineno":717}
{"timestamp":"2026-03-30T16:46:27.842008Z","level":"info","event":"Running statement: CREATE OR REPLACE FILE FORMAT AIRLINE_DWH.RAW.FF_CSV\n  TYPE = CSV\n  FIELD_DELIMITER = ','\n  SKIP_HEADER = 1\n  FIELD_OPTIONALLY_ENCLOSED_BY = '\"'\n  NULL_IF = ('', 'NULL', 'null');, parameters: None","logger":"airflow.task.hooks.airflow.providers.snowflake.hooks.snowflake.SnowflakeHook","filename":"snowflake.py","lineno":703}
{"timestamp":"2026-03-30T16:46:27.842084Z","level":"info","event":"Running statement: CREATE OR REPLACE FILE FORMAT AIRLINE_DWH.RAW.FF_CSV\n  TYPE = CSV\n  FIELD_DELIMITER = ','\n  SKIP_HEADER = 1\n  FIELD_OPTIONALLY_ENCLOSED_BY = '\"'\n  NULL_IF = ('', 'NULL', 'null');, parameters: None","logger":"airflow.task.hooks.airflow.providers.snowflake.hooks.snowflake.SnowflakeHook","filename":"sql.py","lineno":829}
{"timestamp":"2026-03-30T16:46:28.148818Z","level":"info","event":"Rows affected: 1","logger":"airflow.task.hooks.airflow.providers.snowflake.hooks.snowflake.SnowflakeHook","filename":"sql.py","lineno":841}
{"timestamp":"2026-03-30T16:46:28.149011Z","level":"info","event":"Rows affected: 1","logger":"airflow.task.hooks.airflow.providers.snowflake.hooks.snowflake.SnowflakeHook","filename":"snowflake.py","lineno":716}
{"timestamp":"2026-03-30T16:46:28.149146Z","level":"info","event":"Snowflake query id: 01c360ae-0005-2084-0000-0001542a5a55","logger":"airflow.task.hooks.airflow.providers.snowflake.hooks.snowflake.SnowflakeHook","filename":"snowflake.py","lineno":717}
{"timestamp":"2026-03-30T16:46:28.149240Z","level":"info","event":"Running statement: CREATE OR REPLACE STAGE AIRLINE_DWH.RAW.STG_AIRLINE\n  FILE_FORMAT = AIRLINE_DWH.RAW.FF_CSV;, parameters: None","logger":"airflow.task.hooks.airflow.providers.snowflake.hooks.snowflake.SnowflakeHook","filename":"snowflake.py","lineno":703}
{"timestamp":"2026-03-30T16:46:28.149293Z","level":"info","event":"Running statement: CREATE OR REPLACE STAGE AIRLINE_DWH.RAW.STG_AIRLINE\n  FILE_FORMAT = AIRLINE_DWH.RAW.FF_CSV;, parameters: None","logger":"airflow.task.hooks.airflow.providers.snowflake.hooks.snowflake.SnowflakeHook","filename":"sql.py","lineno":829}
{"timestamp":"2026-03-30T16:46:28.455516Z","level":"info","event":"Rows affected: 1","logger":"airflow.task.hooks.airflow.providers.snowflake.hooks.snowflake.SnowflakeHook","filename":"sql.py","lineno":841}
{"timestamp":"2026-03-30T16:46:28.455701Z","level":"info","event":"Rows affected: 1","logger":"airflow.task.hooks.airflow.providers.snowflake.hooks.snowflake.SnowflakeHook","filename":"snowflake.py","lineno":716}
{"timestamp":"2026-03-30T16:46:28.455806Z","level":"info","event":"Snowflake query id: 01c360ae-0005-2084-0000-0001542a5a59","logger":"airflow.task.hooks.airflow.providers.snowflake.hooks.snowflake.SnowflakeHook","filename":"snowflake.py","lineno":717}
{"timestamp":"2026-03-30T16:46:28.966125Z","level":"info","event":"Executed: 02_Create_Stage_And_File_Format.sql","logger":"airflow.task","filename":"snowflake_setup_dag.py","lineno":36}
{"timestamp":"2026-03-30T16:46:28.966460Z","level":"info","event":"Done. Returned value was: None","logger":"airflow.task.operators.airflow.providers.standard.decorators.python._PythonDecoratedOperator","filename":"python.py","lineno":230}
