{"timestamp":"2026-03-30T17:21:03.938971Z","level":"info","event":"DAG bundles loaded: dags-folder","logger":"airflow.dag_processing.bundles.manager.DagBundlesManager","filename":"manager.py","lineno":179}
{"timestamp":"2026-03-30T17:21:03.941492Z","level":"info","event":"Filling up the DagBag from /opt/airflow/dags/set_up_database/snowflake_setup_dag.py","logger":"airflow.models.dagbag.BundleDagBag","filename":"dagbag.py","lineno":593}
{"timestamp":"2026-03-30T17:21:04.920804Z","level":"warning","event":"The `airflow.decorators.dag` attribute is deprecated. Please use `'airflow.sdk.dag'`.","category":"DeprecatedImportWarning","filename":"/opt/airflow/dags/set_up_database/snowflake_setup_dag.py","lineno":4,"logger":"py.warnings"}
{"timestamp":"2026-03-30T17:21:04.921029Z","level":"warning","event":"The `airflow.decorators.task` attribute is deprecated. Please use `'airflow.sdk.task'`.","category":"DeprecatedImportWarning","filename":"/opt/airflow/dags/set_up_database/snowflake_setup_dag.py","lineno":4,"logger":"py.warnings"}
{"timestamp":"2026-03-30T17:21:04.921170Z","level":"warning","event":"The `airflow.models.param.Param` attribute is deprecated. Please use `'airflow.sdk.Param'`.","category":"DeprecatedImportWarning","filename":"/opt/airflow/dags/set_up_database/snowflake_setup_dag.py","lineno":6,"logger":"py.warnings"}
{"timestamp":"2026-03-30T17:21:04.972469Z","level":"info","event":"Snowflake Connector for Python Version: 4.0.0, Python Version: 3.12.12, Platform: Linux-6.6.87.2-microsoft-standard-WSL2-x86_64-with-glibc2.36","logger":"snowflake.connector.connection","filename":"connection.py","lineno":586}
{"timestamp":"2026-03-30T17:21:04.973207Z","level":"info","event":"Connecting to GLOBAL Snowflake domain","logger":"snowflake.connector.connection","filename":"connection.py","lineno":1629}
{"timestamp":"2026-03-30T17:21:08.110838Z","level":"info","event":"Running statement: USE DATABASE AIRLINE_DWH;, parameters: None","logger":"airflow.task.hooks.airflow.providers.snowflake.hooks.snowflake.SnowflakeHook","filename":"snowflake.py","lineno":703}
{"timestamp":"2026-03-30T17:21:08.111073Z","level":"info","event":"Running statement: USE DATABASE AIRLINE_DWH;, parameters: None","logger":"airflow.task.hooks.airflow.providers.snowflake.hooks.snowflake.SnowflakeHook","filename":"sql.py","lineno":829}
{"timestamp":"2026-03-30T17:21:08.314169Z","level":"info","event":"Rows affected: 1","logger":"airflow.task.hooks.airflow.providers.snowflake.hooks.snowflake.SnowflakeHook","filename":"sql.py","lineno":841}
{"timestamp":"2026-03-30T17:21:08.314393Z","level":"info","event":"Rows affected: 1","logger":"airflow.task.hooks.airflow.providers.snowflake.hooks.snowflake.SnowflakeHook","filename":"snowflake.py","lineno":716}
{"timestamp":"2026-03-30T17:21:08.317206Z","level":"info","event":"Snowflake query id: 01c360d1-0005-2084-0000-0001542a5b39","logger":"airflow.task.hooks.airflow.providers.snowflake.hooks.snowflake.SnowflakeHook","filename":"snowflake.py","lineno":717}
{"timestamp":"2026-03-30T17:21:08.317425Z","level":"info","event":"Running statement: USE SCHEMA DWH;, parameters: None","logger":"airflow.task.hooks.airflow.providers.snowflake.hooks.snowflake.SnowflakeHook","filename":"snowflake.py","lineno":703}
{"timestamp":"2026-03-30T17:21:08.317520Z","level":"info","event":"Running statement: USE SCHEMA DWH;, parameters: None","logger":"airflow.task.hooks.airflow.providers.snowflake.hooks.snowflake.SnowflakeHook","filename":"sql.py","lineno":829}
{"timestamp":"2026-03-30T17:21:08.517911Z","level":"info","event":"Rows affected: 1","logger":"airflow.task.hooks.airflow.providers.snowflake.hooks.snowflake.SnowflakeHook","filename":"sql.py","lineno":841}
{"timestamp":"2026-03-30T17:21:08.518157Z","level":"info","event":"Rows affected: 1","logger":"airflow.task.hooks.airflow.providers.snowflake.hooks.snowflake.SnowflakeHook","filename":"snowflake.py","lineno":716}
{"timestamp":"2026-03-30T17:21:08.518236Z","level":"info","event":"Snowflake query id: 01c360d1-0005-2092-0000-0001542ad379","logger":"airflow.task.hooks.airflow.providers.snowflake.hooks.snowflake.SnowflakeHook","filename":"snowflake.py","lineno":717}
{"timestamp":"2026-03-30T17:21:08.518295Z","level":"info","event":"Running statement: INSERT INTO DWH.DIM_PASSENGER\n  (PASSENGER_ID, FIRST_NAME, LAST_NAME, GENDER, AGE, NATIONALITY)\nSELECT DISTINCT\n  PASSENGER_ID, FIRST_NAME, LAST_NAME, GENDER, AGE, NATIONALITY\nFROM CLEAN.TRAVEL_CLEAN;, parameters: None","logger":"airflow.task.hooks.airflow.providers.snowflake.hooks.snowflake.SnowflakeHook","filename":"snowflake.py","lineno":703}
{"timestamp":"2026-03-30T17:21:08.518349Z","level":"info","event":"Running statement: INSERT INTO DWH.DIM_PASSENGER\n  (PASSENGER_ID, FIRST_NAME, LAST_NAME, GENDER, AGE, NATIONALITY)\nSELECT DISTINCT\n  PASSENGER_ID, FIRST_NAME, LAST_NAME, GENDER, AGE, NATIONALITY\nFROM CLEAN.TRAVEL_CLEAN;, parameters: None","logger":"airflow.task.hooks.airflow.providers.snowflake.hooks.snowflake.SnowflakeHook","filename":"sql.py","lineno":829}
{"timestamp":"2026-03-30T17:21:09.336528Z","level":"info","event":"Rows affected: 0","logger":"airflow.task.hooks.airflow.providers.snowflake.hooks.snowflake.SnowflakeHook","filename":"sql.py","lineno":841}
{"timestamp":"2026-03-30T17:21:09.336752Z","level":"info","event":"Rows affected: 0","logger":"airflow.task.hooks.airflow.providers.snowflake.hooks.snowflake.SnowflakeHook","filename":"snowflake.py","lineno":716}
{"timestamp":"2026-03-30T17:21:09.336833Z","level":"info","event":"Snowflake query id: 01c360d1-0005-2092-0000-0001542ad37d","logger":"airflow.task.hooks.airflow.providers.snowflake.hooks.snowflake.SnowflakeHook","filename":"snowflake.py","lineno":717}
{"timestamp":"2026-03-30T17:21:09.336892Z","level":"info","event":"Running statement: INSERT INTO DWH.DIM_AIRPORT\n  (AIRPORT_NAME, AIRPORT_COUNTRY_CODE, COUNTRY_NAME, AIRPORT_CONTINENT, CONTINENTS)\nSELECT DISTINCT\n  AIRPORT_NAME, AIRPORT_COUNTRY_CODE, COUNTRY_NAME, AIRPORT_CONTINENT, CONTINENTS\nFROM CLEAN.TRAVEL_CLEAN;, parameters: None","logger":"airflow.task.hooks.airflow.providers.snowflake.hooks.snowflake.SnowflakeHook","filename":"snowflake.py","lineno":703}
{"timestamp":"2026-03-30T17:21:09.336949Z","level":"info","event":"Running statement: INSERT INTO DWH.DIM_AIRPORT\n  (AIRPORT_NAME, AIRPORT_COUNTRY_CODE, COUNTRY_NAME, AIRPORT_CONTINENT, CONTINENTS)\nSELECT DISTINCT\n  AIRPORT_NAME, AIRPORT_COUNTRY_CODE, COUNTRY_NAME, AIRPORT_CONTINENT, CONTINENTS\nFROM CLEAN.TRAVEL_CLEAN;, parameters: None","logger":"airflow.task.hooks.airflow.providers.snowflake.hooks.snowflake.SnowflakeHook","filename":"sql.py","lineno":829}
{"timestamp":"2026-03-30T17:21:09.746788Z","level":"info","event":"Rows affected: 0","logger":"airflow.task.hooks.airflow.providers.snowflake.hooks.snowflake.SnowflakeHook","filename":"sql.py","lineno":841}
{"timestamp":"2026-03-30T17:21:09.747027Z","level":"info","event":"Rows affected: 0","logger":"airflow.task.hooks.airflow.providers.snowflake.hooks.snowflake.SnowflakeHook","filename":"snowflake.py","lineno":716}
{"timestamp":"2026-03-30T17:21:09.747109Z","level":"info","event":"Snowflake query id: 01c360d1-0005-2092-0000-0001542ad381","logger":"airflow.task.hooks.airflow.providers.snowflake.hooks.snowflake.SnowflakeHook","filename":"snowflake.py","lineno":717}
{"timestamp":"2026-03-30T17:21:09.747221Z","level":"info","event":"Running statement: INSERT INTO DWH.DIM_PILOT (PILOT_NAME)\nSELECT DISTINCT PILOT_NAME\nFROM CLEAN.TRAVEL_CLEAN;, parameters: None","logger":"airflow.task.hooks.airflow.providers.snowflake.hooks.snowflake.SnowflakeHook","filename":"snowflake.py","lineno":703}
{"timestamp":"2026-03-30T17:21:09.747288Z","level":"info","event":"Running statement: INSERT INTO DWH.DIM_PILOT (PILOT_NAME)\nSELECT DISTINCT PILOT_NAME\nFROM CLEAN.TRAVEL_CLEAN;, parameters: None","logger":"airflow.task.hooks.airflow.providers.snowflake.hooks.snowflake.SnowflakeHook","filename":"sql.py","lineno":829}
{"timestamp":"2026-03-30T17:21:10.361219Z","level":"info","event":"Rows affected: 0","logger":"airflow.task.hooks.airflow.providers.snowflake.hooks.snowflake.SnowflakeHook","filename":"sql.py","lineno":841}
{"timestamp":"2026-03-30T17:21:10.361446Z","level":"info","event":"Rows affected: 0","logger":"airflow.task.hooks.airflow.providers.snowflake.hooks.snowflake.SnowflakeHook","filename":"snowflake.py","lineno":716}
{"timestamp":"2026-03-30T17:21:10.361535Z","level":"info","event":"Snowflake query id: 01c360d1-0005-20a9-0000-0001542a3661","logger":"airflow.task.hooks.airflow.providers.snowflake.hooks.snowflake.SnowflakeHook","filename":"snowflake.py","lineno":717}
{"timestamp":"2026-03-30T17:21:10.361594Z","level":"info","event":"Running statement: INSERT INTO DWH.DIM_TICKET_TYPE (TICKET_TYPE)\nSELECT DISTINCT TICKET_TYPE\nFROM CLEAN.TRAVEL_CLEAN;, parameters: None","logger":"airflow.task.hooks.airflow.providers.snowflake.hooks.snowflake.SnowflakeHook","filename":"snowflake.py","lineno":703}
{"timestamp":"2026-03-30T17:21:10.361651Z","level":"info","event":"Running statement: INSERT INTO DWH.DIM_TICKET_TYPE (TICKET_TYPE)\nSELECT DISTINCT TICKET_TYPE\nFROM CLEAN.TRAVEL_CLEAN;, parameters: None","logger":"airflow.task.hooks.airflow.providers.snowflake.hooks.snowflake.SnowflakeHook","filename":"sql.py","lineno":829}
{"timestamp":"2026-03-30T17:21:10.918505Z","level":"info","event":"Rows affected: 0","logger":"airflow.task.hooks.airflow.providers.snowflake.hooks.snowflake.SnowflakeHook","filename":"sql.py","lineno":841}
{"timestamp":"2026-03-30T17:21:10.918748Z","level":"info","event":"Rows affected: 0","logger":"airflow.task.hooks.airflow.providers.snowflake.hooks.snowflake.SnowflakeHook","filename":"snowflake.py","lineno":716}
{"timestamp":"2026-03-30T17:21:10.918851Z","level":"info","event":"Snowflake query id: 01c360d1-0005-20b0-0000-0001542acbe5","logger":"airflow.task.hooks.airflow.providers.snowflake.hooks.snowflake.SnowflakeHook","filename":"snowflake.py","lineno":717}
{"timestamp":"2026-03-30T17:21:10.918920Z","level":"info","event":"Running statement: INSERT INTO DWH.DIM_STATUS (FLIGHT_STATUS, PASSENGER_STATUS)\nSELECT DISTINCT FLIGHT_STATUS, PASSENGER_STATUS\nFROM CLEAN.TRAVEL_CLEAN;, parameters: None","logger":"airflow.task.hooks.airflow.providers.snowflake.hooks.snowflake.SnowflakeHook","filename":"snowflake.py","lineno":703}
{"timestamp":"2026-03-30T17:21:10.918989Z","level":"info","event":"Running statement: INSERT INTO DWH.DIM_STATUS (FLIGHT_STATUS, PASSENGER_STATUS)\nSELECT DISTINCT FLIGHT_STATUS, PASSENGER_STATUS\nFROM CLEAN.TRAVEL_CLEAN;, parameters: None","logger":"airflow.task.hooks.airflow.providers.snowflake.hooks.snowflake.SnowflakeHook","filename":"sql.py","lineno":829}
{"timestamp":"2026-03-30T17:21:11.282990Z","level":"info","event":"Rows affected: 0","logger":"airflow.task.hooks.airflow.providers.snowflake.hooks.snowflake.SnowflakeHook","filename":"sql.py","lineno":841}
{"timestamp":"2026-03-30T17:21:11.283203Z","level":"info","event":"Rows affected: 0","logger":"airflow.task.hooks.airflow.providers.snowflake.hooks.snowflake.SnowflakeHook","filename":"snowflake.py","lineno":716}
{"timestamp":"2026-03-30T17:21:11.283336Z","level":"info","event":"Snowflake query id: 01c360d1-0005-2092-0000-0001542ad385","logger":"airflow.task.hooks.airflow.providers.snowflake.hooks.snowflake.SnowflakeHook","filename":"snowflake.py","lineno":717}
{"timestamp":"2026-03-30T17:21:11.283416Z","level":"info","event":"Running statement: INSERT INTO DWH.DIM_ARRIVAL_AIRPORT (ARRIVAL_AIRPORT)\nSELECT DISTINCT ARRIVAL_AIRPORT\nFROM CLEAN.TRAVEL_CLEAN;, parameters: None","logger":"airflow.task.hooks.airflow.providers.snowflake.hooks.snowflake.SnowflakeHook","filename":"snowflake.py","lineno":703}
{"timestamp":"2026-03-30T17:21:11.283499Z","level":"info","event":"Running statement: INSERT INTO DWH.DIM_ARRIVAL_AIRPORT (ARRIVAL_AIRPORT)\nSELECT DISTINCT ARRIVAL_AIRPORT\nFROM CLEAN.TRAVEL_CLEAN;, parameters: None","logger":"airflow.task.hooks.airflow.providers.snowflake.hooks.snowflake.SnowflakeHook","filename":"sql.py","lineno":829}
{"timestamp":"2026-03-30T17:21:11.692084Z","level":"info","event":"Rows affected: 0","logger":"airflow.task.hooks.airflow.providers.snowflake.hooks.snowflake.SnowflakeHook","filename":"sql.py","lineno":841}
{"timestamp":"2026-03-30T17:21:11.692513Z","level":"info","event":"Rows affected: 0","logger":"airflow.task.hooks.airflow.providers.snowflake.hooks.snowflake.SnowflakeHook","filename":"snowflake.py","lineno":716}
{"timestamp":"2026-03-30T17:21:11.692618Z","level":"info","event":"Snowflake query id: 01c360d1-0005-20a9-0000-0001542a3665","logger":"airflow.task.hooks.airflow.providers.snowflake.hooks.snowflake.SnowflakeHook","filename":"snowflake.py","lineno":717}
{"timestamp":"2026-03-30T17:21:11.692676Z","level":"info","event":"Running statement: INSERT INTO DWH.DIM_DATE (FULL_DATE, YEAR, MONTH, DAY)\nSELECT DISTINCT\n  DEPARTURE_DATE,\n  YEAR(DEPARTURE_DATE),\n  MONTH(DEPARTURE_DATE),\n  DAY(DEPARTURE_DATE)\nFROM CLEAN.TRAVEL_CLEAN\nWHERE DEPARTURE_DATE IS NOT NULL;, parameters: None","logger":"airflow.task.hooks.airflow.providers.snowflake.hooks.snowflake.SnowflakeHook","filename":"snowflake.py","lineno":703}
{"timestamp":"2026-03-30T17:21:11.692801Z","level":"info","event":"Running statement: INSERT INTO DWH.DIM_DATE (FULL_DATE, YEAR, MONTH, DAY)\nSELECT DISTINCT\n  DEPARTURE_DATE,\n  YEAR(DEPARTURE_DATE),\n  MONTH(DEPARTURE_DATE),\n  DAY(DEPARTURE_DATE)\nFROM CLEAN.TRAVEL_CLEAN\nWHERE DEPARTURE_DATE IS NOT NULL;, parameters: None","logger":"airflow.task.hooks.airflow.providers.snowflake.hooks.snowflake.SnowflakeHook","filename":"sql.py","lineno":829}
{"timestamp":"2026-03-30T17:21:12.207084Z","level":"info","event":"Rows affected: 0","logger":"airflow.task.hooks.airflow.providers.snowflake.hooks.snowflake.SnowflakeHook","filename":"sql.py","lineno":841}
{"timestamp":"2026-03-30T17:21:12.207228Z","level":"info","event":"Rows affected: 0","logger":"airflow.task.hooks.airflow.providers.snowflake.hooks.snowflake.SnowflakeHook","filename":"snowflake.py","lineno":716}
{"timestamp":"2026-03-30T17:21:12.207367Z","level":"info","event":"Snowflake query id: 01c360d1-0005-2084-0000-0001542a5b3d","logger":"airflow.task.hooks.airflow.providers.snowflake.hooks.snowflake.SnowflakeHook","filename":"snowflake.py","lineno":717}
{"timestamp":"2026-03-30T17:21:12.715717Z","level":"info","event":"Executed: 05_Load_Dimensions.sql","logger":"airflow.task","filename":"snowflake_setup_dag.py","lineno":36}
{"timestamp":"2026-03-30T17:21:12.716019Z","level":"info","event":"Done. Returned value was: None","logger":"airflow.task.operators.airflow.providers.standard.decorators.python._PythonDecoratedOperator","filename":"python.py","lineno":230}
