{"timestamp":"2026-03-30T16:27:17.354203Z","level":"info","event":"DAG bundles loaded: dags-folder","logger":"airflow.dag_processing.bundles.manager.DagBundlesManager","filename":"manager.py","lineno":179}
{"timestamp":"2026-03-30T16:27:17.357273Z","level":"info","event":"Filling up the DagBag from /opt/airflow/dags/set_up_database/snowflake_setup_dag.py","logger":"airflow.models.dagbag.BundleDagBag","filename":"dagbag.py","lineno":593}
{"timestamp":"2026-03-30T16:27:18.210917Z","level":"warning","event":"The `airflow.decorators.dag` attribute is deprecated. Please use `'airflow.sdk.dag'`.","category":"DeprecatedImportWarning","filename":"/opt/airflow/dags/set_up_database/snowflake_setup_dag.py","lineno":4,"logger":"py.warnings"}
{"timestamp":"2026-03-30T16:27:18.211130Z","level":"warning","event":"The `airflow.decorators.task` attribute is deprecated. Please use `'airflow.sdk.task'`.","category":"DeprecatedImportWarning","filename":"/opt/airflow/dags/set_up_database/snowflake_setup_dag.py","lineno":4,"logger":"py.warnings"}
{"timestamp":"2026-03-30T16:27:18.211247Z","level":"warning","event":"The `airflow.models.param.Param` attribute is deprecated. Please use `'airflow.sdk.Param'`.","category":"DeprecatedImportWarning","filename":"/opt/airflow/dags/set_up_database/snowflake_setup_dag.py","lineno":6,"logger":"py.warnings"}
{"timestamp":"2026-03-30T16:27:18.264425Z","level":"info","event":"Snowflake Connector for Python Version: 4.0.0, Python Version: 3.12.12, Platform: Linux-6.6.87.2-microsoft-standard-WSL2-x86_64-with-glibc2.36","logger":"snowflake.connector.connection","filename":"connection.py","lineno":586}
{"timestamp":"2026-03-30T16:27:18.265110Z","level":"info","event":"Connecting to GLOBAL Snowflake domain","logger":"snowflake.connector.connection","filename":"connection.py","lineno":1629}
{"timestamp":"2026-03-30T16:27:21.080717Z","level":"info","event":"Running statement: USE DATABASE AIRLINE_DWH;, parameters: None","logger":"airflow.task.hooks.airflow.providers.snowflake.hooks.snowflake.SnowflakeHook","filename":"snowflake.py","lineno":703}
{"timestamp":"2026-03-30T16:27:21.080906Z","level":"info","event":"Running statement: USE DATABASE AIRLINE_DWH;, parameters: None","logger":"airflow.task.hooks.airflow.providers.snowflake.hooks.snowflake.SnowflakeHook","filename":"sql.py","lineno":829}
{"timestamp":"2026-03-30T16:27:21.296581Z","level":"info","event":"Rows affected: 1","logger":"airflow.task.hooks.airflow.providers.snowflake.hooks.snowflake.SnowflakeHook","filename":"sql.py","lineno":841}
{"timestamp":"2026-03-30T16:27:21.296796Z","level":"info","event":"Rows affected: 1","logger":"airflow.task.hooks.airflow.providers.snowflake.hooks.snowflake.SnowflakeHook","filename":"snowflake.py","lineno":716}
{"timestamp":"2026-03-30T16:27:21.297595Z","level":"info","event":"Snowflake query id: 01c3609b-0005-2084-0000-0001542a59c1","logger":"airflow.task.hooks.airflow.providers.snowflake.hooks.snowflake.SnowflakeHook","filename":"snowflake.py","lineno":717}
{"timestamp":"2026-03-30T16:27:21.297695Z","level":"info","event":"Running statement: USE SCHEMA DWH;, parameters: None","logger":"airflow.task.hooks.airflow.providers.snowflake.hooks.snowflake.SnowflakeHook","filename":"snowflake.py","lineno":703}
{"timestamp":"2026-03-30T16:27:21.297754Z","level":"info","event":"Running statement: USE SCHEMA DWH;, parameters: None","logger":"airflow.task.hooks.airflow.providers.snowflake.hooks.snowflake.SnowflakeHook","filename":"sql.py","lineno":829}
{"timestamp":"2026-03-30T16:27:21.561850Z","level":"info","event":"Rows affected: 1","logger":"airflow.task.hooks.airflow.providers.snowflake.hooks.snowflake.SnowflakeHook","filename":"sql.py","lineno":841}
{"timestamp":"2026-03-30T16:27:21.562086Z","level":"info","event":"Rows affected: 1","logger":"airflow.task.hooks.airflow.providers.snowflake.hooks.snowflake.SnowflakeHook","filename":"snowflake.py","lineno":716}
{"timestamp":"2026-03-30T16:27:21.562257Z","level":"info","event":"Snowflake query id: 01c3609b-0005-2092-0000-0001542ad1f9","logger":"airflow.task.hooks.airflow.providers.snowflake.hooks.snowflake.SnowflakeHook","filename":"snowflake.py","lineno":717}
{"timestamp":"2026-03-30T16:27:21.562353Z","level":"info","event":"Running statement: CREATE OR REPLACE TABLE DWH.DIM_DATE (\n  DATE_KEY        NUMBER AUTOINCREMENT,\n  FULL_DATE       DATE,\n  YEAR            NUMBER,\n  MONTH           NUMBER,\n  DAY             NUMBER\n);, parameters: None","logger":"airflow.task.hooks.airflow.providers.snowflake.hooks.snowflake.SnowflakeHook","filename":"snowflake.py","lineno":703}
{"timestamp":"2026-03-30T16:27:21.562408Z","level":"info","event":"Running statement: CREATE OR REPLACE TABLE DWH.DIM_DATE (\n  DATE_KEY        NUMBER AUTOINCREMENT,\n  FULL_DATE       DATE,\n  YEAR            NUMBER,\n  MONTH           NUMBER,\n  DAY             NUMBER\n);, parameters: None","logger":"airflow.task.hooks.airflow.providers.snowflake.hooks.snowflake.SnowflakeHook","filename":"sql.py","lineno":829}
{"timestamp":"2026-03-30T16:27:21.880185Z","level":"info","event":"Rows affected: 1","logger":"airflow.task.hooks.airflow.providers.snowflake.hooks.snowflake.SnowflakeHook","filename":"sql.py","lineno":841}
{"timestamp":"2026-03-30T16:27:21.880426Z","level":"info","event":"Rows affected: 1","logger":"airflow.task.hooks.airflow.providers.snowflake.hooks.snowflake.SnowflakeHook","filename":"snowflake.py","lineno":716}
{"timestamp":"2026-03-30T16:27:21.880501Z","level":"info","event":"Snowflake query id: 01c3609b-0005-20b0-0000-0001542aca41","logger":"airflow.task.hooks.airflow.providers.snowflake.hooks.snowflake.SnowflakeHook","filename":"snowflake.py","lineno":717}
{"timestamp":"2026-03-30T16:27:21.880583Z","level":"info","event":"Running statement: CREATE OR REPLACE TABLE DWH.DIM_PASSENGER (\n  PASSENGER_KEY   NUMBER AUTOINCREMENT,\n  PASSENGER_ID    VARCHAR,\n  FIRST_NAME      VARCHAR,\n  LAST_NAME       VARCHAR,\n  GENDER          VARCHAR,\n  AGE             VARCHAR,\n  NATIONALITY     VARCHAR\n);, parameters: None","logger":"airflow.task.hooks.airflow.providers.snowflake.hooks.snowflake.SnowflakeHook","filename":"snowflake.py","lineno":703}
{"timestamp":"2026-03-30T16:27:21.880667Z","level":"info","event":"Running statement: CREATE OR REPLACE TABLE DWH.DIM_PASSENGER (\n  PASSENGER_KEY   NUMBER AUTOINCREMENT,\n  PASSENGER_ID    VARCHAR,\n  FIRST_NAME      VARCHAR,\n  LAST_NAME       VARCHAR,\n  GENDER          VARCHAR,\n  AGE             VARCHAR,\n  NATIONALITY     VARCHAR\n);, parameters: None","logger":"airflow.task.hooks.airflow.providers.snowflake.hooks.snowflake.SnowflakeHook","filename":"sql.py","lineno":829}
{"timestamp":"2026-03-30T16:27:22.521454Z","level":"info","event":"Rows affected: 1","logger":"airflow.task.hooks.airflow.providers.snowflake.hooks.snowflake.SnowflakeHook","filename":"sql.py","lineno":841}
{"timestamp":"2026-03-30T16:27:22.521659Z","level":"info","event":"Rows affected: 1","logger":"airflow.task.hooks.airflow.providers.snowflake.hooks.snowflake.SnowflakeHook","filename":"snowflake.py","lineno":716}
{"timestamp":"2026-03-30T16:27:22.521761Z","level":"info","event":"Snowflake query id: 01c3609b-0005-2084-0000-0001542a59c5","logger":"airflow.task.hooks.airflow.providers.snowflake.hooks.snowflake.SnowflakeHook","filename":"snowflake.py","lineno":717}
{"timestamp":"2026-03-30T16:27:22.521852Z","level":"info","event":"Running statement: CREATE OR REPLACE TABLE DWH.DIM_AIRPORT (\n  AIRPORT_KEY           NUMBER AUTOINCREMENT,\n  AIRPORT_NAME          VARCHAR,\n  AIRPORT_COUNTRY_CODE  VARCHAR,\n  COUNTRY_NAME          VARCHAR,\n  AIRPORT_CONTINENT     VARCHAR,\n  CONTINENTS            VARCHAR\n);, parameters: None","logger":"airflow.task.hooks.airflow.providers.snowflake.hooks.snowflake.SnowflakeHook","filename":"snowflake.py","lineno":703}
{"timestamp":"2026-03-30T16:27:22.521914Z","level":"info","event":"Running statement: CREATE OR REPLACE TABLE DWH.DIM_AIRPORT (\n  AIRPORT_KEY           NUMBER AUTOINCREMENT,\n  AIRPORT_NAME          VARCHAR,\n  AIRPORT_COUNTRY_CODE  VARCHAR,\n  COUNTRY_NAME          VARCHAR,\n  AIRPORT_CONTINENT     VARCHAR,\n  CONTINENTS            VARCHAR\n);, parameters: None","logger":"airflow.task.hooks.airflow.providers.snowflake.hooks.snowflake.SnowflakeHook","filename":"sql.py","lineno":829}
{"timestamp":"2026-03-30T16:27:23.002490Z","level":"info","event":"Rows affected: 1","logger":"airflow.task.hooks.airflow.providers.snowflake.hooks.snowflake.SnowflakeHook","filename":"sql.py","lineno":841}
{"timestamp":"2026-03-30T16:27:23.002657Z","level":"info","event":"Rows affected: 1","logger":"airflow.task.hooks.airflow.providers.snowflake.hooks.snowflake.SnowflakeHook","filename":"snowflake.py","lineno":716}
{"timestamp":"2026-03-30T16:27:23.002732Z","level":"info","event":"Snowflake query id: 01c3609b-0005-2092-0000-0001542ad1fd","logger":"airflow.task.hooks.airflow.providers.snowflake.hooks.snowflake.SnowflakeHook","filename":"snowflake.py","lineno":717}
{"timestamp":"2026-03-30T16:27:23.002788Z","level":"info","event":"Running statement: CREATE OR REPLACE TABLE DWH.DIM_ARRIVAL_AIRPORT (\n  ARRIVAL_AIRPORT_KEY   NUMBER AUTOINCREMENT,\n  ARRIVAL_AIRPORT       VARCHAR\n);, parameters: None","logger":"airflow.task.hooks.airflow.providers.snowflake.hooks.snowflake.SnowflakeHook","filename":"snowflake.py","lineno":703}
{"timestamp":"2026-03-30T16:27:23.002877Z","level":"info","event":"Running statement: CREATE OR REPLACE TABLE DWH.DIM_ARRIVAL_AIRPORT (\n  ARRIVAL_AIRPORT_KEY   NUMBER AUTOINCREMENT,\n  ARRIVAL_AIRPORT       VARCHAR\n);, parameters: None","logger":"airflow.task.hooks.airflow.providers.snowflake.hooks.snowflake.SnowflakeHook","filename":"sql.py","lineno":829}
{"timestamp":"2026-03-30T16:27:23.321032Z","level":"info","event":"Rows affected: 1","logger":"airflow.task.hooks.airflow.providers.snowflake.hooks.snowflake.SnowflakeHook","filename":"sql.py","lineno":841}
{"timestamp":"2026-03-30T16:27:23.321268Z","level":"info","event":"Rows affected: 1","logger":"airflow.task.hooks.airflow.providers.snowflake.hooks.snowflake.SnowflakeHook","filename":"snowflake.py","lineno":716}
{"timestamp":"2026-03-30T16:27:23.321373Z","level":"info","event":"Snowflake query id: 01c3609b-0005-20b0-0000-0001542aca45","logger":"airflow.task.hooks.airflow.providers.snowflake.hooks.snowflake.SnowflakeHook","filename":"snowflake.py","lineno":717}
{"timestamp":"2026-03-30T16:27:23.321439Z","level":"info","event":"Running statement: CREATE OR REPLACE TABLE DWH.DIM_PILOT (\n  PILOT_KEY       NUMBER AUTOINCREMENT,\n  PILOT_NAME      VARCHAR\n);, parameters: None","logger":"airflow.task.hooks.airflow.providers.snowflake.hooks.snowflake.SnowflakeHook","filename":"snowflake.py","lineno":703}
{"timestamp":"2026-03-30T16:27:23.321494Z","level":"info","event":"Running statement: CREATE OR REPLACE TABLE DWH.DIM_PILOT (\n  PILOT_KEY       NUMBER AUTOINCREMENT,\n  PILOT_NAME      VARCHAR\n);, parameters: None","logger":"airflow.task.hooks.airflow.providers.snowflake.hooks.snowflake.SnowflakeHook","filename":"sql.py","lineno":829}
{"timestamp":"2026-03-30T16:27:23.799588Z","level":"info","event":"Rows affected: 1","logger":"airflow.task.hooks.airflow.providers.snowflake.hooks.snowflake.SnowflakeHook","filename":"sql.py","lineno":841}
{"timestamp":"2026-03-30T16:27:23.799873Z","level":"info","event":"Rows affected: 1","logger":"airflow.task.hooks.airflow.providers.snowflake.hooks.snowflake.SnowflakeHook","filename":"snowflake.py","lineno":716}
{"timestamp":"2026-03-30T16:27:23.799984Z","level":"info","event":"Snowflake query id: 01c3609b-0005-20a9-0000-0001542a3521","logger":"airflow.task.hooks.airflow.providers.snowflake.hooks.snowflake.SnowflakeHook","filename":"snowflake.py","lineno":717}
{"timestamp":"2026-03-30T16:27:23.800056Z","level":"info","event":"Running statement: CREATE OR REPLACE TABLE DWH.DIM_TICKET_TYPE (\n  TICKET_TYPE_KEY NUMBER AUTOINCREMENT,\n  TICKET_TYPE     VARCHAR\n);, parameters: None","logger":"airflow.task.hooks.airflow.providers.snowflake.hooks.snowflake.SnowflakeHook","filename":"snowflake.py","lineno":703}
{"timestamp":"2026-03-30T16:27:23.800122Z","level":"info","event":"Running statement: CREATE OR REPLACE TABLE DWH.DIM_TICKET_TYPE (\n  TICKET_TYPE_KEY NUMBER AUTOINCREMENT,\n  TICKET_TYPE     VARCHAR\n);, parameters: None","logger":"airflow.task.hooks.airflow.providers.snowflake.hooks.snowflake.SnowflakeHook","filename":"sql.py","lineno":829}
{"timestamp":"2026-03-30T16:27:24.287896Z","level":"info","event":"Rows affected: 1","logger":"airflow.task.hooks.airflow.providers.snowflake.hooks.snowflake.SnowflakeHook","filename":"sql.py","lineno":841}
{"timestamp":"2026-03-30T16:27:24.288156Z","level":"info","event":"Rows affected: 1","logger":"airflow.task.hooks.airflow.providers.snowflake.hooks.snowflake.SnowflakeHook","filename":"snowflake.py","lineno":716}
{"timestamp":"2026-03-30T16:27:24.288241Z","level":"info","event":"Snowflake query id: 01c3609b-0005-2092-0000-0001542ad201","logger":"airflow.task.hooks.airflow.providers.snowflake.hooks.snowflake.SnowflakeHook","filename":"snowflake.py","lineno":717}
{"timestamp":"2026-03-30T16:27:24.288297Z","level":"info","event":"Running statement: CREATE OR REPLACE TABLE DWH.DIM_STATUS (\n  STATUS_KEY        NUMBER AUTOINCREMENT,\n  FLIGHT_STATUS     VARCHAR,\n  PASSENGER_STATUS  VARCHAR\n);, parameters: None","logger":"airflow.task.hooks.airflow.providers.snowflake.hooks.snowflake.SnowflakeHook","filename":"snowflake.py","lineno":703}
{"timestamp":"2026-03-30T16:27:24.288350Z","level":"info","event":"Running statement: CREATE OR REPLACE TABLE DWH.DIM_STATUS (\n  STATUS_KEY        NUMBER AUTOINCREMENT,\n  FLIGHT_STATUS     VARCHAR,\n  PASSENGER_STATUS  VARCHAR\n);, parameters: None","logger":"airflow.task.hooks.airflow.providers.snowflake.hooks.snowflake.SnowflakeHook","filename":"sql.py","lineno":829}
{"timestamp":"2026-03-30T16:27:24.600647Z","level":"info","event":"Rows affected: 1","logger":"airflow.task.hooks.airflow.providers.snowflake.hooks.snowflake.SnowflakeHook","filename":"sql.py","lineno":841}
{"timestamp":"2026-03-30T16:27:24.600885Z","level":"info","event":"Rows affected: 1","logger":"airflow.task.hooks.airflow.providers.snowflake.hooks.snowflake.SnowflakeHook","filename":"snowflake.py","lineno":716}
{"timestamp":"2026-03-30T16:27:24.600992Z","level":"info","event":"Snowflake query id: 01c3609b-0005-20b0-0000-0001542aca49","logger":"airflow.task.hooks.airflow.providers.snowflake.hooks.snowflake.SnowflakeHook","filename":"snowflake.py","lineno":717}
{"timestamp":"2026-03-30T16:27:24.924589Z","level":"info","event":"Executed: 02_Create_Dimension_Tables.sql","logger":"airflow.task","filename":"snowflake_setup_dag.py","lineno":36}
{"timestamp":"2026-03-30T16:27:24.924906Z","level":"info","event":"Done. Returned value was: None","logger":"airflow.task.operators.airflow.providers.standard.decorators.python._PythonDecoratedOperator","filename":"python.py","lineno":230}
