{"timestamp":"2026-03-30T17:20:33.612519Z","level":"info","event":"DAG bundles loaded: dags-folder","logger":"airflow.dag_processing.bundles.manager.DagBundlesManager","filename":"manager.py","lineno":179}
{"timestamp":"2026-03-30T17:20:33.615324Z","level":"info","event":"Filling up the DagBag from /opt/airflow/dags/set_up_database/snowflake_setup_dag.py","logger":"airflow.models.dagbag.BundleDagBag","filename":"dagbag.py","lineno":593}
{"timestamp":"2026-03-30T17:20:34.582252Z","level":"warning","event":"The `airflow.decorators.dag` attribute is deprecated. Please use `'airflow.sdk.dag'`.","category":"DeprecatedImportWarning","filename":"/opt/airflow/dags/set_up_database/snowflake_setup_dag.py","lineno":4,"logger":"py.warnings"}
{"timestamp":"2026-03-30T17:20:34.582498Z","level":"warning","event":"The `airflow.decorators.task` attribute is deprecated. Please use `'airflow.sdk.task'`.","category":"DeprecatedImportWarning","filename":"/opt/airflow/dags/set_up_database/snowflake_setup_dag.py","lineno":4,"logger":"py.warnings"}
{"timestamp":"2026-03-30T17:20:34.582614Z","level":"warning","event":"The `airflow.models.param.Param` attribute is deprecated. Please use `'airflow.sdk.Param'`.","category":"DeprecatedImportWarning","filename":"/opt/airflow/dags/set_up_database/snowflake_setup_dag.py","lineno":6,"logger":"py.warnings"}
{"timestamp":"2026-03-30T17:20:34.637901Z","level":"info","event":"Snowflake Connector for Python Version: 4.0.0, Python Version: 3.12.12, Platform: Linux-6.6.87.2-microsoft-standard-WSL2-x86_64-with-glibc2.36","logger":"snowflake.connector.connection","filename":"connection.py","lineno":586}
{"timestamp":"2026-03-30T17:20:34.638649Z","level":"info","event":"Connecting to GLOBAL Snowflake domain","logger":"snowflake.connector.connection","filename":"connection.py","lineno":1629}
{"timestamp":"2026-03-30T17:20:46.504519Z","level":"info","event":"Running statement: USE DATABASE AIRLINE_DWH;, parameters: None","logger":"airflow.task.hooks.airflow.providers.snowflake.hooks.snowflake.SnowflakeHook","filename":"snowflake.py","lineno":703}
{"timestamp":"2026-03-30T17:20:46.504685Z","level":"info","event":"Running statement: USE DATABASE AIRLINE_DWH;, parameters: None","logger":"airflow.task.hooks.airflow.providers.snowflake.hooks.snowflake.SnowflakeHook","filename":"sql.py","lineno":829}
{"timestamp":"2026-03-30T17:20:46.813679Z","level":"info","event":"Rows affected: 1","logger":"airflow.task.hooks.airflow.providers.snowflake.hooks.snowflake.SnowflakeHook","filename":"sql.py","lineno":841}
{"timestamp":"2026-03-30T17:20:46.813911Z","level":"info","event":"Rows affected: 1","logger":"airflow.task.hooks.airflow.providers.snowflake.hooks.snowflake.SnowflakeHook","filename":"snowflake.py","lineno":716}
{"timestamp":"2026-03-30T17:20:46.814879Z","level":"info","event":"Snowflake query id: 01c360d0-0005-20a9-0000-0001542a364d","logger":"airflow.task.hooks.airflow.providers.snowflake.hooks.snowflake.SnowflakeHook","filename":"snowflake.py","lineno":717}
{"timestamp":"2026-03-30T17:20:46.815013Z","level":"info","event":"Running statement: USE SCHEMA DWH;, parameters: None","logger":"airflow.task.hooks.airflow.providers.snowflake.hooks.snowflake.SnowflakeHook","filename":"snowflake.py","lineno":703}
{"timestamp":"2026-03-30T17:20:46.815110Z","level":"info","event":"Running statement: USE SCHEMA DWH;, parameters: None","logger":"airflow.task.hooks.airflow.providers.snowflake.hooks.snowflake.SnowflakeHook","filename":"sql.py","lineno":829}
{"timestamp":"2026-03-30T17:20:47.016578Z","level":"info","event":"Rows affected: 1","logger":"airflow.task.hooks.airflow.providers.snowflake.hooks.snowflake.SnowflakeHook","filename":"sql.py","lineno":841}
{"timestamp":"2026-03-30T17:20:47.016733Z","level":"info","event":"Rows affected: 1","logger":"airflow.task.hooks.airflow.providers.snowflake.hooks.snowflake.SnowflakeHook","filename":"snowflake.py","lineno":716}
{"timestamp":"2026-03-30T17:20:47.016834Z","level":"info","event":"Snowflake query id: 01c360d0-0005-20a9-0000-0001542a3651","logger":"airflow.task.hooks.airflow.providers.snowflake.hooks.snowflake.SnowflakeHook","filename":"snowflake.py","lineno":717}
{"timestamp":"2026-03-30T17:20:47.016925Z","level":"info","event":"Running statement: CREATE OR REPLACE TABLE DWH.DIM_DATE (\n  DATE_KEY        NUMBER AUTOINCREMENT,\n  FULL_DATE       DATE,\n  YEAR            NUMBER,\n  MONTH           NUMBER,\n  DAY             NUMBER\n);, parameters: None","logger":"airflow.task.hooks.airflow.providers.snowflake.hooks.snowflake.SnowflakeHook","filename":"snowflake.py","lineno":703}
{"timestamp":"2026-03-30T17:20:47.016986Z","level":"info","event":"Running statement: CREATE OR REPLACE TABLE DWH.DIM_DATE (\n  DATE_KEY        NUMBER AUTOINCREMENT,\n  FULL_DATE       DATE,\n  YEAR            NUMBER,\n  MONTH           NUMBER,\n  DAY             NUMBER\n);, parameters: None","logger":"airflow.task.hooks.airflow.providers.snowflake.hooks.snowflake.SnowflakeHook","filename":"sql.py","lineno":829}
{"timestamp":"2026-03-30T17:20:47.934762Z","level":"info","event":"Rows affected: 1","logger":"airflow.task.hooks.airflow.providers.snowflake.hooks.snowflake.SnowflakeHook","filename":"sql.py","lineno":841}
{"timestamp":"2026-03-30T17:20:47.934975Z","level":"info","event":"Rows affected: 1","logger":"airflow.task.hooks.airflow.providers.snowflake.hooks.snowflake.SnowflakeHook","filename":"snowflake.py","lineno":716}
{"timestamp":"2026-03-30T17:20:47.935052Z","level":"info","event":"Snowflake query id: 01c360d0-0005-2092-0000-0001542ad371","logger":"airflow.task.hooks.airflow.providers.snowflake.hooks.snowflake.SnowflakeHook","filename":"snowflake.py","lineno":717}
{"timestamp":"2026-03-30T17:20:47.935112Z","level":"info","event":"Running statement: CREATE OR REPLACE TABLE DWH.DIM_PASSENGER (\n  PASSENGER_KEY   NUMBER AUTOINCREMENT,\n  PASSENGER_ID    VARCHAR,\n  FIRST_NAME      VARCHAR,\n  LAST_NAME       VARCHAR,\n  GENDER          VARCHAR,\n  AGE             VARCHAR,\n  NATIONALITY     VARCHAR\n);, parameters: None","logger":"airflow.task.hooks.airflow.providers.snowflake.hooks.snowflake.SnowflakeHook","filename":"snowflake.py","lineno":703}
{"timestamp":"2026-03-30T17:20:47.935165Z","level":"info","event":"Running statement: CREATE OR REPLACE TABLE DWH.DIM_PASSENGER (\n  PASSENGER_KEY   NUMBER AUTOINCREMENT,\n  PASSENGER_ID    VARCHAR,\n  FIRST_NAME      VARCHAR,\n  LAST_NAME       VARCHAR,\n  GENDER          VARCHAR,\n  AGE             VARCHAR,\n  NATIONALITY     VARCHAR\n);, parameters: None","logger":"airflow.task.hooks.airflow.providers.snowflake.hooks.snowflake.SnowflakeHook","filename":"sql.py","lineno":829}
{"timestamp":"2026-03-30T17:20:48.450011Z","level":"info","event":"Rows affected: 1","logger":"airflow.task.hooks.airflow.providers.snowflake.hooks.snowflake.SnowflakeHook","filename":"sql.py","lineno":841}
{"timestamp":"2026-03-30T17:20:48.450170Z","level":"info","event":"Rows affected: 1","logger":"airflow.task.hooks.airflow.providers.snowflake.hooks.snowflake.SnowflakeHook","filename":"snowflake.py","lineno":716}
{"timestamp":"2026-03-30T17:20:48.450240Z","level":"info","event":"Snowflake query id: 01c360d0-0005-2084-0000-0001542a5b21","logger":"airflow.task.hooks.airflow.providers.snowflake.hooks.snowflake.SnowflakeHook","filename":"snowflake.py","lineno":717}
{"timestamp":"2026-03-30T17:20:48.450344Z","level":"info","event":"Running statement: CREATE OR REPLACE TABLE DWH.DIM_AIRPORT (\n  AIRPORT_KEY           NUMBER AUTOINCREMENT,\n  AIRPORT_NAME          VARCHAR,\n  AIRPORT_COUNTRY_CODE  VARCHAR,\n  COUNTRY_NAME          VARCHAR,\n  AIRPORT_CONTINENT     VARCHAR,\n  CONTINENTS            VARCHAR\n);, parameters: None","logger":"airflow.task.hooks.airflow.providers.snowflake.hooks.snowflake.SnowflakeHook","filename":"snowflake.py","lineno":703}
{"timestamp":"2026-03-30T17:20:48.450400Z","level":"info","event":"Running statement: CREATE OR REPLACE TABLE DWH.DIM_AIRPORT (\n  AIRPORT_KEY           NUMBER AUTOINCREMENT,\n  AIRPORT_NAME          VARCHAR,\n  AIRPORT_COUNTRY_CODE  VARCHAR,\n  COUNTRY_NAME          VARCHAR,\n  AIRPORT_CONTINENT     VARCHAR,\n  CONTINENTS            VARCHAR\n);, parameters: None","logger":"airflow.task.hooks.airflow.providers.snowflake.hooks.snowflake.SnowflakeHook","filename":"sql.py","lineno":829}
{"timestamp":"2026-03-30T17:20:48.753382Z","level":"info","event":"Rows affected: 1","logger":"airflow.task.hooks.airflow.providers.snowflake.hooks.snowflake.SnowflakeHook","filename":"sql.py","lineno":841}
{"timestamp":"2026-03-30T17:20:48.753550Z","level":"info","event":"Rows affected: 1","logger":"airflow.task.hooks.airflow.providers.snowflake.hooks.snowflake.SnowflakeHook","filename":"snowflake.py","lineno":716}
{"timestamp":"2026-03-30T17:20:48.753628Z","level":"info","event":"Snowflake query id: 01c360d0-0005-20b0-0000-0001542acbd1","logger":"airflow.task.hooks.airflow.providers.snowflake.hooks.snowflake.SnowflakeHook","filename":"snowflake.py","lineno":717}
{"timestamp":"2026-03-30T17:20:48.753687Z","level":"info","event":"Running statement: CREATE OR REPLACE TABLE DWH.DIM_ARRIVAL_AIRPORT (\n  ARRIVAL_AIRPORT_KEY   NUMBER AUTOINCREMENT,\n  ARRIVAL_AIRPORT       VARCHAR\n);, parameters: None","logger":"airflow.task.hooks.airflow.providers.snowflake.hooks.snowflake.SnowflakeHook","filename":"snowflake.py","lineno":703}
{"timestamp":"2026-03-30T17:20:48.753740Z","level":"info","event":"Running statement: CREATE OR REPLACE TABLE DWH.DIM_ARRIVAL_AIRPORT (\n  ARRIVAL_AIRPORT_KEY   NUMBER AUTOINCREMENT,\n  ARRIVAL_AIRPORT       VARCHAR\n);, parameters: None","logger":"airflow.task.hooks.airflow.providers.snowflake.hooks.snowflake.SnowflakeHook","filename":"sql.py","lineno":829}
{"timestamp":"2026-03-30T17:20:49.164241Z","level":"info","event":"Rows affected: 1","logger":"airflow.task.hooks.airflow.providers.snowflake.hooks.snowflake.SnowflakeHook","filename":"sql.py","lineno":841}
{"timestamp":"2026-03-30T17:20:49.164476Z","level":"info","event":"Rows affected: 1","logger":"airflow.task.hooks.airflow.providers.snowflake.hooks.snowflake.SnowflakeHook","filename":"snowflake.py","lineno":716}
{"timestamp":"2026-03-30T17:20:49.164562Z","level":"info","event":"Snowflake query id: 01c360d0-0005-20a9-0000-0001542a3655","logger":"airflow.task.hooks.airflow.providers.snowflake.hooks.snowflake.SnowflakeHook","filename":"snowflake.py","lineno":717}
{"timestamp":"2026-03-30T17:20:49.164624Z","level":"info","event":"Running statement: CREATE OR REPLACE TABLE DWH.DIM_PILOT (\n  PILOT_KEY       NUMBER AUTOINCREMENT,\n  PILOT_NAME      VARCHAR\n);, parameters: None","logger":"airflow.task.hooks.airflow.providers.snowflake.hooks.snowflake.SnowflakeHook","filename":"snowflake.py","lineno":703}
{"timestamp":"2026-03-30T17:20:49.164680Z","level":"info","event":"Running statement: CREATE OR REPLACE TABLE DWH.DIM_PILOT (\n  PILOT_KEY       NUMBER AUTOINCREMENT,\n  PILOT_NAME      VARCHAR\n);, parameters: None","logger":"airflow.task.hooks.airflow.providers.snowflake.hooks.snowflake.SnowflakeHook","filename":"sql.py","lineno":829}
{"timestamp":"2026-03-30T17:20:49.573108Z","level":"info","event":"Rows affected: 1","logger":"airflow.task.hooks.airflow.providers.snowflake.hooks.snowflake.SnowflakeHook","filename":"sql.py","lineno":841}
{"timestamp":"2026-03-30T17:20:49.573310Z","level":"info","event":"Rows affected: 1","logger":"airflow.task.hooks.airflow.providers.snowflake.hooks.snowflake.SnowflakeHook","filename":"snowflake.py","lineno":716}
{"timestamp":"2026-03-30T17:20:49.573389Z","level":"info","event":"Snowflake query id: 01c360d0-0005-2084-0000-0001542a5b25","logger":"airflow.task.hooks.airflow.providers.snowflake.hooks.snowflake.SnowflakeHook","filename":"snowflake.py","lineno":717}
{"timestamp":"2026-03-30T17:20:49.573447Z","level":"info","event":"Running statement: CREATE OR REPLACE TABLE DWH.DIM_TICKET_TYPE (\n  TICKET_TYPE_KEY NUMBER AUTOINCREMENT,\n  TICKET_TYPE     VARCHAR\n);, parameters: None","logger":"airflow.task.hooks.airflow.providers.snowflake.hooks.snowflake.SnowflakeHook","filename":"snowflake.py","lineno":703}
{"timestamp":"2026-03-30T17:20:49.573501Z","level":"info","event":"Running statement: CREATE OR REPLACE TABLE DWH.DIM_TICKET_TYPE (\n  TICKET_TYPE_KEY NUMBER AUTOINCREMENT,\n  TICKET_TYPE     VARCHAR\n);, parameters: None","logger":"airflow.task.hooks.airflow.providers.snowflake.hooks.snowflake.SnowflakeHook","filename":"sql.py","lineno":829}
{"timestamp":"2026-03-30T17:20:49.983401Z","level":"info","event":"Rows affected: 1","logger":"airflow.task.hooks.airflow.providers.snowflake.hooks.snowflake.SnowflakeHook","filename":"sql.py","lineno":841}
{"timestamp":"2026-03-30T17:20:49.983608Z","level":"info","event":"Rows affected: 1","logger":"airflow.task.hooks.airflow.providers.snowflake.hooks.snowflake.SnowflakeHook","filename":"snowflake.py","lineno":716}
{"timestamp":"2026-03-30T17:20:49.983685Z","level":"info","event":"Snowflake query id: 01c360d0-0005-2084-0000-0001542a5b29","logger":"airflow.task.hooks.airflow.providers.snowflake.hooks.snowflake.SnowflakeHook","filename":"snowflake.py","lineno":717}
{"timestamp":"2026-03-30T17:20:49.983743Z","level":"info","event":"Running statement: CREATE OR REPLACE TABLE DWH.DIM_STATUS (\n  STATUS_KEY        NUMBER AUTOINCREMENT,\n  FLIGHT_STATUS     VARCHAR,\n  PASSENGER_STATUS  VARCHAR\n);, parameters: None","logger":"airflow.task.hooks.airflow.providers.snowflake.hooks.snowflake.SnowflakeHook","filename":"snowflake.py","lineno":703}
{"timestamp":"2026-03-30T17:20:49.983795Z","level":"info","event":"Running statement: CREATE OR REPLACE TABLE DWH.DIM_STATUS (\n  STATUS_KEY        NUMBER AUTOINCREMENT,\n  FLIGHT_STATUS     VARCHAR,\n  PASSENGER_STATUS  VARCHAR\n);, parameters: None","logger":"airflow.task.hooks.airflow.providers.snowflake.hooks.snowflake.SnowflakeHook","filename":"sql.py","lineno":829}
{"timestamp":"2026-03-30T17:20:50.496306Z","level":"info","event":"Rows affected: 1","logger":"airflow.task.hooks.airflow.providers.snowflake.hooks.snowflake.SnowflakeHook","filename":"sql.py","lineno":841}
{"timestamp":"2026-03-30T17:20:50.496488Z","level":"info","event":"Rows affected: 1","logger":"airflow.task.hooks.airflow.providers.snowflake.hooks.snowflake.SnowflakeHook","filename":"snowflake.py","lineno":716}
{"timestamp":"2026-03-30T17:20:50.496644Z","level":"info","event":"Snowflake query id: 01c360d0-0005-2084-0000-0001542a5b2d","logger":"airflow.task.hooks.airflow.providers.snowflake.hooks.snowflake.SnowflakeHook","filename":"snowflake.py","lineno":717}
{"timestamp":"2026-03-30T17:20:50.908371Z","level":"info","event":"Executed: 02_Create_Dimension_Tables.sql","logger":"airflow.task","filename":"snowflake_setup_dag.py","lineno":36}
{"timestamp":"2026-03-30T17:20:50.908679Z","level":"info","event":"Done. Returned value was: None","logger":"airflow.task.operators.airflow.providers.standard.decorators.python._PythonDecoratedOperator","filename":"python.py","lineno":230}
