{"timestamp":"2026-03-30T17:20:25.603516Z","level":"info","event":"DAG bundles loaded: dags-folder","logger":"airflow.dag_processing.bundles.manager.DagBundlesManager","filename":"manager.py","lineno":179}
{"timestamp":"2026-03-30T17:20:25.605926Z","level":"info","event":"Filling up the DagBag from /opt/airflow/dags/set_up_database/snowflake_setup_dag.py","logger":"airflow.models.dagbag.BundleDagBag","filename":"dagbag.py","lineno":593}
{"timestamp":"2026-03-30T17:20:26.460321Z","level":"warning","event":"The `airflow.decorators.dag` attribute is deprecated. Please use `'airflow.sdk.dag'`.","category":"DeprecatedImportWarning","filename":"/opt/airflow/dags/set_up_database/snowflake_setup_dag.py","lineno":4,"logger":"py.warnings"}
{"timestamp":"2026-03-30T17:20:26.460533Z","level":"warning","event":"The `airflow.decorators.task` attribute is deprecated. Please use `'airflow.sdk.task'`.","category":"DeprecatedImportWarning","filename":"/opt/airflow/dags/set_up_database/snowflake_setup_dag.py","lineno":4,"logger":"py.warnings"}
{"timestamp":"2026-03-30T17:20:26.460647Z","level":"warning","event":"The `airflow.models.param.Param` attribute is deprecated. Please use `'airflow.sdk.Param'`.","category":"DeprecatedImportWarning","filename":"/opt/airflow/dags/set_up_database/snowflake_setup_dag.py","lineno":6,"logger":"py.warnings"}
{"timestamp":"2026-03-30T17:20:26.515241Z","level":"info","event":"Snowflake Connector for Python Version: 4.0.0, Python Version: 3.12.12, Platform: Linux-6.6.87.2-microsoft-standard-WSL2-x86_64-with-glibc2.36","logger":"snowflake.connector.connection","filename":"connection.py","lineno":586}
{"timestamp":"2026-03-30T17:20:26.516187Z","level":"info","event":"Connecting to GLOBAL Snowflake domain","logger":"snowflake.connector.connection","filename":"connection.py","lineno":1629}
{"timestamp":"2026-03-30T17:20:29.435949Z","level":"info","event":"Running statement: USE DATABASE AIRLINE_DWH;, parameters: None","logger":"airflow.task.hooks.airflow.providers.snowflake.hooks.snowflake.SnowflakeHook","filename":"snowflake.py","lineno":703}
{"timestamp":"2026-03-30T17:20:29.436119Z","level":"info","event":"Running statement: USE DATABASE AIRLINE_DWH;, parameters: None","logger":"airflow.task.hooks.airflow.providers.snowflake.hooks.snowflake.SnowflakeHook","filename":"sql.py","lineno":829}
{"timestamp":"2026-03-30T17:20:29.780861Z","level":"info","event":"Rows affected: 1","logger":"airflow.task.hooks.airflow.providers.snowflake.hooks.snowflake.SnowflakeHook","filename":"sql.py","lineno":841}
{"timestamp":"2026-03-30T17:20:29.781067Z","level":"info","event":"Rows affected: 1","logger":"airflow.task.hooks.airflow.providers.snowflake.hooks.snowflake.SnowflakeHook","filename":"snowflake.py","lineno":716}
{"timestamp":"2026-03-30T17:20:29.781767Z","level":"info","event":"Snowflake query id: 01c360d0-0005-2092-0000-0001542ad369","logger":"airflow.task.hooks.airflow.providers.snowflake.hooks.snowflake.SnowflakeHook","filename":"snowflake.py","lineno":717}
{"timestamp":"2026-03-30T17:20:29.781926Z","level":"info","event":"Running statement: USE SCHEMA CLEAN;, parameters: None","logger":"airflow.task.hooks.airflow.providers.snowflake.hooks.snowflake.SnowflakeHook","filename":"snowflake.py","lineno":703}
{"timestamp":"2026-03-30T17:20:29.781990Z","level":"info","event":"Running statement: USE SCHEMA CLEAN;, parameters: None","logger":"airflow.task.hooks.airflow.providers.snowflake.hooks.snowflake.SnowflakeHook","filename":"sql.py","lineno":829}
{"timestamp":"2026-03-30T17:20:31.089428Z","level":"info","event":"Rows affected: 1","logger":"airflow.task.hooks.airflow.providers.snowflake.hooks.snowflake.SnowflakeHook","filename":"sql.py","lineno":841}
{"timestamp":"2026-03-30T17:20:31.089666Z","level":"info","event":"Rows affected: 1","logger":"airflow.task.hooks.airflow.providers.snowflake.hooks.snowflake.SnowflakeHook","filename":"snowflake.py","lineno":716}
{"timestamp":"2026-03-30T17:20:31.089767Z","level":"info","event":"Snowflake query id: 01c360d0-0005-20b0-0000-0001542acbcd","logger":"airflow.task.hooks.airflow.providers.snowflake.hooks.snowflake.SnowflakeHook","filename":"snowflake.py","lineno":717}
{"timestamp":"2026-03-30T17:20:31.089840Z","level":"info","event":"Running statement: CREATE OR REPLACE TABLE AIRLINE_DWH.CLEAN.TRAVEL_CLEAN (\n    ROW_ID NUMBER(5,0),\n    PASSENGER_ID VARCHAR,\n    FIRST_NAME VARCHAR,\n    LAST_NAME VARCHAR,\n    GENDER VARCHAR,\n    AGE NUMBER,\n    NATIONALITY VARCHAR,\n    AIRPORT_NAME VARCHAR,\n    AIRPORT_COUNTRY_CODE VARCHAR,\n    COUNTRY_NAME VARCHAR,\n    AIRPORT_CONTINENT VARCHAR,\n    CONTINENTS VARCHAR,\n    DEPARTURE_DATE DATE,\n    ARRIVAL_AIRPORT VARCHAR,\n    PILOT_NAME VARCHAR,\n    FLIGHT_STATUS VARCHAR,\n    TICKET_TYPE VARCHAR,\n    PASSENGER_STATUS VARCHAR\n);, parameters: None","logger":"airflow.task.hooks.airflow.providers.snowflake.hooks.snowflake.SnowflakeHook","filename":"snowflake.py","lineno":703}
{"timestamp":"2026-03-30T17:20:31.089909Z","level":"info","event":"Running statement: CREATE OR REPLACE TABLE AIRLINE_DWH.CLEAN.TRAVEL_CLEAN (\n    ROW_ID NUMBER(5,0),\n    PASSENGER_ID VARCHAR,\n    FIRST_NAME VARCHAR,\n    LAST_NAME VARCHAR,\n    GENDER VARCHAR,\n    AGE NUMBER,\n    NATIONALITY VARCHAR,\n    AIRPORT_NAME VARCHAR,\n    AIRPORT_COUNTRY_CODE VARCHAR,\n    COUNTRY_NAME VARCHAR,\n    AIRPORT_CONTINENT VARCHAR,\n    CONTINENTS VARCHAR,\n    DEPARTURE_DATE DATE,\n    ARRIVAL_AIRPORT VARCHAR,\n    PILOT_NAME VARCHAR,\n    FLIGHT_STATUS VARCHAR,\n    TICKET_TYPE VARCHAR,\n    PASSENGER_STATUS VARCHAR\n);, parameters: None","logger":"airflow.task.hooks.airflow.providers.snowflake.hooks.snowflake.SnowflakeHook","filename":"sql.py","lineno":829}
{"timestamp":"2026-03-30T17:20:31.618817Z","level":"info","event":"Rows affected: 1","logger":"airflow.task.hooks.airflow.providers.snowflake.hooks.snowflake.SnowflakeHook","filename":"sql.py","lineno":841}
{"timestamp":"2026-03-30T17:20:31.619031Z","level":"info","event":"Rows affected: 1","logger":"airflow.task.hooks.airflow.providers.snowflake.hooks.snowflake.SnowflakeHook","filename":"snowflake.py","lineno":716}
{"timestamp":"2026-03-30T17:20:31.619134Z","level":"info","event":"Snowflake query id: 01c360d0-0005-20a9-0000-0001542a3649","logger":"airflow.task.hooks.airflow.providers.snowflake.hooks.snowflake.SnowflakeHook","filename":"snowflake.py","lineno":717}
{"timestamp":"2026-03-30T17:20:33.017564Z","level":"info","event":"Executed: 01_Create_Clean_Table.sql","logger":"airflow.task","filename":"snowflake_setup_dag.py","lineno":36}
{"timestamp":"2026-03-30T17:20:33.017786Z","level":"info","event":"Done. Returned value was: None","logger":"airflow.task.operators.airflow.providers.standard.decorators.python._PythonDecoratedOperator","filename":"python.py","lineno":230}
