{"timestamp":"2026-03-30T17:12:53.180226Z","level":"info","event":"DAG bundles loaded: dags-folder","logger":"airflow.dag_processing.bundles.manager.DagBundlesManager","filename":"manager.py","lineno":179}
{"timestamp":"2026-03-30T17:12:53.189804Z","level":"info","event":"Filling up the DagBag from /opt/airflow/dags/set_up_database/snowflake_setup_dag.py","logger":"airflow.models.dagbag.BundleDagBag","filename":"dagbag.py","lineno":593}
{"timestamp":"2026-03-30T17:12:54.379369Z","level":"warning","event":"The `airflow.decorators.dag` attribute is deprecated. Please use `'airflow.sdk.dag'`.","category":"DeprecatedImportWarning","filename":"/opt/airflow/dags/set_up_database/snowflake_setup_dag.py","lineno":4,"logger":"py.warnings"}
{"timestamp":"2026-03-30T17:12:54.379647Z","level":"warning","event":"The `airflow.decorators.task` attribute is deprecated. Please use `'airflow.sdk.task'`.","category":"DeprecatedImportWarning","filename":"/opt/airflow/dags/set_up_database/snowflake_setup_dag.py","lineno":4,"logger":"py.warnings"}
{"timestamp":"2026-03-30T17:12:54.379766Z","level":"warning","event":"The `airflow.models.param.Param` attribute is deprecated. Please use `'airflow.sdk.Param'`.","category":"DeprecatedImportWarning","filename":"/opt/airflow/dags/set_up_database/snowflake_setup_dag.py","lineno":6,"logger":"py.warnings"}
{"timestamp":"2026-03-30T17:12:54.450411Z","level":"info","event":"Snowflake Connector for Python Version: 4.0.0, Python Version: 3.12.12, Platform: Linux-6.6.87.2-microsoft-standard-WSL2-x86_64-with-glibc2.36","logger":"snowflake.connector.connection","filename":"connection.py","lineno":586}
{"timestamp":"2026-03-30T17:12:54.451264Z","level":"info","event":"Connecting to GLOBAL Snowflake domain","logger":"snowflake.connector.connection","filename":"connection.py","lineno":1629}
{"timestamp":"2026-03-30T17:12:58.025169Z","level":"info","event":"Running statement: USE DATABASE AIRLINE_DWH;, parameters: None","logger":"airflow.task.hooks.airflow.providers.snowflake.hooks.snowflake.SnowflakeHook","filename":"snowflake.py","lineno":703}
{"timestamp":"2026-03-30T17:12:58.025373Z","level":"info","event":"Running statement: USE DATABASE AIRLINE_DWH;, parameters: None","logger":"airflow.task.hooks.airflow.providers.snowflake.hooks.snowflake.SnowflakeHook","filename":"sql.py","lineno":829}
{"timestamp":"2026-03-30T17:12:58.230096Z","level":"info","event":"Rows affected: 1","logger":"airflow.task.hooks.airflow.providers.snowflake.hooks.snowflake.SnowflakeHook","filename":"sql.py","lineno":841}
{"timestamp":"2026-03-30T17:12:58.230292Z","level":"info","event":"Rows affected: 1","logger":"airflow.task.hooks.airflow.providers.snowflake.hooks.snowflake.SnowflakeHook","filename":"snowflake.py","lineno":716}
{"timestamp":"2026-03-30T17:12:58.233490Z","level":"info","event":"Snowflake query id: 01c360c9-0005-20b0-0000-0001542acb81","logger":"airflow.task.hooks.airflow.providers.snowflake.hooks.snowflake.SnowflakeHook","filename":"snowflake.py","lineno":717}
{"timestamp":"2026-03-30T17:12:58.233683Z","level":"info","event":"Running statement: USE SCHEMA DWH;, parameters: None","logger":"airflow.task.hooks.airflow.providers.snowflake.hooks.snowflake.SnowflakeHook","filename":"snowflake.py","lineno":703}
{"timestamp":"2026-03-30T17:12:58.233812Z","level":"info","event":"Running statement: USE SCHEMA DWH;, parameters: None","logger":"airflow.task.hooks.airflow.providers.snowflake.hooks.snowflake.SnowflakeHook","filename":"sql.py","lineno":829}
{"timestamp":"2026-03-30T17:12:58.435351Z","level":"info","event":"Rows affected: 1","logger":"airflow.task.hooks.airflow.providers.snowflake.hooks.snowflake.SnowflakeHook","filename":"sql.py","lineno":841}
{"timestamp":"2026-03-30T17:12:58.435640Z","level":"info","event":"Rows affected: 1","logger":"airflow.task.hooks.airflow.providers.snowflake.hooks.snowflake.SnowflakeHook","filename":"snowflake.py","lineno":716}
{"timestamp":"2026-03-30T17:12:58.435783Z","level":"info","event":"Snowflake query id: 01c360c9-0005-20a9-0000-0001542a360d","logger":"airflow.task.hooks.airflow.providers.snowflake.hooks.snowflake.SnowflakeHook","filename":"snowflake.py","lineno":717}
{"timestamp":"2026-03-30T17:12:58.435846Z","level":"info","event":"Running statement: INSERT INTO DWH.DIM_PASSENGER\n  (PASSENGER_ID, FIRST_NAME, LAST_NAME, GENDER, AGE, NATIONALITY)\nSELECT DISTINCT\n  PASSENGER_ID, FIRST_NAME, LAST_NAME, GENDER, AGE, NATIONALITY\nFROM CLEAN.TRAVEL_CLEAN;, parameters: None","logger":"airflow.task.hooks.airflow.providers.snowflake.hooks.snowflake.SnowflakeHook","filename":"snowflake.py","lineno":703}
{"timestamp":"2026-03-30T17:12:58.435902Z","level":"info","event":"Running statement: INSERT INTO DWH.DIM_PASSENGER\n  (PASSENGER_ID, FIRST_NAME, LAST_NAME, GENDER, AGE, NATIONALITY)\nSELECT DISTINCT\n  PASSENGER_ID, FIRST_NAME, LAST_NAME, GENDER, AGE, NATIONALITY\nFROM CLEAN.TRAVEL_CLEAN;, parameters: None","logger":"airflow.task.hooks.airflow.providers.snowflake.hooks.snowflake.SnowflakeHook","filename":"sql.py","lineno":829}
{"timestamp":"2026-03-30T17:12:59.258042Z","level":"info","event":"Rows affected: 0","logger":"airflow.task.hooks.airflow.providers.snowflake.hooks.snowflake.SnowflakeHook","filename":"sql.py","lineno":841}
{"timestamp":"2026-03-30T17:12:59.258568Z","level":"info","event":"Rows affected: 0","logger":"airflow.task.hooks.airflow.providers.snowflake.hooks.snowflake.SnowflakeHook","filename":"snowflake.py","lineno":716}
{"timestamp":"2026-03-30T17:12:59.258952Z","level":"info","event":"Snowflake query id: 01c360c9-0005-2084-0000-0001542a5ac5","logger":"airflow.task.hooks.airflow.providers.snowflake.hooks.snowflake.SnowflakeHook","filename":"snowflake.py","lineno":717}
{"timestamp":"2026-03-30T17:12:59.259065Z","level":"info","event":"Running statement: INSERT INTO DWH.DIM_AIRPORT\n  (AIRPORT_NAME, AIRPORT_COUNTRY_CODE, COUNTRY_NAME, AIRPORT_CONTINENT, CONTINENTS)\nSELECT DISTINCT\n  AIRPORT_NAME, AIRPORT_COUNTRY_CODE, COUNTRY_NAME, AIRPORT_CONTINENT, CONTINENTS\nFROM CLEAN.TRAVEL_CLEAN;, parameters: None","logger":"airflow.task.hooks.airflow.providers.snowflake.hooks.snowflake.SnowflakeHook","filename":"snowflake.py","lineno":703}
{"timestamp":"2026-03-30T17:12:59.259137Z","level":"info","event":"Running statement: INSERT INTO DWH.DIM_AIRPORT\n  (AIRPORT_NAME, AIRPORT_COUNTRY_CODE, COUNTRY_NAME, AIRPORT_CONTINENT, CONTINENTS)\nSELECT DISTINCT\n  AIRPORT_NAME, AIRPORT_COUNTRY_CODE, COUNTRY_NAME, AIRPORT_CONTINENT, CONTINENTS\nFROM CLEAN.TRAVEL_CLEAN;, parameters: None","logger":"airflow.task.hooks.airflow.providers.snowflake.hooks.snowflake.SnowflakeHook","filename":"sql.py","lineno":829}
{"timestamp":"2026-03-30T17:12:59.969281Z","level":"info","event":"Rows affected: 0","logger":"airflow.task.hooks.airflow.providers.snowflake.hooks.snowflake.SnowflakeHook","filename":"sql.py","lineno":841}
{"timestamp":"2026-03-30T17:12:59.969501Z","level":"info","event":"Rows affected: 0","logger":"airflow.task.hooks.airflow.providers.snowflake.hooks.snowflake.SnowflakeHook","filename":"snowflake.py","lineno":716}
{"timestamp":"2026-03-30T17:12:59.969887Z","level":"info","event":"Snowflake query id: 01c360c9-0005-2092-0000-0001542ad321","logger":"airflow.task.hooks.airflow.providers.snowflake.hooks.snowflake.SnowflakeHook","filename":"snowflake.py","lineno":717}
{"timestamp":"2026-03-30T17:12:59.969950Z","level":"info","event":"Running statement: INSERT INTO DWH.DIM_PILOT (PILOT_NAME)\nSELECT DISTINCT PILOT_NAME\nFROM CLEAN.TRAVEL_CLEAN;, parameters: None","logger":"airflow.task.hooks.airflow.providers.snowflake.hooks.snowflake.SnowflakeHook","filename":"snowflake.py","lineno":703}
{"timestamp":"2026-03-30T17:12:59.970080Z","level":"info","event":"Running statement: INSERT INTO DWH.DIM_PILOT (PILOT_NAME)\nSELECT DISTINCT PILOT_NAME\nFROM CLEAN.TRAVEL_CLEAN;, parameters: None","logger":"airflow.task.hooks.airflow.providers.snowflake.hooks.snowflake.SnowflakeHook","filename":"sql.py","lineno":829}
{"timestamp":"2026-03-30T17:13:00.376196Z","level":"info","event":"Rows affected: 0","logger":"airflow.task.hooks.airflow.providers.snowflake.hooks.snowflake.SnowflakeHook","filename":"sql.py","lineno":841}
{"timestamp":"2026-03-30T17:13:00.376397Z","level":"info","event":"Rows affected: 0","logger":"airflow.task.hooks.airflow.providers.snowflake.hooks.snowflake.SnowflakeHook","filename":"snowflake.py","lineno":716}
{"timestamp":"2026-03-30T17:13:00.376489Z","level":"info","event":"Snowflake query id: 01c360c9-0005-2084-0000-0001542a5ac9","logger":"airflow.task.hooks.airflow.providers.snowflake.hooks.snowflake.SnowflakeHook","filename":"snowflake.py","lineno":717}
{"timestamp":"2026-03-30T17:13:00.376574Z","level":"info","event":"Running statement: INSERT INTO DWH.DIM_TICKET_TYPE (TICKET_TYPE)\nSELECT DISTINCT TICKET_TYPE\nFROM CLEAN.TRAVEL_CLEAN;, parameters: None","logger":"airflow.task.hooks.airflow.providers.snowflake.hooks.snowflake.SnowflakeHook","filename":"snowflake.py","lineno":703}
{"timestamp":"2026-03-30T17:13:00.376636Z","level":"info","event":"Running statement: INSERT INTO DWH.DIM_TICKET_TYPE (TICKET_TYPE)\nSELECT DISTINCT TICKET_TYPE\nFROM CLEAN.TRAVEL_CLEAN;, parameters: None","logger":"airflow.task.hooks.airflow.providers.snowflake.hooks.snowflake.SnowflakeHook","filename":"sql.py","lineno":829}
{"timestamp":"2026-03-30T17:13:00.784148Z","level":"info","event":"Rows affected: 0","logger":"airflow.task.hooks.airflow.providers.snowflake.hooks.snowflake.SnowflakeHook","filename":"sql.py","lineno":841}
{"timestamp":"2026-03-30T17:13:00.784363Z","level":"info","event":"Rows affected: 0","logger":"airflow.task.hooks.airflow.providers.snowflake.hooks.snowflake.SnowflakeHook","filename":"snowflake.py","lineno":716}
{"timestamp":"2026-03-30T17:13:00.784453Z","level":"info","event":"Snowflake query id: 01c360c9-0005-2092-0000-0001542ad325","logger":"airflow.task.hooks.airflow.providers.snowflake.hooks.snowflake.SnowflakeHook","filename":"snowflake.py","lineno":717}
{"timestamp":"2026-03-30T17:13:00.784512Z","level":"info","event":"Running statement: INSERT INTO DWH.DIM_STATUS (FLIGHT_STATUS, PASSENGER_STATUS)\nSELECT DISTINCT FLIGHT_STATUS, PASSENGER_STATUS\nFROM CLEAN.TRAVEL_CLEAN;, parameters: None","logger":"airflow.task.hooks.airflow.providers.snowflake.hooks.snowflake.SnowflakeHook","filename":"snowflake.py","lineno":703}
{"timestamp":"2026-03-30T17:13:00.784566Z","level":"info","event":"Running statement: INSERT INTO DWH.DIM_STATUS (FLIGHT_STATUS, PASSENGER_STATUS)\nSELECT DISTINCT FLIGHT_STATUS, PASSENGER_STATUS\nFROM CLEAN.TRAVEL_CLEAN;, parameters: None","logger":"airflow.task.hooks.airflow.providers.snowflake.hooks.snowflake.SnowflakeHook","filename":"sql.py","lineno":829}
{"timestamp":"2026-03-30T17:13:01.295310Z","level":"info","event":"Rows affected: 0","logger":"airflow.task.hooks.airflow.providers.snowflake.hooks.snowflake.SnowflakeHook","filename":"sql.py","lineno":841}
{"timestamp":"2026-03-30T17:13:01.295460Z","level":"info","event":"Rows affected: 0","logger":"airflow.task.hooks.airflow.providers.snowflake.hooks.snowflake.SnowflakeHook","filename":"snowflake.py","lineno":716}
{"timestamp":"2026-03-30T17:13:01.295529Z","level":"info","event":"Snowflake query id: 01c360c9-0005-2092-0000-0001542ad329","logger":"airflow.task.hooks.airflow.providers.snowflake.hooks.snowflake.SnowflakeHook","filename":"snowflake.py","lineno":717}
{"timestamp":"2026-03-30T17:13:01.295585Z","level":"info","event":"Running statement: INSERT INTO DWH.DIM_ARRIVAL_AIRPORT (ARRIVAL_AIRPORT)\nSELECT DISTINCT ARRIVAL_AIRPORT\nFROM CLEAN.TRAVEL_CLEAN;, parameters: None","logger":"airflow.task.hooks.airflow.providers.snowflake.hooks.snowflake.SnowflakeHook","filename":"snowflake.py","lineno":703}
{"timestamp":"2026-03-30T17:13:01.295636Z","level":"info","event":"Running statement: INSERT INTO DWH.DIM_ARRIVAL_AIRPORT (ARRIVAL_AIRPORT)\nSELECT DISTINCT ARRIVAL_AIRPORT\nFROM CLEAN.TRAVEL_CLEAN;, parameters: None","logger":"airflow.task.hooks.airflow.providers.snowflake.hooks.snowflake.SnowflakeHook","filename":"sql.py","lineno":829}
{"timestamp":"2026-03-30T17:13:01.706008Z","level":"info","event":"Rows affected: 0","logger":"airflow.task.hooks.airflow.providers.snowflake.hooks.snowflake.SnowflakeHook","filename":"sql.py","lineno":841}
{"timestamp":"2026-03-30T17:13:01.706355Z","level":"info","event":"Rows affected: 0","logger":"airflow.task.hooks.airflow.providers.snowflake.hooks.snowflake.SnowflakeHook","filename":"snowflake.py","lineno":716}
{"timestamp":"2026-03-30T17:13:01.706456Z","level":"info","event":"Snowflake query id: 01c360c9-0005-2084-0000-0001542a5acd","logger":"airflow.task.hooks.airflow.providers.snowflake.hooks.snowflake.SnowflakeHook","filename":"snowflake.py","lineno":717}
{"timestamp":"2026-03-30T17:13:01.706518Z","level":"info","event":"Running statement: INSERT INTO DWH.DIM_DATE (FULL_DATE, YEAR, MONTH, DAY)\nSELECT DISTINCT\n  DEPARTURE_DATE,\n  YEAR(DEPARTURE_DATE),\n  MONTH(DEPARTURE_DATE),\n  DAY(DEPARTURE_DATE)\nFROM CLEAN.TRAVEL_CLEAN\nWHERE DEPARTURE_DATE IS NOT NULL;, parameters: None","logger":"airflow.task.hooks.airflow.providers.snowflake.hooks.snowflake.SnowflakeHook","filename":"snowflake.py","lineno":703}
{"timestamp":"2026-03-30T17:13:01.706572Z","level":"info","event":"Running statement: INSERT INTO DWH.DIM_DATE (FULL_DATE, YEAR, MONTH, DAY)\nSELECT DISTINCT\n  DEPARTURE_DATE,\n  YEAR(DEPARTURE_DATE),\n  MONTH(DEPARTURE_DATE),\n  DAY(DEPARTURE_DATE)\nFROM CLEAN.TRAVEL_CLEAN\nWHERE DEPARTURE_DATE IS NOT NULL;, parameters: None","logger":"airflow.task.hooks.airflow.providers.snowflake.hooks.snowflake.SnowflakeHook","filename":"sql.py","lineno":829}
{"timestamp":"2026-03-30T17:13:02.121041Z","level":"info","event":"Rows affected: 0","logger":"airflow.task.hooks.airflow.providers.snowflake.hooks.snowflake.SnowflakeHook","filename":"sql.py","lineno":841}
{"timestamp":"2026-03-30T17:13:02.121215Z","level":"info","event":"Rows affected: 0","logger":"airflow.task.hooks.airflow.providers.snowflake.hooks.snowflake.SnowflakeHook","filename":"snowflake.py","lineno":716}
{"timestamp":"2026-03-30T17:13:02.121333Z","level":"info","event":"Snowflake query id: 01c360c9-0005-2092-0000-0001542ad32d","logger":"airflow.task.hooks.airflow.providers.snowflake.hooks.snowflake.SnowflakeHook","filename":"snowflake.py","lineno":717}
{"timestamp":"2026-03-30T17:13:02.649607Z","level":"info","event":"Executed: 05_Load_Dimensions.sql","logger":"airflow.task","filename":"snowflake_setup_dag.py","lineno":36}
{"timestamp":"2026-03-30T17:13:02.649966Z","level":"info","event":"Done. Returned value was: None","logger":"airflow.task.operators.airflow.providers.standard.decorators.python._PythonDecoratedOperator","filename":"python.py","lineno":230}
