{"timestamp":"2026-03-30T16:27:38.029178Z","level":"info","event":"DAG bundles loaded: dags-folder","logger":"airflow.dag_processing.bundles.manager.DagBundlesManager","filename":"manager.py","lineno":179}
{"timestamp":"2026-03-30T16:27:38.031267Z","level":"info","event":"Filling up the DagBag from /opt/airflow/dags/set_up_database/snowflake_setup_dag.py","logger":"airflow.models.dagbag.BundleDagBag","filename":"dagbag.py","lineno":593}
{"timestamp":"2026-03-30T16:27:38.932422Z","level":"warning","event":"The `airflow.decorators.dag` attribute is deprecated. Please use `'airflow.sdk.dag'`.","category":"DeprecatedImportWarning","filename":"/opt/airflow/dags/set_up_database/snowflake_setup_dag.py","lineno":4,"logger":"py.warnings"}
{"timestamp":"2026-03-30T16:27:38.932630Z","level":"warning","event":"The `airflow.decorators.task` attribute is deprecated. Please use `'airflow.sdk.task'`.","category":"DeprecatedImportWarning","filename":"/opt/airflow/dags/set_up_database/snowflake_setup_dag.py","lineno":4,"logger":"py.warnings"}
{"timestamp":"2026-03-30T16:27:38.932745Z","level":"warning","event":"The `airflow.models.param.Param` attribute is deprecated. Please use `'airflow.sdk.Param'`.","category":"DeprecatedImportWarning","filename":"/opt/airflow/dags/set_up_database/snowflake_setup_dag.py","lineno":6,"logger":"py.warnings"}
{"timestamp":"2026-03-30T16:27:38.983385Z","level":"info","event":"Snowflake Connector for Python Version: 4.0.0, Python Version: 3.12.12, Platform: Linux-6.6.87.2-microsoft-standard-WSL2-x86_64-with-glibc2.36","logger":"snowflake.connector.connection","filename":"connection.py","lineno":586}
{"timestamp":"2026-03-30T16:27:38.984247Z","level":"info","event":"Connecting to GLOBAL Snowflake domain","logger":"snowflake.connector.connection","filename":"connection.py","lineno":1629}
{"timestamp":"2026-03-30T16:27:40.921455Z","level":"info","event":"Running statement: USE DATABASE AIRLINE_DWH;, parameters: None","logger":"airflow.task.hooks.airflow.providers.snowflake.hooks.snowflake.SnowflakeHook","filename":"snowflake.py","lineno":703}
{"timestamp":"2026-03-30T16:27:40.921688Z","level":"info","event":"Running statement: USE DATABASE AIRLINE_DWH;, parameters: None","logger":"airflow.task.hooks.airflow.providers.snowflake.hooks.snowflake.SnowflakeHook","filename":"sql.py","lineno":829}
{"timestamp":"2026-03-30T16:27:41.089336Z","level":"info","event":"Rows affected: 1","logger":"airflow.task.hooks.airflow.providers.snowflake.hooks.snowflake.SnowflakeHook","filename":"sql.py","lineno":841}
{"timestamp":"2026-03-30T16:27:41.089582Z","level":"info","event":"Rows affected: 1","logger":"airflow.task.hooks.airflow.providers.snowflake.hooks.snowflake.SnowflakeHook","filename":"snowflake.py","lineno":716}
{"timestamp":"2026-03-30T16:27:41.090332Z","level":"info","event":"Snowflake query id: 01c3609b-0005-2084-0000-0001542a59d1","logger":"airflow.task.hooks.airflow.providers.snowflake.hooks.snowflake.SnowflakeHook","filename":"snowflake.py","lineno":717}
{"timestamp":"2026-03-30T16:27:41.090447Z","level":"info","event":"Running statement: USE SCHEMA DWH;, parameters: None","logger":"airflow.task.hooks.airflow.providers.snowflake.hooks.snowflake.SnowflakeHook","filename":"snowflake.py","lineno":703}
{"timestamp":"2026-03-30T16:27:41.090506Z","level":"info","event":"Running statement: USE SCHEMA DWH;, parameters: None","logger":"airflow.task.hooks.airflow.providers.snowflake.hooks.snowflake.SnowflakeHook","filename":"sql.py","lineno":829}
{"timestamp":"2026-03-30T16:27:41.271112Z","level":"info","event":"Rows affected: 1","logger":"airflow.task.hooks.airflow.providers.snowflake.hooks.snowflake.SnowflakeHook","filename":"sql.py","lineno":841}
{"timestamp":"2026-03-30T16:27:41.271761Z","level":"info","event":"Rows affected: 1","logger":"airflow.task.hooks.airflow.providers.snowflake.hooks.snowflake.SnowflakeHook","filename":"snowflake.py","lineno":716}
{"timestamp":"2026-03-30T16:27:41.272310Z","level":"info","event":"Snowflake query id: 01c3609b-0005-2092-0000-0001542ad20d","logger":"airflow.task.hooks.airflow.providers.snowflake.hooks.snowflake.SnowflakeHook","filename":"snowflake.py","lineno":717}
{"timestamp":"2026-03-30T16:27:41.272666Z","level":"info","event":"Running statement: INSERT INTO DWH.DIM_PASSENGER\n  (PASSENGER_ID, FIRST_NAME, LAST_NAME, GENDER, AGE, NATIONALITY)\nSELECT DISTINCT\n  PASSENGER_ID, FIRST_NAME, LAST_NAME, GENDER, AGE, NATIONALITY\nFROM CLEAN.TRAVEL_CLEAN;, parameters: None","logger":"airflow.task.hooks.airflow.providers.snowflake.hooks.snowflake.SnowflakeHook","filename":"snowflake.py","lineno":703}
{"timestamp":"2026-03-30T16:27:41.272839Z","level":"info","event":"Running statement: INSERT INTO DWH.DIM_PASSENGER\n  (PASSENGER_ID, FIRST_NAME, LAST_NAME, GENDER, AGE, NATIONALITY)\nSELECT DISTINCT\n  PASSENGER_ID, FIRST_NAME, LAST_NAME, GENDER, AGE, NATIONALITY\nFROM CLEAN.TRAVEL_CLEAN;, parameters: None","logger":"airflow.task.hooks.airflow.providers.snowflake.hooks.snowflake.SnowflakeHook","filename":"sql.py","lineno":829}
{"timestamp":"2026-03-30T16:27:41.743509Z","level":"info","event":"Rows affected: 0","logger":"airflow.task.hooks.airflow.providers.snowflake.hooks.snowflake.SnowflakeHook","filename":"sql.py","lineno":841}
{"timestamp":"2026-03-30T16:27:41.743704Z","level":"info","event":"Rows affected: 0","logger":"airflow.task.hooks.airflow.providers.snowflake.hooks.snowflake.SnowflakeHook","filename":"snowflake.py","lineno":716}
{"timestamp":"2026-03-30T16:27:41.743804Z","level":"info","event":"Snowflake query id: 01c3609b-0005-20b0-0000-0001542aca55","logger":"airflow.task.hooks.airflow.providers.snowflake.hooks.snowflake.SnowflakeHook","filename":"snowflake.py","lineno":717}
{"timestamp":"2026-03-30T16:27:41.743889Z","level":"info","event":"Running statement: INSERT INTO DWH.DIM_AIRPORT\n  (AIRPORT_NAME, AIRPORT_COUNTRY_CODE, COUNTRY_NAME, AIRPORT_CONTINENT, CONTINENTS)\nSELECT DISTINCT\n  AIRPORT_NAME, AIRPORT_COUNTRY_CODE, COUNTRY_NAME, AIRPORT_CONTINENT, CONTINENTS\nFROM CLEAN.TRAVEL_CLEAN;, parameters: None","logger":"airflow.task.hooks.airflow.providers.snowflake.hooks.snowflake.SnowflakeHook","filename":"snowflake.py","lineno":703}
{"timestamp":"2026-03-30T16:27:41.743942Z","level":"info","event":"Running statement: INSERT INTO DWH.DIM_AIRPORT\n  (AIRPORT_NAME, AIRPORT_COUNTRY_CODE, COUNTRY_NAME, AIRPORT_CONTINENT, CONTINENTS)\nSELECT DISTINCT\n  AIRPORT_NAME, AIRPORT_COUNTRY_CODE, COUNTRY_NAME, AIRPORT_CONTINENT, CONTINENTS\nFROM CLEAN.TRAVEL_CLEAN;, parameters: None","logger":"airflow.task.hooks.airflow.providers.snowflake.hooks.snowflake.SnowflakeHook","filename":"sql.py","lineno":829}
{"timestamp":"2026-03-30T16:27:42.197772Z","level":"info","event":"Rows affected: 0","logger":"airflow.task.hooks.airflow.providers.snowflake.hooks.snowflake.SnowflakeHook","filename":"sql.py","lineno":841}
{"timestamp":"2026-03-30T16:27:42.197950Z","level":"info","event":"Rows affected: 0","logger":"airflow.task.hooks.airflow.providers.snowflake.hooks.snowflake.SnowflakeHook","filename":"snowflake.py","lineno":716}
{"timestamp":"2026-03-30T16:27:42.198028Z","level":"info","event":"Snowflake query id: 01c3609b-0005-2084-0000-0001542a59d5","logger":"airflow.task.hooks.airflow.providers.snowflake.hooks.snowflake.SnowflakeHook","filename":"snowflake.py","lineno":717}
{"timestamp":"2026-03-30T16:27:42.198085Z","level":"info","event":"Running statement: INSERT INTO DWH.DIM_PILOT (PILOT_NAME)\nSELECT DISTINCT PILOT_NAME\nFROM CLEAN.TRAVEL_CLEAN;, parameters: None","logger":"airflow.task.hooks.airflow.providers.snowflake.hooks.snowflake.SnowflakeHook","filename":"snowflake.py","lineno":703}
{"timestamp":"2026-03-30T16:27:42.198138Z","level":"info","event":"Running statement: INSERT INTO DWH.DIM_PILOT (PILOT_NAME)\nSELECT DISTINCT PILOT_NAME\nFROM CLEAN.TRAVEL_CLEAN;, parameters: None","logger":"airflow.task.hooks.airflow.providers.snowflake.hooks.snowflake.SnowflakeHook","filename":"sql.py","lineno":829}
{"timestamp":"2026-03-30T16:27:42.678139Z","level":"info","event":"Rows affected: 0","logger":"airflow.task.hooks.airflow.providers.snowflake.hooks.snowflake.SnowflakeHook","filename":"sql.py","lineno":841}
{"timestamp":"2026-03-30T16:27:42.678372Z","level":"info","event":"Rows affected: 0","logger":"airflow.task.hooks.airflow.providers.snowflake.hooks.snowflake.SnowflakeHook","filename":"snowflake.py","lineno":716}
{"timestamp":"2026-03-30T16:27:42.678463Z","level":"info","event":"Snowflake query id: 01c3609b-0005-2092-0000-0001542ad211","logger":"airflow.task.hooks.airflow.providers.snowflake.hooks.snowflake.SnowflakeHook","filename":"snowflake.py","lineno":717}
{"timestamp":"2026-03-30T16:27:42.678520Z","level":"info","event":"Running statement: INSERT INTO DWH.DIM_TICKET_TYPE (TICKET_TYPE)\nSELECT DISTINCT TICKET_TYPE\nFROM CLEAN.TRAVEL_CLEAN;, parameters: None","logger":"airflow.task.hooks.airflow.providers.snowflake.hooks.snowflake.SnowflakeHook","filename":"snowflake.py","lineno":703}
{"timestamp":"2026-03-30T16:27:42.678621Z","level":"info","event":"Running statement: INSERT INTO DWH.DIM_TICKET_TYPE (TICKET_TYPE)\nSELECT DISTINCT TICKET_TYPE\nFROM CLEAN.TRAVEL_CLEAN;, parameters: None","logger":"airflow.task.hooks.airflow.providers.snowflake.hooks.snowflake.SnowflakeHook","filename":"sql.py","lineno":829}
{"timestamp":"2026-03-30T16:27:43.000177Z","level":"info","event":"Rows affected: 0","logger":"airflow.task.hooks.airflow.providers.snowflake.hooks.snowflake.SnowflakeHook","filename":"sql.py","lineno":841}
{"timestamp":"2026-03-30T16:27:43.000368Z","level":"info","event":"Rows affected: 0","logger":"airflow.task.hooks.airflow.providers.snowflake.hooks.snowflake.SnowflakeHook","filename":"snowflake.py","lineno":716}
{"timestamp":"2026-03-30T16:27:43.000458Z","level":"info","event":"Snowflake query id: 01c3609b-0005-20b0-0000-0001542aca59","logger":"airflow.task.hooks.airflow.providers.snowflake.hooks.snowflake.SnowflakeHook","filename":"snowflake.py","lineno":717}
{"timestamp":"2026-03-30T16:27:43.000517Z","level":"info","event":"Running statement: INSERT INTO DWH.DIM_STATUS (FLIGHT_STATUS, PASSENGER_STATUS)\nSELECT DISTINCT FLIGHT_STATUS, PASSENGER_STATUS\nFROM CLEAN.TRAVEL_CLEAN;, parameters: None","logger":"airflow.task.hooks.airflow.providers.snowflake.hooks.snowflake.SnowflakeHook","filename":"snowflake.py","lineno":703}
{"timestamp":"2026-03-30T16:27:43.000614Z","level":"info","event":"Running statement: INSERT INTO DWH.DIM_STATUS (FLIGHT_STATUS, PASSENGER_STATUS)\nSELECT DISTINCT FLIGHT_STATUS, PASSENGER_STATUS\nFROM CLEAN.TRAVEL_CLEAN;, parameters: None","logger":"airflow.task.hooks.airflow.providers.snowflake.hooks.snowflake.SnowflakeHook","filename":"sql.py","lineno":829}
{"timestamp":"2026-03-30T16:27:43.479988Z","level":"info","event":"Rows affected: 0","logger":"airflow.task.hooks.airflow.providers.snowflake.hooks.snowflake.SnowflakeHook","filename":"sql.py","lineno":841}
{"timestamp":"2026-03-30T16:27:43.480253Z","level":"info","event":"Rows affected: 0","logger":"airflow.task.hooks.airflow.providers.snowflake.hooks.snowflake.SnowflakeHook","filename":"snowflake.py","lineno":716}
{"timestamp":"2026-03-30T16:27:43.480339Z","level":"info","event":"Snowflake query id: 01c3609b-0005-20a9-0000-0001542a3531","logger":"airflow.task.hooks.airflow.providers.snowflake.hooks.snowflake.SnowflakeHook","filename":"snowflake.py","lineno":717}
{"timestamp":"2026-03-30T16:27:43.480409Z","level":"info","event":"Running statement: INSERT INTO DWH.DIM_ARRIVAL_AIRPORT (ARRIVAL_AIRPORT)\nSELECT DISTINCT ARRIVAL_AIRPORT\nFROM CLEAN.TRAVEL_CLEAN;, parameters: None","logger":"airflow.task.hooks.airflow.providers.snowflake.hooks.snowflake.SnowflakeHook","filename":"snowflake.py","lineno":703}
{"timestamp":"2026-03-30T16:27:43.480475Z","level":"info","event":"Running statement: INSERT INTO DWH.DIM_ARRIVAL_AIRPORT (ARRIVAL_AIRPORT)\nSELECT DISTINCT ARRIVAL_AIRPORT\nFROM CLEAN.TRAVEL_CLEAN;, parameters: None","logger":"airflow.task.hooks.airflow.providers.snowflake.hooks.snowflake.SnowflakeHook","filename":"sql.py","lineno":829}
{"timestamp":"2026-03-30T16:27:43.958043Z","level":"info","event":"Rows affected: 0","logger":"airflow.task.hooks.airflow.providers.snowflake.hooks.snowflake.SnowflakeHook","filename":"sql.py","lineno":841}
{"timestamp":"2026-03-30T16:27:43.958249Z","level":"info","event":"Rows affected: 0","logger":"airflow.task.hooks.airflow.providers.snowflake.hooks.snowflake.SnowflakeHook","filename":"snowflake.py","lineno":716}
{"timestamp":"2026-03-30T16:27:43.958325Z","level":"info","event":"Snowflake query id: 01c3609b-0005-2084-0000-0001542a59d9","logger":"airflow.task.hooks.airflow.providers.snowflake.hooks.snowflake.SnowflakeHook","filename":"snowflake.py","lineno":717}
{"timestamp":"2026-03-30T16:27:43.958382Z","level":"info","event":"Running statement: INSERT INTO DWH.DIM_DATE (FULL_DATE, YEAR, MONTH, DAY)\nSELECT DISTINCT\n  DEPARTURE_DATE,\n  YEAR(DEPARTURE_DATE),\n  MONTH(DEPARTURE_DATE),\n  DAY(DEPARTURE_DATE)\nFROM CLEAN.TRAVEL_CLEAN\nWHERE DEPARTURE_DATE IS NOT NULL;, parameters: None","logger":"airflow.task.hooks.airflow.providers.snowflake.hooks.snowflake.SnowflakeHook","filename":"snowflake.py","lineno":703}
{"timestamp":"2026-03-30T16:27:43.958434Z","level":"info","event":"Running statement: INSERT INTO DWH.DIM_DATE (FULL_DATE, YEAR, MONTH, DAY)\nSELECT DISTINCT\n  DEPARTURE_DATE,\n  YEAR(DEPARTURE_DATE),\n  MONTH(DEPARTURE_DATE),\n  DAY(DEPARTURE_DATE)\nFROM CLEAN.TRAVEL_CLEAN\nWHERE DEPARTURE_DATE IS NOT NULL;, parameters: None","logger":"airflow.task.hooks.airflow.providers.snowflake.hooks.snowflake.SnowflakeHook","filename":"sql.py","lineno":829}
{"timestamp":"2026-03-30T16:27:44.277026Z","level":"info","event":"Rows affected: 0","logger":"airflow.task.hooks.airflow.providers.snowflake.hooks.snowflake.SnowflakeHook","filename":"sql.py","lineno":841}
{"timestamp":"2026-03-30T16:27:44.277204Z","level":"info","event":"Rows affected: 0","logger":"airflow.task.hooks.airflow.providers.snowflake.hooks.snowflake.SnowflakeHook","filename":"snowflake.py","lineno":716}
{"timestamp":"2026-03-30T16:27:44.277283Z","level":"info","event":"Snowflake query id: 01c3609b-0005-20b0-0000-0001542aca5d","logger":"airflow.task.hooks.airflow.providers.snowflake.hooks.snowflake.SnowflakeHook","filename":"snowflake.py","lineno":717}
{"timestamp":"2026-03-30T16:27:44.597792Z","level":"info","event":"Executed: 05_Load_Dimensions.sql","logger":"airflow.task","filename":"snowflake_setup_dag.py","lineno":36}
{"timestamp":"2026-03-30T16:27:44.598091Z","level":"info","event":"Done. Returned value was: None","logger":"airflow.task.operators.airflow.providers.standard.decorators.python._PythonDecoratedOperator","filename":"python.py","lineno":230}
