{"timestamp":"2026-03-30T16:21:01.521900Z","level":"info","event":"DAG bundles loaded: dags-folder","logger":"airflow.dag_processing.bundles.manager.DagBundlesManager","filename":"manager.py","lineno":179}
{"timestamp":"2026-03-30T16:21:01.526263Z","level":"info","event":"Filling up the DagBag from /opt/airflow/dags/set_up_database/snowflake_setup_dag.py","logger":"airflow.models.dagbag.BundleDagBag","filename":"dagbag.py","lineno":593}
{"timestamp":"2026-03-30T16:21:02.532183Z","level":"warning","event":"The `airflow.decorators.dag` attribute is deprecated. Please use `'airflow.sdk.dag'`.","category":"DeprecatedImportWarning","filename":"/opt/airflow/dags/set_up_database/snowflake_setup_dag.py","lineno":4,"logger":"py.warnings"}
{"timestamp":"2026-03-30T16:21:02.532387Z","level":"warning","event":"The `airflow.decorators.task` attribute is deprecated. Please use `'airflow.sdk.task'`.","category":"DeprecatedImportWarning","filename":"/opt/airflow/dags/set_up_database/snowflake_setup_dag.py","lineno":4,"logger":"py.warnings"}
{"timestamp":"2026-03-30T16:21:02.532501Z","level":"warning","event":"The `airflow.models.param.Param` attribute is deprecated. Please use `'airflow.sdk.Param'`.","category":"DeprecatedImportWarning","filename":"/opt/airflow/dags/set_up_database/snowflake_setup_dag.py","lineno":6,"logger":"py.warnings"}
{"timestamp":"2026-03-30T16:21:02.584754Z","level":"info","event":"Snowflake Connector for Python Version: 4.0.0, Python Version: 3.12.12, Platform: Linux-6.6.87.2-microsoft-standard-WSL2-x86_64-with-glibc2.36","logger":"snowflake.connector.connection","filename":"connection.py","lineno":586}
{"timestamp":"2026-03-30T16:21:02.585664Z","level":"info","event":"Connecting to GLOBAL Snowflake domain","logger":"snowflake.connector.connection","filename":"connection.py","lineno":1629}
{"timestamp":"2026-03-30T16:21:05.757446Z","level":"info","event":"Running statement: USE DATABASE AIRLINE_DWH;, parameters: None","logger":"airflow.task.hooks.airflow.providers.snowflake.hooks.snowflake.SnowflakeHook","filename":"snowflake.py","lineno":703}
{"timestamp":"2026-03-30T16:21:05.757683Z","level":"info","event":"Running statement: USE DATABASE AIRLINE_DWH;, parameters: None","logger":"airflow.task.hooks.airflow.providers.snowflake.hooks.snowflake.SnowflakeHook","filename":"sql.py","lineno":829}
{"timestamp":"2026-03-30T16:21:05.966399Z","level":"info","event":"Rows affected: 1","logger":"airflow.task.hooks.airflow.providers.snowflake.hooks.snowflake.SnowflakeHook","filename":"sql.py","lineno":841}
{"timestamp":"2026-03-30T16:21:05.966625Z","level":"info","event":"Rows affected: 1","logger":"airflow.task.hooks.airflow.providers.snowflake.hooks.snowflake.SnowflakeHook","filename":"snowflake.py","lineno":716}
{"timestamp":"2026-03-30T16:21:05.967333Z","level":"info","event":"Snowflake query id: 01c36095-0005-2092-0000-0001542ad0c9","logger":"airflow.task.hooks.airflow.providers.snowflake.hooks.snowflake.SnowflakeHook","filename":"snowflake.py","lineno":717}
{"timestamp":"2026-03-30T16:21:05.967500Z","level":"info","event":"Running statement: USE SCHEMA DWH;, parameters: None","logger":"airflow.task.hooks.airflow.providers.snowflake.hooks.snowflake.SnowflakeHook","filename":"snowflake.py","lineno":703}
{"timestamp":"2026-03-30T16:21:05.967580Z","level":"info","event":"Running statement: USE SCHEMA DWH;, parameters: None","logger":"airflow.task.hooks.airflow.providers.snowflake.hooks.snowflake.SnowflakeHook","filename":"sql.py","lineno":829}
{"timestamp":"2026-03-30T16:21:06.175298Z","level":"info","event":"Rows affected: 1","logger":"airflow.task.hooks.airflow.providers.snowflake.hooks.snowflake.SnowflakeHook","filename":"sql.py","lineno":841}
{"timestamp":"2026-03-30T16:21:06.175518Z","level":"info","event":"Rows affected: 1","logger":"airflow.task.hooks.airflow.providers.snowflake.hooks.snowflake.SnowflakeHook","filename":"snowflake.py","lineno":716}
{"timestamp":"2026-03-30T16:21:06.175626Z","level":"info","event":"Snowflake query id: 01c36095-0005-20b0-0000-0001542ac8ed","logger":"airflow.task.hooks.airflow.providers.snowflake.hooks.snowflake.SnowflakeHook","filename":"snowflake.py","lineno":717}
{"timestamp":"2026-03-30T16:21:06.175730Z","level":"info","event":"Running statement: CREATE OR REPLACE TABLE DWH.FACT_TRAVEL (\n  TRAVEL_FACT_KEY        NUMBER AUTOINCREMENT,\n  ROW_ID                 VARCHAR,\n  PASSENGER_KEY          NUMBER,\n  AIRPORT_KEY            NUMBER,\n  ARRIVAL_AIRPORT_KEY    NUMBER,\n  PILOT_KEY              NUMBER,\n  TICKET_TYPE_KEY        NUMBER,\n  STATUS_KEY             NUMBER,\n  DEPARTURE_DATE_KEY     NUMBER\n);, parameters: None","logger":"airflow.task.hooks.airflow.providers.snowflake.hooks.snowflake.SnowflakeHook","filename":"snowflake.py","lineno":703}
{"timestamp":"2026-03-30T16:21:06.175802Z","level":"info","event":"Running statement: CREATE OR REPLACE TABLE DWH.FACT_TRAVEL (\n  TRAVEL_FACT_KEY        NUMBER AUTOINCREMENT,\n  ROW_ID                 VARCHAR,\n  PASSENGER_KEY          NUMBER,\n  AIRPORT_KEY            NUMBER,\n  ARRIVAL_AIRPORT_KEY    NUMBER,\n  PILOT_KEY              NUMBER,\n  TICKET_TYPE_KEY        NUMBER,\n  STATUS_KEY             NUMBER,\n  DEPARTURE_DATE_KEY     NUMBER\n);, parameters: None","logger":"airflow.task.hooks.airflow.providers.snowflake.hooks.snowflake.SnowflakeHook","filename":"sql.py","lineno":829}
{"timestamp":"2026-03-30T16:21:06.782933Z","level":"info","event":"Rows affected: 1","logger":"airflow.task.hooks.airflow.providers.snowflake.hooks.snowflake.SnowflakeHook","filename":"sql.py","lineno":841}
{"timestamp":"2026-03-30T16:21:06.783189Z","level":"info","event":"Rows affected: 1","logger":"airflow.task.hooks.airflow.providers.snowflake.hooks.snowflake.SnowflakeHook","filename":"snowflake.py","lineno":716}
{"timestamp":"2026-03-30T16:21:06.783291Z","level":"info","event":"Snowflake query id: 01c36095-0005-20a9-0000-0001542a33a9","logger":"airflow.task.hooks.airflow.providers.snowflake.hooks.snowflake.SnowflakeHook","filename":"snowflake.py","lineno":717}
{"timestamp":"2026-03-30T16:21:07.192657Z","level":"info","event":"Executed: 03_Create_Fact_Table.sql","logger":"airflow.task","filename":"snowflake_setup_dag.py","lineno":36}
{"timestamp":"2026-03-30T16:21:07.192940Z","level":"info","event":"Done. Returned value was: None","logger":"airflow.task.operators.airflow.providers.standard.decorators.python._PythonDecoratedOperator","filename":"python.py","lineno":230}
