{"timestamp":"2026-03-30T16:20:48.258651Z","level":"info","event":"DAG bundles loaded: dags-folder","logger":"airflow.dag_processing.bundles.manager.DagBundlesManager","filename":"manager.py","lineno":179}
{"timestamp":"2026-03-30T16:20:48.264393Z","level":"info","event":"Filling up the DagBag from /opt/airflow/dags/set_up_database/snowflake_setup_dag.py","logger":"airflow.models.dagbag.BundleDagBag","filename":"dagbag.py","lineno":593}
{"timestamp":"2026-03-30T16:20:49.301222Z","level":"warning","event":"The `airflow.decorators.dag` attribute is deprecated. Please use `'airflow.sdk.dag'`.","category":"DeprecatedImportWarning","filename":"/opt/airflow/dags/set_up_database/snowflake_setup_dag.py","lineno":4,"logger":"py.warnings"}
{"timestamp":"2026-03-30T16:20:49.301462Z","level":"warning","event":"The `airflow.decorators.task` attribute is deprecated. Please use `'airflow.sdk.task'`.","category":"DeprecatedImportWarning","filename":"/opt/airflow/dags/set_up_database/snowflake_setup_dag.py","lineno":4,"logger":"py.warnings"}
{"timestamp":"2026-03-30T16:20:49.301582Z","level":"warning","event":"The `airflow.models.param.Param` attribute is deprecated. Please use `'airflow.sdk.Param'`.","category":"DeprecatedImportWarning","filename":"/opt/airflow/dags/set_up_database/snowflake_setup_dag.py","lineno":6,"logger":"py.warnings"}
{"timestamp":"2026-03-30T16:20:49.372984Z","level":"info","event":"Snowflake Connector for Python Version: 4.0.0, Python Version: 3.12.12, Platform: Linux-6.6.87.2-microsoft-standard-WSL2-x86_64-with-glibc2.36","logger":"snowflake.connector.connection","filename":"connection.py","lineno":586}
{"timestamp":"2026-03-30T16:20:49.373669Z","level":"info","event":"Connecting to GLOBAL Snowflake domain","logger":"snowflake.connector.connection","filename":"connection.py","lineno":1629}
{"timestamp":"2026-03-30T16:20:55.334699Z","level":"info","event":"Running statement: USE DATABASE AIRLINE_DWH;, parameters: None","logger":"airflow.task.hooks.airflow.providers.snowflake.hooks.snowflake.SnowflakeHook","filename":"snowflake.py","lineno":703}
{"timestamp":"2026-03-30T16:20:55.334909Z","level":"info","event":"Running statement: USE DATABASE AIRLINE_DWH;, parameters: None","logger":"airflow.task.hooks.airflow.providers.snowflake.hooks.snowflake.SnowflakeHook","filename":"sql.py","lineno":829}
{"timestamp":"2026-03-30T16:20:55.514103Z","level":"info","event":"Rows affected: 1","logger":"airflow.task.hooks.airflow.providers.snowflake.hooks.snowflake.SnowflakeHook","filename":"sql.py","lineno":841}
{"timestamp":"2026-03-30T16:20:55.514353Z","level":"info","event":"Rows affected: 1","logger":"airflow.task.hooks.airflow.providers.snowflake.hooks.snowflake.SnowflakeHook","filename":"snowflake.py","lineno":716}
{"timestamp":"2026-03-30T16:20:55.515282Z","level":"info","event":"Snowflake query id: 01c36094-0005-20b0-0000-0001542ac8e1","logger":"airflow.task.hooks.airflow.providers.snowflake.hooks.snowflake.SnowflakeHook","filename":"snowflake.py","lineno":717}
{"timestamp":"2026-03-30T16:20:55.515443Z","level":"info","event":"Running statement: USE SCHEMA DWH;, parameters: None","logger":"airflow.task.hooks.airflow.providers.snowflake.hooks.snowflake.SnowflakeHook","filename":"snowflake.py","lineno":703}
{"timestamp":"2026-03-30T16:20:55.515569Z","level":"info","event":"Running statement: USE SCHEMA DWH;, parameters: None","logger":"airflow.task.hooks.airflow.providers.snowflake.hooks.snowflake.SnowflakeHook","filename":"sql.py","lineno":829}
{"timestamp":"2026-03-30T16:20:55.703345Z","level":"info","event":"Rows affected: 1","logger":"airflow.task.hooks.airflow.providers.snowflake.hooks.snowflake.SnowflakeHook","filename":"sql.py","lineno":841}
{"timestamp":"2026-03-30T16:20:55.703603Z","level":"info","event":"Rows affected: 1","logger":"airflow.task.hooks.airflow.providers.snowflake.hooks.snowflake.SnowflakeHook","filename":"snowflake.py","lineno":716}
{"timestamp":"2026-03-30T16:20:55.703700Z","level":"info","event":"Snowflake query id: 01c36094-0005-2092-0000-0001542ad0c1","logger":"airflow.task.hooks.airflow.providers.snowflake.hooks.snowflake.SnowflakeHook","filename":"snowflake.py","lineno":717}
{"timestamp":"2026-03-30T16:20:55.703762Z","level":"info","event":"Running statement: CREATE OR REPLACE TABLE DWH.DIM_DATE (\n  DATE_KEY        NUMBER AUTOINCREMENT,\n  FULL_DATE       DATE,\n  YEAR            NUMBER,\n  MONTH           NUMBER,\n  DAY             NUMBER\n);, parameters: None","logger":"airflow.task.hooks.airflow.providers.snowflake.hooks.snowflake.SnowflakeHook","filename":"snowflake.py","lineno":703}
{"timestamp":"2026-03-30T16:20:55.703819Z","level":"info","event":"Running statement: CREATE OR REPLACE TABLE DWH.DIM_DATE (\n  DATE_KEY        NUMBER AUTOINCREMENT,\n  FULL_DATE       DATE,\n  YEAR            NUMBER,\n  MONTH           NUMBER,\n  DAY             NUMBER\n);, parameters: None","logger":"airflow.task.hooks.airflow.providers.snowflake.hooks.snowflake.SnowflakeHook","filename":"sql.py","lineno":829}
{"timestamp":"2026-03-30T16:20:56.136947Z","level":"info","event":"Rows affected: 1","logger":"airflow.task.hooks.airflow.providers.snowflake.hooks.snowflake.SnowflakeHook","filename":"sql.py","lineno":841}
{"timestamp":"2026-03-30T16:20:56.137110Z","level":"info","event":"Rows affected: 1","logger":"airflow.task.hooks.airflow.providers.snowflake.hooks.snowflake.SnowflakeHook","filename":"snowflake.py","lineno":716}
{"timestamp":"2026-03-30T16:20:56.137187Z","level":"info","event":"Snowflake query id: 01c36094-0005-2092-0000-0001542ad0c5","logger":"airflow.task.hooks.airflow.providers.snowflake.hooks.snowflake.SnowflakeHook","filename":"snowflake.py","lineno":717}
{"timestamp":"2026-03-30T16:20:56.137243Z","level":"info","event":"Running statement: CREATE OR REPLACE TABLE DWH.DIM_PASSENGER (\n  PASSENGER_KEY   NUMBER AUTOINCREMENT,\n  PASSENGER_ID    VARCHAR,\n  FIRST_NAME      VARCHAR,\n  LAST_NAME       VARCHAR,\n  GENDER          VARCHAR,\n  AGE             VARCHAR,\n  NATIONALITY     VARCHAR\n);, parameters: None","logger":"airflow.task.hooks.airflow.providers.snowflake.hooks.snowflake.SnowflakeHook","filename":"snowflake.py","lineno":703}
{"timestamp":"2026-03-30T16:20:56.137320Z","level":"info","event":"Running statement: CREATE OR REPLACE TABLE DWH.DIM_PASSENGER (\n  PASSENGER_KEY   NUMBER AUTOINCREMENT,\n  PASSENGER_ID    VARCHAR,\n  FIRST_NAME      VARCHAR,\n  LAST_NAME       VARCHAR,\n  GENDER          VARCHAR,\n  AGE             VARCHAR,\n  NATIONALITY     VARCHAR\n);, parameters: None","logger":"airflow.task.hooks.airflow.providers.snowflake.hooks.snowflake.SnowflakeHook","filename":"sql.py","lineno":829}
{"timestamp":"2026-03-30T16:20:56.776934Z","level":"info","event":"Rows affected: 1","logger":"airflow.task.hooks.airflow.providers.snowflake.hooks.snowflake.SnowflakeHook","filename":"sql.py","lineno":841}
{"timestamp":"2026-03-30T16:20:56.777158Z","level":"info","event":"Rows affected: 1","logger":"airflow.task.hooks.airflow.providers.snowflake.hooks.snowflake.SnowflakeHook","filename":"snowflake.py","lineno":716}
{"timestamp":"2026-03-30T16:20:56.777295Z","level":"info","event":"Snowflake query id: 01c36095-0005-2084-0000-0001542a586d","logger":"airflow.task.hooks.airflow.providers.snowflake.hooks.snowflake.SnowflakeHook","filename":"snowflake.py","lineno":717}
{"timestamp":"2026-03-30T16:20:56.777377Z","level":"info","event":"Running statement: CREATE OR REPLACE TABLE DWH.DIM_AIRPORT (\n  AIRPORT_KEY           NUMBER AUTOINCREMENT,\n  AIRPORT_NAME          VARCHAR,\n  AIRPORT_COUNTRY_CODE  VARCHAR,\n  COUNTRY_NAME          VARCHAR,\n  AIRPORT_CONTINENT     VARCHAR,\n  CONTINENTS            VARCHAR\n);, parameters: None","logger":"airflow.task.hooks.airflow.providers.snowflake.hooks.snowflake.SnowflakeHook","filename":"snowflake.py","lineno":703}
{"timestamp":"2026-03-30T16:20:56.777447Z","level":"info","event":"Running statement: CREATE OR REPLACE TABLE DWH.DIM_AIRPORT (\n  AIRPORT_KEY           NUMBER AUTOINCREMENT,\n  AIRPORT_NAME          VARCHAR,\n  AIRPORT_COUNTRY_CODE  VARCHAR,\n  COUNTRY_NAME          VARCHAR,\n  AIRPORT_CONTINENT     VARCHAR,\n  CONTINENTS            VARCHAR\n);, parameters: None","logger":"airflow.task.hooks.airflow.providers.snowflake.hooks.snowflake.SnowflakeHook","filename":"sql.py","lineno":829}
{"timestamp":"2026-03-30T16:20:57.260398Z","level":"info","event":"Rows affected: 1","logger":"airflow.task.hooks.airflow.providers.snowflake.hooks.snowflake.SnowflakeHook","filename":"sql.py","lineno":841}
{"timestamp":"2026-03-30T16:20:57.260641Z","level":"info","event":"Rows affected: 1","logger":"airflow.task.hooks.airflow.providers.snowflake.hooks.snowflake.SnowflakeHook","filename":"snowflake.py","lineno":716}
{"timestamp":"2026-03-30T16:20:57.260730Z","level":"info","event":"Snowflake query id: 01c36095-0005-20a9-0000-0001542a3399","logger":"airflow.task.hooks.airflow.providers.snowflake.hooks.snowflake.SnowflakeHook","filename":"snowflake.py","lineno":717}
{"timestamp":"2026-03-30T16:20:57.260827Z","level":"info","event":"Running statement: CREATE OR REPLACE TABLE DWH.DIM_ARRIVAL_AIRPORT (\n  ARRIVAL_AIRPORT_KEY   NUMBER AUTOINCREMENT,\n  ARRIVAL_AIRPORT       VARCHAR\n);, parameters: None","logger":"airflow.task.hooks.airflow.providers.snowflake.hooks.snowflake.SnowflakeHook","filename":"snowflake.py","lineno":703}
{"timestamp":"2026-03-30T16:20:57.260920Z","level":"info","event":"Running statement: CREATE OR REPLACE TABLE DWH.DIM_ARRIVAL_AIRPORT (\n  ARRIVAL_AIRPORT_KEY   NUMBER AUTOINCREMENT,\n  ARRIVAL_AIRPORT       VARCHAR\n);, parameters: None","logger":"airflow.task.hooks.airflow.providers.snowflake.hooks.snowflake.SnowflakeHook","filename":"sql.py","lineno":829}
{"timestamp":"2026-03-30T16:20:57.734162Z","level":"info","event":"Rows affected: 1","logger":"airflow.task.hooks.airflow.providers.snowflake.hooks.snowflake.SnowflakeHook","filename":"sql.py","lineno":841}
{"timestamp":"2026-03-30T16:20:57.734358Z","level":"info","event":"Rows affected: 1","logger":"airflow.task.hooks.airflow.providers.snowflake.hooks.snowflake.SnowflakeHook","filename":"snowflake.py","lineno":716}
{"timestamp":"2026-03-30T16:20:57.734483Z","level":"info","event":"Snowflake query id: 01c36095-0005-20b0-0000-0001542ac8e5","logger":"airflow.task.hooks.airflow.providers.snowflake.hooks.snowflake.SnowflakeHook","filename":"snowflake.py","lineno":717}
{"timestamp":"2026-03-30T16:20:57.734572Z","level":"info","event":"Running statement: CREATE OR REPLACE TABLE DWH.DIM_PILOT (\n  PILOT_KEY       NUMBER AUTOINCREMENT,\n  PILOT_NAME      VARCHAR\n);, parameters: None","logger":"airflow.task.hooks.airflow.providers.snowflake.hooks.snowflake.SnowflakeHook","filename":"snowflake.py","lineno":703}
{"timestamp":"2026-03-30T16:20:57.734625Z","level":"info","event":"Running statement: CREATE OR REPLACE TABLE DWH.DIM_PILOT (\n  PILOT_KEY       NUMBER AUTOINCREMENT,\n  PILOT_NAME      VARCHAR\n);, parameters: None","logger":"airflow.task.hooks.airflow.providers.snowflake.hooks.snowflake.SnowflakeHook","filename":"sql.py","lineno":829}
{"timestamp":"2026-03-30T16:20:58.214404Z","level":"info","event":"Rows affected: 1","logger":"airflow.task.hooks.airflow.providers.snowflake.hooks.snowflake.SnowflakeHook","filename":"sql.py","lineno":841}
{"timestamp":"2026-03-30T16:20:58.214590Z","level":"info","event":"Rows affected: 1","logger":"airflow.task.hooks.airflow.providers.snowflake.hooks.snowflake.SnowflakeHook","filename":"snowflake.py","lineno":716}
{"timestamp":"2026-03-30T16:20:58.214693Z","level":"info","event":"Snowflake query id: 01c36095-0005-20a9-0000-0001542a339d","logger":"airflow.task.hooks.airflow.providers.snowflake.hooks.snowflake.SnowflakeHook","filename":"snowflake.py","lineno":717}
{"timestamp":"2026-03-30T16:20:58.214777Z","level":"info","event":"Running statement: CREATE OR REPLACE TABLE DWH.DIM_TICKET_TYPE (\n  TICKET_TYPE_KEY NUMBER AUTOINCREMENT,\n  TICKET_TYPE     VARCHAR\n);, parameters: None","logger":"airflow.task.hooks.airflow.providers.snowflake.hooks.snowflake.SnowflakeHook","filename":"snowflake.py","lineno":703}
{"timestamp":"2026-03-30T16:20:58.214908Z","level":"info","event":"Running statement: CREATE OR REPLACE TABLE DWH.DIM_TICKET_TYPE (\n  TICKET_TYPE_KEY NUMBER AUTOINCREMENT,\n  TICKET_TYPE     VARCHAR\n);, parameters: None","logger":"airflow.task.hooks.airflow.providers.snowflake.hooks.snowflake.SnowflakeHook","filename":"sql.py","lineno":829}
{"timestamp":"2026-03-30T16:20:58.695379Z","level":"info","event":"Rows affected: 1","logger":"airflow.task.hooks.airflow.providers.snowflake.hooks.snowflake.SnowflakeHook","filename":"sql.py","lineno":841}
{"timestamp":"2026-03-30T16:20:58.695576Z","level":"info","event":"Rows affected: 1","logger":"airflow.task.hooks.airflow.providers.snowflake.hooks.snowflake.SnowflakeHook","filename":"snowflake.py","lineno":716}
{"timestamp":"2026-03-30T16:20:58.695651Z","level":"info","event":"Snowflake query id: 01c36095-0005-20b0-0000-0001542ac8e9","logger":"airflow.task.hooks.airflow.providers.snowflake.hooks.snowflake.SnowflakeHook","filename":"snowflake.py","lineno":717}
{"timestamp":"2026-03-30T16:20:58.695764Z","level":"info","event":"Running statement: CREATE OR REPLACE TABLE DWH.DIM_STATUS (\n  STATUS_KEY        NUMBER AUTOINCREMENT,\n  FLIGHT_STATUS     VARCHAR,\n  PASSENGER_STATUS  VARCHAR\n);, parameters: None","logger":"airflow.task.hooks.airflow.providers.snowflake.hooks.snowflake.SnowflakeHook","filename":"snowflake.py","lineno":703}
{"timestamp":"2026-03-30T16:20:58.695819Z","level":"info","event":"Running statement: CREATE OR REPLACE TABLE DWH.DIM_STATUS (\n  STATUS_KEY        NUMBER AUTOINCREMENT,\n  FLIGHT_STATUS     VARCHAR,\n  PASSENGER_STATUS  VARCHAR\n);, parameters: None","logger":"airflow.task.hooks.airflow.providers.snowflake.hooks.snowflake.SnowflakeHook","filename":"sql.py","lineno":829}
{"timestamp":"2026-03-30T16:20:59.179559Z","level":"info","event":"Rows affected: 1","logger":"airflow.task.hooks.airflow.providers.snowflake.hooks.snowflake.SnowflakeHook","filename":"sql.py","lineno":841}
{"timestamp":"2026-03-30T16:20:59.179756Z","level":"info","event":"Rows affected: 1","logger":"airflow.task.hooks.airflow.providers.snowflake.hooks.snowflake.SnowflakeHook","filename":"snowflake.py","lineno":716}
{"timestamp":"2026-03-30T16:20:59.179885Z","level":"info","event":"Snowflake query id: 01c36095-0005-20a9-0000-0001542a33a1","logger":"airflow.task.hooks.airflow.providers.snowflake.hooks.snowflake.SnowflakeHook","filename":"snowflake.py","lineno":717}
{"timestamp":"2026-03-30T16:21:00.305872Z","level":"info","event":"Executed: 02_Create_Dimension_Tables.sql","logger":"airflow.task","filename":"snowflake_setup_dag.py","lineno":36}
{"timestamp":"2026-03-30T16:21:00.306182Z","level":"info","event":"Done. Returned value was: None","logger":"airflow.task.operators.airflow.providers.standard.decorators.python._PythonDecoratedOperator","filename":"python.py","lineno":230}
